# MEAN_SAMPLE_SIZE = 321
# TOTAL_GENES = 3123
# TEST_DIRECTION = one-sided, positive (set), two-sided (covar)
# CONDITIONED_INTERNAL = gene size, gene density, sample size, inverse mac, log(gene size), log(gene density), log(sample size), log(inverse mac)
VARIABLE           TYPE  NGENES         BETA     BETA_STD           SE            P
R-HSA-6807505       SET      10      0.08003    0.0045221      0.32593      0.40303
R-HSA-380270        SET      10      0.18494      0.01045      0.36913       0.3082
R-HSA-201451        SET       3      0.37567      0.01164      0.77487      0.31392
R-HSA-2173795       SET       5     -0.15897   -0.0063566      0.56493      0.61079
R-HSA-139915        SET       3     -0.86189    -0.026705      0.67232      0.90002
R-HSA-6803204       SET       4     -0.76595    -0.027399      0.58066      0.90638
R-HSA-6803205       SET       2      -1.1046     -0.02795      0.82324      0.91012
R-HSA-6803207       SET       3      -1.1539    -0.035751      0.67228       0.9569
R-HSA-6803211       SET       3     -0.82338    -0.025511      0.67158      0.88986
R-HSA-6804759       SET       3      -1.3182    -0.040842      0.66897      0.97556
R-HSA-8939236       SET       8      0.33567      0.01697      0.40734      0.20499
R-HSA-1296072       SET      10     -0.43415    -0.024532      0.36904      0.88024
R-HSA-6798695       SET      71     -0.13287    -0.019808      0.14071      0.82744
R-HSA-1475029       SET       2      -1.0956    -0.027721      0.81972      0.90927
R-HSA-1257604       SET      23      0.14847     0.012696      0.24765      0.27444
R-HSA-1660499       SET       5     -0.71247     -0.02849       0.5167      0.91598
R-HSA-2219530       SET      17      0.38103      0.02804      0.28899     0.093719
R-HSA-512988        SET       2     -0.41765    -0.010567      0.82117      0.69446
R-HSA-6811558       SET      22      0.26219     0.021931      0.25744      0.15428
R-HSA-8853659       SET      11     -0.64928    -0.038472      0.34898      0.96854
R-HSA-912526        SET       4       -1.492    -0.053371       0.5811      0.99486
R-HSA-912631        SET       2    -0.034363  -0.00086945      0.82147      0.51668
R-HSA-9680350       SET       5     -0.84037    -0.033604      0.52009      0.94688
R-HSA-983695        SET       5      0.21342    0.0085339      0.52057      0.34093
R-HSA-9856530       SET      17      0.22183     0.016324      0.28305      0.21664
R-HSA-141444        SET      17     -0.55233    -0.040646      0.30306      0.96576
R-HSA-2467813       SET      21     -0.39526    -0.032308      0.26893      0.92913
R-HSA-2500257       SET      20     -0.57459    -0.045842      0.27555      0.98144
R-HSA-5663220       SET      24     -0.30479     -0.02662      0.25003      0.88853
R-HSA-606279        SET       6     -0.09044    -0.003961      0.54896      0.56542
R-HSA-6783310       SET       9      0.31101     0.016674      0.33674      0.17789
R-HSA-68877         SET      17     -0.55233    -0.040646      0.30306      0.96576
R-HSA-9648025       SET      19      -0.3607    -0.028053      0.28466      0.89739
R-HSA-9833482       SET       7    -0.011571  -0.00054727      0.46202      0.50999
R-HSA-1632852       SET       8      0.25327     0.012804      0.42298      0.27468
R-HSA-165159        SET       2     0.018631    0.0004714      0.81756      0.49091
R-HSA-166208        SET       2     0.018631    0.0004714      0.81756      0.49091
R-HSA-3371571       SET       4      0.20641    0.0073835      0.44005      0.31953
R-HSA-380972        SET       4      0.52621     0.018823      0.58008       0.1822
R-HSA-389357        SET       8     -0.10011    -0.005061      0.43159       0.5917
R-HSA-5218920       SET       6     -0.45602    -0.019972      0.47387      0.83202
R-HSA-5628897       SET      12     -0.60299    -0.037312      0.33657      0.96335
R-HSA-5674400       SET       4      -0.5624    -0.020118      0.57851      0.83447
R-HSA-6804757       SET       4     -0.99369    -0.035546      0.57786       0.9572
R-HSA-8943724       SET      10     -0.16966   -0.0095866      0.36801      0.67759
R-HSA-9639288       SET       7     -0.13002   -0.0061499      0.43968      0.61627
R-HSA-1650814       SET      19    -0.086599   -0.0067351      0.26737      0.62698
R-HSA-6809371       SET       7     -0.20124   -0.0095185       0.4415      0.67572
R-HSA-9013422       SET       7      0.54871     0.025953      0.43925      0.10584
R-HSA-983168        SET      42      0.39951     0.046026      0.17117    0.0098314
R-HSA-2132295       SET      20      0.27693     0.022094      0.25747       0.1411
R-HSA-3371497       SET       5       1.2648     0.050578      0.50038     0.005765
R-HSA-6807878       SET      15      0.61837     0.042759      0.30841     0.022525
R-HSA-6811436       SET      13      0.14946    0.0096242      0.32339        0.322
R-HSA-9013405       SET      13     -0.19382    -0.012481      0.32039      0.72737
R-HSA-9035034       SET      11   -0.0085778  -0.00050826      0.34759      0.50984
R-HSA-9662360       SET      23      0.20521     0.017548      0.23631      0.19262
R-HSA-983231        SET      21     -0.18105    -0.014799      0.25167      0.76403
R-HSA-1799339       SET       5      0.13386    0.0053528      0.42207      0.37557
R-HSA-446203        SET       2      0.16479    0.0041695      0.82299      0.42066
R-HSA-879415        SET       2        1.477     0.037371      0.82299     0.036405
R-HSA-9694548       SET      11     -0.11952    -0.007082      0.33987      0.63744
R-HSA-1169408       SET      10     -0.46774     -0.02643      0.36846      0.89781
R-HSA-375276        SET       6     0.051251    0.0022446      0.47559       0.4571
R-HSA-163125        SET      13     -0.60086    -0.038692      0.32349      0.96833
R-HSA-5689880       SET      27      0.28279     0.026184      0.22255      0.10197
R-HSA-1474228       SET      16      0.28554     0.020389      0.29266      0.16466
R-HSA-1971475       SET       6      0.72423     0.031719      0.47848     0.065115
R-HSA-2022928       SET      13      0.26464     0.017041      0.32558      0.20819
R-HSA-2024096       SET       8      0.53474     0.027034      0.40925     0.095722
R-HSA-216083        SET      20      0.33242     0.026521      0.25923     0.099917
R-HSA-3000157       SET      11     -0.18798    -0.011138      0.34929      0.70475
R-HSA-3000171       SET      13      0.15672     0.010092      0.32142      0.31294
R-HSA-3000178       SET      19     0.054948    0.0042736      0.26709      0.41851
R-HSA-3560783       SET       5      0.80832     0.032323      0.52473     0.061778
R-HSA-3560801       SET       5      0.80832     0.032323      0.52473     0.061778
R-HSA-3656237       SET       6      0.46752     0.020476      0.47843      0.16427
R-HSA-3656253       SET       6      0.46752     0.020476      0.47843      0.16427
R-HSA-4420332       SET       5      0.80832     0.032323      0.52473     0.061778
R-HSA-9694614       SET       7      0.62098     0.029371      0.44266     0.080383
R-HSA-975634        SET       9      0.42934     0.023019      0.39014      0.13561
R-HSA-977225        SET       9     0.081489     0.004369      0.40483      0.42024
R-HSA-9820960       SET       7       1.2047      0.05698      0.44235    0.0032489
R-HSA-9833110       SET      11      0.12454    0.0073791      0.35111      0.36142
R-HSA-2682334       SET       7     -0.11388   -0.0053861      0.44006      0.60209
R-HSA-373760        SET       4      0.55835     0.019973      0.58133      0.16844
R-HSA-3928662       SET       7       0.3353     0.015859      0.43956      0.22282
R-HSA-3928664       SET       5      0.55688     0.022268      0.52083      0.14253
R-HSA-3928665       SET      11   -0.0021407  -0.00012684      0.36379      0.50235
R-HSA-449836        SET       6     0.036808    0.0016121      0.47466       0.4691
R-HSA-8854691       SET       4     -0.52226    -0.018682       0.5819      0.81524
R-HSA-159236        SET      10     -0.49282    -0.027847      0.38311       0.9008
R-HSA-72163         SET      21     0.039028    0.0031901      0.26391      0.44122
R-HSA-72187         SET       7    -0.045368   -0.0021458      0.46598      0.53878
R-HSA-73856         SET       7    -0.045368   -0.0021458      0.46598      0.53878
R-HSA-9013418       SET       6       1.2764     0.055903      0.43635     0.001734
R-HSA-4411364       SET       4     -0.17757   -0.0063521      0.58046      0.62016
R-HSA-8941855       SET       2     0.093715    0.0023712      0.81936      0.45447
R-HSA-8941856       SET       2      0.64364     0.016286      0.82023      0.21634
R-HSA-8941858       SET       4      0.35951      0.01286      0.56829      0.26351
R-HSA-8949275       SET       4     -0.41889    -0.014984      0.56949      0.76897
R-HSA-8951430       SET       4     -0.17757   -0.0063521      0.58046      0.62016
R-HSA-8951671       SET       2     -0.43462    -0.010997      0.82029      0.70187
R-HSA-8951911       SET       2      0.12568      0.00318      0.78796      0.43664
R-HSA-8951936       SET       3     -0.33565      -0.0104      0.65265      0.69645
R-HSA-8952158       SET       2     0.093715    0.0023712      0.81936      0.45447
R-HSA-5693565       SET       8      0.58311     0.029479      0.41135     0.078215
R-HSA-1433557       SET      10     -0.19742    -0.011155       0.3684      0.70396
R-HSA-8849468       SET       3    -0.054663   -0.0016937      0.67153      0.53244
R-HSA-68616         SET       2       1.1668     0.029523      0.82317     0.078227
R-HSA-114604        SET       4      0.40126     0.014354      0.58188      0.24525
R-HSA-1433559       SET       4      0.74886     0.026788      0.58224     0.099239
R-HSA-164944        SET       3       1.0386      0.03218      0.67179       0.0611
R-HSA-202424        SET       6       0.5342     0.023396      0.47501      0.13042
R-HSA-202430        SET       2    0.0035735   9.0417e-05      0.73751      0.49807
R-HSA-202433        SET       4      0.42707     0.015277      0.54936      0.21849
R-HSA-210990        SET       5      0.55335     0.022127      0.52091       0.1441
R-HSA-2424491       SET       4     0.026445   0.00094599      0.58214      0.48188
R-HSA-389356        SET       3       1.0427     0.032308      0.77602     0.089575
R-HSA-389359        SET       3       1.0427     0.032308      0.77602     0.089575
R-HSA-389513        SET       7     -0.18507   -0.0087534      0.49453      0.64587
R-HSA-389948        SET       2      0.41508     0.010502      0.82303      0.30703
R-HSA-9013407       SET       8      0.25525     0.012905      0.39894      0.26117
R-HSA-9020558       SET       4     -0.73355     -0.02624      0.58188      0.89623
R-HSA-9670439       SET       3     0.086243    0.0026722       0.6724      0.44898
R-HSA-9706374       SET       3       1.9385     0.060063       0.6712    0.0019514
R-HSA-1362277       SET       2      0.10426     0.002638      0.82269      0.44958
R-HSA-1362300       SET       3     -0.15363   -0.0047599      0.67213      0.59039
R-HSA-1538133       SET       2      0.10426     0.002638      0.82269      0.44958
R-HSA-156711        SET       3     -0.15363   -0.0047599      0.67213      0.59039
R-HSA-212300        SET       3     -0.54648    -0.016932      0.67117      0.79221
R-HSA-2559580       SET      12     -0.51857    -0.032088      0.33532      0.93895
R-HSA-3214815       SET       5     -0.12294   -0.0049161      0.52123      0.59322
R-HSA-3214841       SET      12      0.06205    0.0038395      0.33566      0.42668
R-HSA-427389        SET       5      0.52416      0.02096      0.51949      0.15653
R-HSA-5617472       SET      11     -0.13155   -0.0077948      0.36384      0.64115
R-HSA-6804758       SET       3     -0.37938    -0.011755      0.66943      0.71453
R-HSA-69202         SET       5      0.77119     0.030838      0.43714     0.038903
R-HSA-69205         SET       3      0.50074     0.015515      0.67189      0.22808
R-HSA-69656         SET       5      0.77119     0.030838      0.43714     0.038903
R-HSA-73762         SET       9      0.45058     0.024157      0.38765      0.12259
R-HSA-8953750       SET       6    -0.017004   -0.0007447      0.47418       0.5143
R-HSA-9609690       SET      11     -0.10402   -0.0061633      0.35133       0.6164
R-HSA-9679191       SET      11     -0.33035    -0.019575      0.35171      0.82617
R-HSA-9710421       SET       4     -0.67887    -0.024284      0.58161      0.87839
R-HSA-9843940       SET       9      0.31007     0.016624      0.38695      0.21151
R-HSA-9844594       SET       7     -0.13697   -0.0064783      0.43719      0.62296
R-HSA-9845323       SET       7    -0.097252   -0.0045998      0.44044      0.58737
R-HSA-1912408       SET       7     -0.66931    -0.031657      0.43962        0.936
R-HSA-203927        SET       4      -0.3909    -0.013983      0.58206      0.74905
R-HSA-2559585       SET       7      0.21645     0.010238      0.38638       0.2877
R-HSA-4086398       SET      21     -0.14358    -0.011736      0.25425      0.71385
R-HSA-426486        SET       2      -1.3848    -0.035039       0.8216        0.954
R-HSA-426496        SET       4       -1.069    -0.038241      0.58124      0.96701
R-HSA-5578749       SET       9     -0.37172     -0.01993      0.38806      0.83091
R-HSA-5687128       SET       8      -0.6952    -0.035146      0.38506      0.96445
R-HSA-8853884       SET       8     -0.42337    -0.021404      0.41091      0.84853
R-HSA-8934593       SET       7     -0.48778    -0.023071      0.43452      0.86915
R-HSA-8936459       SET       7      -0.7676    -0.036306      0.43464      0.96126
R-HSA-8943723       SET       4       -1.069    -0.038241      0.58124      0.96701
R-HSA-8948700       SET       4       -1.069    -0.038241      0.58124      0.96701
R-HSA-8986944       SET       5     -0.54544    -0.021811      0.52038      0.85267
R-HSA-9018519       SET      21      0.11607    0.0094873      0.25304      0.32324
R-HSA-9022692       SET       8    -0.034654    -0.001752      0.35155      0.53926
R-HSA-9029569       SET       6      -0.9213     -0.04035      0.47483      0.97378
R-HSA-9725371       SET       7      0.28952     0.013694      0.37659      0.22104
R-HSA-9759811       SET       4       -1.069    -0.038241      0.58124      0.96701
R-HSA-9768778       SET       4       -1.069    -0.038241      0.58124      0.96701
R-HSA-9824594       SET       5      -1.1734    -0.046921      0.52002      0.98794
R-HSA-9839394       SET       8      -0.7264    -0.036724      0.41153      0.96118
R-HSA-451308        SET       7    -0.067546   -0.0031948      0.44005      0.56099
R-HSA-500657        SET       6      0.43085      0.01887      0.47378      0.18161
R-HSA-6781823       SET       8      0.38577     0.019503      0.41042      0.17366
R-HSA-6781827       SET       8      0.53118     0.026854      0.40965      0.09742
R-HSA-6782135       SET      12      0.43532     0.026937      0.30214     0.074874
R-HSA-6782210       SET      11      0.48488     0.028731      0.31284     0.060633
R-HSA-212436        SET      37     -0.18832     -0.02038      0.19884      0.82817
R-HSA-8939902       SET       7      0.47715     0.022568      0.43398      0.13582
R-HSA-1295596       SET       3     -0.94526    -0.029288      0.66985      0.92085
R-HSA-499943        SET       7      0.48484     0.022932      0.43876      0.13462
R-HSA-8955332       SET       7     -0.77395    -0.036606      0.43952      0.96082
R-HSA-432142        SET       6     -0.50243    -0.022005      0.50739      0.83893
R-HSA-77289         SET       4     0.072096     0.002579      0.58211      0.45072
R-HSA-381426        SET      16    -0.058058   -0.0041456      0.29074      0.57913
R-HSA-8957275       SET      16    -0.058058   -0.0041456      0.29074      0.57913
R-HSA-8964038       SET       3      -1.1506     -0.03565      0.67078       0.9568
R-HSA-9845614       SET       5      0.94453     0.037769       0.5202     0.034758
R-HSA-166665        SET       3      -0.8433    -0.026129      0.65011      0.90266
R-HSA-977606        SET       9     -0.94793    -0.050822      0.37588      0.99414
R-HSA-8866376       SET       3      0.42185     0.013071      0.67178      0.26504
R-HSA-5689901       SET       4      0.70599     0.025254      0.57936      0.11155
R-HSA-73980         SET       4       0.9457     0.033829      0.58057     0.051717
R-HSA-749476        SET       7      0.71535     0.033835      0.43969     0.051928
R-HSA-9013148       SET      43    -0.048357   -0.0056359       0.1759       0.6083
R-HSA-9013149       SET      54     0.031295    0.0040801      0.15769      0.42135
R-HSA-3322077       SET       2      -1.0452    -0.026447      0.82079      0.89852
R-HSA-1059683       SET       3     -0.87272     -0.02704      0.67189      0.90296
R-HSA-110056        SET       3     -0.87272     -0.02704      0.67189      0.90296
R-HSA-112411        SET       3     -0.87272     -0.02704      0.67189      0.90296
R-HSA-1266695       SET       2     -0.43014    -0.010883      0.82153       0.6997
R-HSA-5673001       SET      30      0.20973      0.02046      0.20286      0.15064
R-HSA-6783783       SET       2      -0.5454      -0.0138       1.0408      0.69985
R-HSA-6785807       SET       9      -0.4138    -0.022186      0.38859      0.85649
R-HSA-6788467       SET       3     -0.44279    -0.013719      0.67122      0.74524
R-HSA-877300        SET       9      0.19084     0.010231      0.34913      0.29234
R-HSA-877312        SET       2     -0.63362    -0.016032      0.82256      0.77941
R-HSA-8983432       SET       3      -1.2122    -0.037559      0.67131      0.96447
R-HSA-8984722       SET       2       -1.351    -0.034184      0.82171      0.94988
R-HSA-9020591       SET       2      -1.3302    -0.033658      0.73108      0.96554
R-HSA-9020956       SET       2       -1.351    -0.034184      0.82171      0.94988
R-HSA-909733        SET       6      0.25421     0.011134      0.47549      0.29647
R-HSA-912694        SET       2     -0.63362    -0.016032      0.82256      0.77941
R-HSA-9674555       SET       4      -1.3911    -0.049763      0.58152       0.9916
R-HSA-9705671       SET      16     -0.33173    -0.023687      0.29118      0.87265
R-HSA-9833109       SET       3     -0.52966    -0.016411       0.6723      0.78457
R-HSA-2586552       SET       2    -0.084473   -0.0021374      0.82315      0.54087
R-HSA-180024        SET       6     -0.34594    -0.015151      0.50399      0.75375
R-HSA-6804114       SET       2     -0.28557   -0.0072256      0.82033      0.63611
R-HSA-9617828       SET       3      0.24752    0.0076691      0.67043        0.356
R-HSA-1296041       SET       7      0.60309     0.028525      0.43874     0.084679
R-HSA-163359        SET       6    -0.066219   -0.0029002      0.47329      0.55563
R-HSA-202040        SET       6      0.36351     0.015921      0.47412      0.22166
R-HSA-381676        SET       8      0.49015      0.02478      0.41085      0.11648
R-HSA-392170        SET       5      0.98056      0.03921      0.51841      0.02933
R-HSA-392451        SET       5       0.1118    0.0044708      0.51731      0.41445
R-HSA-392851        SET       4      0.58067     0.020771      0.57917      0.15807
R-HSA-400042        SET       7      0.92712     0.043851       0.4387     0.017328
R-HSA-416476        SET      25     0.021008    0.0018724      0.23398      0.46423
R-HSA-416482        SET      24    -0.062105   -0.0054243      0.22869      0.60701
R-HSA-418217        SET       5      0.34297     0.013714      0.51852      0.25419
R-HSA-418555        SET      19     -0.11492   -0.0089377        0.267      0.66653
R-HSA-418592        SET       7      0.27062       0.0128      0.43919      0.26891
R-HSA-418594        SET      24       0.1748     0.015267       0.2381      0.23146
R-HSA-418597        SET      13      0.10598    0.0068243      0.32272      0.37132
R-HSA-420092        SET       6      0.41896     0.018349      0.47396       0.1884
R-HSA-428930        SET       7      0.47603     0.022515      0.43919      0.13925
R-HSA-432040        SET       6    -0.066219   -0.0029002      0.47329      0.55563
R-HSA-456926        SET       9      0.16445     0.008817      0.35214      0.32027
R-HSA-6814122       SET       9      0.75826     0.040653      0.38712     0.025119
R-HSA-8964315       SET       4      0.58067     0.020771      0.57917      0.15807
R-HSA-8964616       SET       5      0.25751     0.010297      0.51875      0.30982
R-HSA-9009391       SET      10       1.1709      0.06616      0.36728   0.00072376
R-HSA-9634597       SET       7      0.31119     0.014719       0.4385      0.23898
R-HSA-9660821       SET       8     0.066189    0.0033462      0.41054      0.43596
R-HSA-997272        SET       7      0.60309     0.028525      0.43874     0.084679
R-HSA-391908        SET       2      0.87194     0.022062      0.82342      0.14486
R-HSA-1483191       SET       9      0.51887     0.027818      0.38834     0.090807
R-HSA-425366        SET       5     -0.18925   -0.0075675      0.52046      0.64192
R-HSA-4085001       SET       6    0.0086655   0.00037952      0.44832      0.49229
R-HSA-9683673       SET       3     -0.75019    -0.023244      0.60235      0.89347
R-HSA-9694719       SET       3     -0.75019    -0.023244      0.60235      0.89347
R-HSA-977068        SET       3     -0.25221   -0.0078145       0.6025      0.66223
R-HSA-9840309       SET       3     -0.28621    -0.008868      0.67224      0.66484
R-HSA-162791        SET       2     -0.33335   -0.0084345      0.82369      0.65714
R-HSA-3214847       SET       7      0.25134     0.011888        0.416      0.27288
R-HSA-9772755       SET       8     -0.20849     -0.01054      0.41082      0.69408
R-HSA-9010553       SET      15     -0.18443    -0.012753      0.28346      0.74234
R-HSA-1483166       SET       8      0.24025     0.012146      0.42976      0.28809
R-HSA-3295583       SET       6      0.17303    0.0075783      0.47531      0.35792
R-HSA-2022090       SET      17     0.038361     0.002823      0.27854      0.44524
R-HSA-8874081       SET      10       -0.474    -0.026784      0.36586      0.90239
R-HSA-8948216       SET      15     -0.19604    -0.013556      0.30095      0.74258
R-HSA-73621         SET       4      0.34118     0.012205      0.58271      0.27912
R-HSA-1442490       SET      14     0.019981     0.001335      0.31121      0.47441
R-HSA-432722        SET      13      0.17651     0.011366       0.3224      0.29204
R-HSA-1483213       SET       3      0.25069    0.0077674       0.6723      0.35463
R-HSA-189085        SET       2     -0.48864    -0.012364       0.8217      0.72395
R-HSA-191859        SET       7      -0.8911    -0.042147      0.46561      0.97213
R-HSA-9754678       SET       2      0.38613    0.0097699      0.81037      0.31688
R-HSA-5576894       SET       3      0.64736     0.020058      0.67127      0.16747
R-HSA-1221632       SET       5      0.17203    0.0068789      0.51367      0.36886
R-HSA-8980692       SET      36      0.23072     0.024632      0.19266      0.11559
R-HSA-9013026       SET      21       0.2208     0.018048      0.24998      0.18858
R-HSA-9013106       SET      23      0.35278     0.030168      0.23915     0.070136
R-HSA-9013404       SET      18    -0.032853   -0.0024873      0.26925      0.54855
R-HSA-9013406       SET      15     0.033945    0.0023472      0.30345      0.45547
R-HSA-9013408       SET      17    -0.016238   -0.0011949      0.27077      0.52391
R-HSA-9013409       SET      13     -0.10673   -0.0068729      0.32634      0.62817
R-HSA-9013420       SET      15      0.24777     0.017133      0.30055       0.2049
R-HSA-9013423       SET      19     -0.11446    -0.008902      0.26215      0.66879
R-HSA-9013424       SET      10     0.079476    0.0044908      0.36777      0.41446
R-HSA-9696264       SET       8       0.7085     0.035819      0.38505     0.032929
R-HSA-9696270       SET       7      0.67941     0.032135        0.439      0.06091
R-HSA-9696273       SET       6    -0.064509   -0.0028253      0.47408      0.55411
R-HSA-549127        SET       2      0.45245     0.011448      0.82358      0.29139
R-HSA-977347        SET       2     -0.38584   -0.0097626      0.82106      0.68078
R-HSA-1912399       SET       2      -1.1881    -0.030062      0.82095      0.92604
R-HSA-1912420       SET       5      0.15157    0.0060608      0.48553      0.37747
R-HSA-2197563       SET       2      0.10743    0.0027183      0.82232      0.44803
R-HSA-2979096       SET       6      0.18539    0.0081197      0.50728      0.35739
R-HSA-350054        SET       5      0.03821    0.0015279      0.52027      0.47073
R-HSA-5083630       SET       2      -1.1881    -0.030062      0.82095      0.92604
R-HSA-9013695       SET       5     -0.11252   -0.0044995      0.52038      0.58559
R-HSA-5696395       SET       8      0.21548     0.010894      0.35373      0.27123
R-HSA-5696400       SET       8     0.064549    0.0032633      0.35375      0.42761
R-HSA-1679131       SET       3      0.22085    0.0068428      0.63104      0.36319
R-HSA-383280        SET      13     0.061048    0.0039312      0.31964      0.42427
R-HSA-9616222       SET       5     -0.53629    -0.021445      0.51231      0.85236
R-HSA-629594        SET       3     -0.11494   -0.0035614      0.67244      0.56786
R-HSA-629597        SET       2      -0.1622    -0.004104      0.82317       0.5781
R-HSA-8941237       SET       3    -0.013484  -0.00041778      0.67085      0.50802
R-HSA-193648        SET      16   -0.0072928  -0.00052074      0.29042      0.51002
R-HSA-2995383       SET       2   -0.0078106  -0.00019763      0.81955       0.5038
R-HSA-381038        SET       5     -0.19455   -0.0077794      0.56454      0.63479
R-HSA-4419969       SET       5     -0.36993    -0.014792      0.52077      0.76123
R-HSA-6802952       SET      18      0.53157     0.040246      0.25457     0.018436
R-HSA-70895         SET       3     -0.41625    -0.012897      0.66964      0.73288
R-HSA-5626467       SET       6    -0.098351   -0.0043075      0.47262      0.58242
R-HSA-373753        SET       9      0.26597      0.01426      0.37408      0.23857
R-HSA-375165        SET       7     -0.17379   -0.0082202      0.43941      0.65376
R-HSA-445095        SET       8      -0.2891    -0.014616      0.40614      0.76169
R-HSA-1251985       SET       6      -0.2716    -0.011895      0.50635      0.70414
R-HSA-2122948       SET       8       0.8151     0.041208      0.43199     0.029639
R-HSA-2644606       SET       7      0.72802     0.034434      0.46521      0.05885
R-HSA-2894862       SET       7      0.72802     0.034434      0.46521      0.05885
R-HSA-9013507       SET       5      0.87209     0.034872      0.56387     0.061032
R-HSA-9013700       SET       3    -0.031248  -0.00096819      0.77448      0.51609
R-HSA-9839383       SET       2       -1.179    -0.029831       1.0407      0.87131
R-HSA-611105        SET       5     0.098232     0.003928      0.48012      0.41895
R-HSA-71403         SET       4      -1.0552    -0.037745      0.57995      0.96553
R-HSA-9854311       SET       2      -0.3799   -0.0096124      0.82351       0.6777
R-HSA-191273        SET       2     -0.64127    -0.016226      0.82042      0.78276
R-HSA-452723        SET       3      0.27283    0.0084532       0.6699      0.34192
R-HSA-9013508       SET       3     -0.32575    -0.010093      0.67262      0.68589
R-HSA-8951664       SET      22      0.69069     0.057775      0.24111     0.002102
R-HSA-5578775       SET      14      0.54878     0.036666       0.2717     0.021747
R-HSA-936837        SET      18      0.36873     0.027918      0.24632     0.067253
R-HSA-198933        SET      11     -0.92947    -0.055074       0.3623      0.99482
R-HSA-202733        SET      12     -0.36669     -0.02269       0.3345      0.86347
R-HSA-5693568       SET       4     -0.10754   -0.0038468      0.57423      0.57427
R-HSA-912446        SET       5      0.29145     0.011654      0.41339      0.24043
R-HSA-1445148       SET       9      0.35448     0.019005      0.38577      0.17911
R-HSA-5620924       SET       5       0.9263      0.03704      0.68952     0.089621
R-HSA-6811434       SET      11     0.041881    0.0024816      0.34832      0.45215
R-HSA-983189        SET       9       -0.171   -0.0091681      0.38446      0.67175
R-HSA-6811440       SET      12      0.26857     0.016619      0.34763      0.21991
R-HSA-8856825       SET      21     -0.03015   -0.0024644      0.25657      0.54677
R-HSA-8856828       SET      24     0.020965    0.0018311      0.24007      0.46521
R-HSA-166016        SET       2      0.53982     0.013659      0.82317      0.25601
R-HSA-177504        SET       2      0.19696    0.0049835      0.82284      0.40542
R-HSA-437239        SET       6      0.31455     0.013776      0.47549      0.25416
R-HSA-5669034       SET       2      -1.8483    -0.046765      0.82268      0.98763
R-HSA-2672351       SET      15      0.53384     0.036914      0.29984     0.037552
R-HSA-204005        SET      13     -0.20067    -0.012922      0.32331      0.73257
R-HSA-5658442       SET       7     -0.16327   -0.0077226      0.41328      0.65359
R-HSA-428890        SET       4     -0.18245   -0.0065263      0.58169       0.6231
R-HSA-9706369       SET       2       1.8114     0.045832      0.82047     0.013669
R-HSA-114608        SET      13     -0.32605    -0.020996      0.32293      0.84363
R-HSA-975957        SET       7     -0.19743   -0.0093382      0.39097      0.69319
R-HSA-6784531       SET       8     -0.47165    -0.023845      0.41212      0.87373
R-HSA-1482788       SET       5      0.55409     0.022157      0.56502      0.16342
R-HSA-1482798       SET       3     -0.87079     -0.02698      0.67389       0.9018
R-HSA-1482801       SET       6      0.57437     0.025155      0.50853      0.12939
R-HSA-1482839       SET       5      0.55409     0.022157      0.56502      0.16342
R-HSA-1482922       SET       3      0.63639     0.019718      0.67245      0.17201
R-HSA-1482925       SET       5      0.47365      0.01894      0.56506      0.20098
R-HSA-1483115       SET       2      0.63222     0.015997       1.0406      0.27176
R-HSA-8876198       SET      25     -0.66799    -0.059536      0.23297      0.99792
R-HSA-2980767       SET       2       1.0575     0.026758      0.82363     0.099621
R-HSA-3301854       SET       7     -0.14059   -0.0066498      0.44036      0.62523
R-HSA-210747        SET       2     -0.25655   -0.0064912      0.82255      0.62243
R-HSA-4090294       SET       8     0.038163    0.0019293      0.40205      0.46219
R-HSA-351906        SET       3        0.438     0.013571      0.66564      0.25529
R-HSA-6805567       SET       3    -0.081752    -0.002533      0.67714      0.54804
R-HSA-418359        SET       4       1.2568     0.044958      0.50118    0.0061025
R-HSA-447043        SET       3      0.62283     0.019298      0.67148      0.17686
R-HSA-428543        SET       5     -0.16633   -0.0066509       0.5112      0.62753
R-HSA-8877330       SET       3     -0.18553   -0.0057485       0.6502       0.6123
R-HSA-399954        SET       5     0.031479    0.0012587      0.52055      0.47589
R-HSA-399955        SET       7      0.33031     0.015623      0.44001      0.22645
R-HSA-399956        SET       7      0.33557     0.015872      0.43965      0.22268
R-HSA-416700        SET       5     -0.53655    -0.021455      0.52021      0.84879
R-HSA-5358346       SET       3      0.62542     0.019378      0.67045      0.17549
R-HSA-9008059       SET       4       0.7621     0.027261      0.58195     0.095221
R-HSA-5694530       SET       7     -0.31529    -0.014913      0.44037      0.76297
R-HSA-376176        SET       7      0.29106     0.013766      0.44085      0.25459
R-HSA-201681        SET       9     -0.31953    -0.017131      0.38495      0.79671
R-HSA-3238698       SET       2     -0.41097    -0.010399      0.81589      0.69275
R-HSA-373080        SET       7     -0.17929   -0.0084802      0.43876      0.65858
R-HSA-3772470       SET       4     -0.63344    -0.022659      0.58007      0.86254
R-HSA-913709        SET      12     -0.43822    -0.027117      0.33805      0.90252
R-HSA-75896         SET       3      0.34192     0.010594      0.67103       0.3052
R-HSA-9033241       SET       7     -0.46476    -0.021982      0.43073      0.85966
R-HSA-1234176       SET       6       0.3692      0.01617      0.43117      0.19596
R-HSA-399997        SET       5     -0.73652    -0.029451      0.52052      0.92141
R-HSA-9837999       SET       6     -0.92589    -0.040551      0.47437      0.97447
R-HSA-111447        SET       2     -0.67778    -0.017149      0.81773      0.79637
R-HSA-1358803       SET       2      -1.1944    -0.030221      0.81702      0.92806
R-HSA-198323        SET       2      -0.8862    -0.022423      0.81511      0.86149
R-HSA-199418        SET       3      -1.1956    -0.037046      0.66874      0.96306
R-HSA-8941332       SET       3      0.29745    0.0092163      0.65152      0.32401
R-HSA-8948751       SET       5      0.15388    0.0061531      0.51672      0.38294
R-HSA-9607240       SET       6     -0.59006    -0.025843      0.47413       0.8933
R-HSA-9634638       SET       3      0.39495     0.012237      0.66923      0.27757
R-HSA-9755511       SET       6     -0.39021     -0.01709      0.47399      0.79478
R-HSA-9856649       SET       9      0.21615     0.011589      0.38608       0.2878
R-HSA-9615933       SET       4      -1.7615    -0.063012      0.58167      0.99876
R-HSA-844456        SET       2      0.28129    0.0071173      0.81773      0.36544
R-HSA-9660826       SET       3      0.13855    0.0042929      0.66938      0.41802
R-HSA-9692916       SET       3      0.22797    0.0070633      0.67042      0.36693
R-HSA-9707564       SET       6      0.17393    0.0076177      0.47463      0.35702
R-HSA-9752946       SET       9       0.4857      0.02604      0.38703       0.1048
R-HSA-2243919       SET       4     -0.20779    -0.007433      0.58044      0.63981
R-HSA-8866654       SET       2       0.2247    0.0056855      0.82372      0.39252
R-HSA-427359        SET       2    -0.044445   -0.0011246      0.82003      0.52161
R-HSA-427413        SET       6      0.51577     0.022589      0.47519      0.13892
R-HSA-5250924       SET       4      0.33541     0.011998      0.58086      0.28184
R-HSA-73772         SET       4      0.35702     0.012771      0.58156      0.26966
R-HSA-73863         SET       4      0.35702     0.012771      0.58156      0.26966
R-HSA-77387         SET       3      0.28106    0.0087083      0.67122      0.33772
R-HSA-917977        SET       2      0.52337     0.013242      0.82253      0.26232
R-HSA-75109         SET       4      0.33184      0.01187      0.58227      0.28439
R-HSA-9841922       SET      14      0.11694    0.0078136      0.29098       0.3439
R-HSA-5689603       SET       6      0.16702    0.0073148      0.47475      0.36251
R-HSA-8873719       SET      13     -0.32395     -0.02086      0.32339      0.84172
R-HSA-77288         SET       2     -0.44419    -0.011239      0.82322      0.70524
R-HSA-77310         SET       2     -0.55621    -0.014073      0.82351      0.75027
R-HSA-77346         SET       2     -0.55621    -0.014073      0.82351      0.75027
R-HSA-77348         SET       2     -0.55621    -0.014073      0.82351      0.75027
R-HSA-77350         SET       2     -0.55621    -0.014073      0.82351      0.75027
R-HSA-5693571       SET       4      0.77446     0.027703       0.6437      0.11451
R-HSA-5693607       SET      11       0.4728     0.028015      0.31265     0.065287
R-HSA-69473         SET       8      0.68281      0.03452      0.35327     0.026674
R-HSA-9700645       SET       2      0.51536      0.01304      0.82346      0.26573
R-HSA-9725370       SET       7    -0.014359  -0.00067918      0.44041        0.513
R-HSA-9851151       SET       2        1.535      0.03884      0.82298     0.031125
R-HSA-9748787       SET       6       0.7061     0.030925      0.47456      0.06844
R-HSA-2129379       SET      10        0.142    0.0080237       0.3676      0.34966
R-HSA-2173789       SET       7      0.64077     0.030307      0.43998     0.072698
R-HSA-9673766       SET       3       1.0898     0.033767      0.67189      0.05245
R-HSA-6799198       SET       6    -0.051436   -0.0022527      0.44363      0.54615
R-HSA-425561        SET       4      0.37911     0.013561      0.58077      0.25698
R-HSA-2514859       SET       5     -0.29434     -0.01177       0.5199      0.71433
R-HSA-8876725       SET       2       1.2811     0.032416       0.8209     0.059355
R-HSA-9821002       SET       2       0.4857     0.012289      0.82067        0.277
R-HSA-6794361       SET      21    -0.095182     -0.00778      0.25264      0.64681
R-HSA-9662361       SET      16      0.13184    0.0094141      0.28762      0.32336
R-HSA-9703465       SET       6     -0.15195    -0.006655      0.47476      0.62553
R-HSA-177929        SET       5      0.82036     0.032804       0.5199     0.057343
R-HSA-179812        SET       3      0.54432     0.016865      0.67228       0.2091
R-HSA-180292        SET       3       1.0437     0.032338      0.67176     0.060184
R-HSA-180336        SET       3      0.54432     0.016865      0.67228       0.2091
R-HSA-182971        SET       9      0.55981     0.030014      0.38728     0.074211
R-HSA-212718        SET       2       1.4872     0.037629      0.82279     0.035391
R-HSA-5638303       SET       2       1.4872     0.037629      0.82279     0.035391
R-HSA-8866910       SET       3       1.0833     0.033565      0.67215     0.053568
R-HSA-5223345       SET       5    -0.037606   -0.0015038      0.52048       0.5288
R-HSA-2028269       SET       6       -1.039    -0.045506      0.47532      0.98555
R-HSA-525793        SET       7    -0.075141    -0.003554      0.43761      0.56816
R-HSA-201722        SET       9    -0.040008    -0.002145      0.38673      0.54119
R-HSA-3769402       SET      11    -0.073979   -0.0043835      0.34996       0.5837
R-HSA-4641265       SET       7     -0.32075    -0.015171       0.4378      0.76808
R-HSA-9825892       SET       4     -0.40359    -0.014437      0.58168      0.75608
R-HSA-9834899       SET       2     -0.73394     -0.01857      0.82152      0.81414
R-HSA-162588        SET       4     -0.16896   -0.0060439      0.60534      0.60991
R-HSA-5620971       SET       3     -0.16401   -0.0050816      0.72923      0.58897
R-HSA-917729        SET       5     -0.23613    -0.009442      0.53715      0.66987
R-HSA-9610379       SET       9     -0.42797    -0.022945      0.39484      0.86076
R-HSA-9615710       SET       5     -0.12809   -0.0051221      0.58595      0.58651
R-HSA-9668328       SET       2      0.50665     0.012819      0.93555      0.29408
R-HSA-9679504       SET       2      0.50665     0.012819      0.93555      0.29408
R-HSA-9694676       SET       2      0.50665     0.012819      0.93555      0.29408
R-HSA-72706         SET       7      0.44281     0.020944      0.37213      0.11708
R-HSA-1368108       SET       8     0.066068    0.0033401      0.41108      0.43616
R-HSA-1989781       SET      19     -0.35913    -0.027931      0.26768       0.9101
R-HSA-400253        SET       9      0.10974    0.0058837      0.38752      0.38853
R-HSA-9707616       SET       7    0.0017633   8.3403e-05      0.43884       0.4984
R-HSA-156827        SET       6      0.32757     0.014347      0.39479      0.20338
R-HSA-156902        SET       3      0.18601    0.0057634      0.49149      0.35256
R-HSA-192823        SET       3      0.18601    0.0057634      0.49149      0.35256
R-HSA-2408557       SET       5      0.15507    0.0062007      0.42217       0.3567
R-HSA-6791226       SET       8      0.25592     0.012938      0.37083      0.24508
R-HSA-72689         SET       5      0.23408    0.0093603      0.42215      0.28964
R-HSA-72764         SET       3      0.18601    0.0057634      0.49149      0.35256
R-HSA-9633012       SET       6     0.058013    0.0025408      0.39481      0.44159
R-HSA-975956        SET       4     0.087654    0.0031355      0.48094       0.4277
R-HSA-425986        SET       2       1.0715      0.02711      0.82029     0.095793
R-HSA-186763        SET       4     -0.33889    -0.012123      0.57726       0.7214
R-HSA-428540        SET       5     -0.30625    -0.012246      0.52018      0.72196
R-HSA-4420097       SET      13      0.10682    0.0068784      0.32242      0.37022
R-HSA-8985801       SET       4     -0.25724   -0.0092018      0.58383      0.67024
R-HSA-159231        SET       8     -0.78117    -0.039493      0.43235      0.96455
R-HSA-72203         SET       7     0.075953    0.0035925      0.46644      0.43533
R-HSA-77595         SET       4     -0.22393   -0.0080103      0.64579       0.6356
R-HSA-112382        SET       8      0.62636     0.031666      0.42927     0.072319
R-HSA-113418        SET       5      0.52752     0.021094      0.56461      0.17511
R-HSA-167152        SET       6      0.71027     0.031108      0.50545      0.08003
R-HSA-167158        SET       5      0.52752     0.021094      0.56461      0.17511
R-HSA-167160        SET       4      0.69271     0.024779      0.58182      0.11695
R-HSA-167161        SET       5      0.58634     0.023446      0.52044      0.12999
R-HSA-167162        SET       5      0.58634     0.023446      0.52044      0.12999
R-HSA-167172        SET       5      0.58634     0.023446      0.52044      0.12999
R-HSA-167200        SET       6      0.71027     0.031108      0.50545      0.08003
R-HSA-167238        SET       2       1.5782     0.039932      0.81237     0.026072
R-HSA-167242        SET       2      0.94853        0.024        1.042      0.18137
R-HSA-167243        SET       2       1.5782     0.039932      0.81237     0.026072
R-HSA-167246        SET       5      0.85005     0.033991      0.51766     0.050336
R-HSA-167287        SET       2       1.5782     0.039932      0.81237     0.026072
R-HSA-167290        SET       2       1.5782     0.039932      0.81237     0.026072
R-HSA-168325        SET       6     -0.23033    -0.010088       0.4755      0.68593
R-HSA-674695        SET       9      0.57071     0.030598       0.4028     0.078315
R-HSA-6796648       SET       7      0.26198     0.012391      0.41352      0.26321
R-HSA-6803529       SET       3    -0.051619   -0.0015994      0.77667      0.52649
R-HSA-72086         SET       5      0.52752     0.021094      0.56461      0.17511
R-HSA-72165         SET       2      0.94853        0.024        1.042      0.18137
R-HSA-73776         SET       5      0.58634     0.023446      0.52044      0.12999
R-HSA-73779         SET       5      0.58634     0.023446      0.52044      0.12999
R-HSA-75953         SET       5      0.58634     0.023446      0.52044      0.12999
R-HSA-75955         SET       7      0.72284     0.034189      0.43665     0.048973
R-HSA-76042         SET       5      0.58634     0.023446      0.52044      0.12999
R-HSA-77075         SET       4      0.69271     0.024779      0.58182      0.11695
R-HSA-8851708       SET       3      0.35143     0.010889      0.77689      0.32552
R-HSA-9670095       SET       3       0.4138     0.012821      0.67251       0.2692
R-HSA-975577        SET       6     -0.40166    -0.017591      0.44884      0.81454
R-HSA-379716        SET       2     0.036912   0.00093396      0.82176      0.48209
R-HSA-71240         SET       3      0.90938     0.028176      0.67229     0.088132
R-HSA-9823739       SET       2      0.28852    0.0073003       0.8227      0.36292
R-HSA-9832991       SET       2      0.28852    0.0073003       0.8227      0.36292
R-HSA-390522        SET       4      0.59798     0.021391      0.55737      0.14171
R-HSA-6807004       SET       4      0.19472    0.0069655      0.58149      0.36887
R-HSA-8875360       SET       3     0.070409    0.0021815      0.67138      0.45824
R-HSA-1566948       SET       5      0.18483     0.007391      0.51871      0.36081
R-HSA-210993        SET       5      -1.1551    -0.046188      0.52056      0.98672
R-HSA-5610787       SET       8     -0.14288   -0.0072233      0.43281      0.62933
R-HSA-5576892       SET      10      0.26277     0.014848       0.3192      0.20522
R-HSA-9037629       SET       5      0.76629     0.030642       0.4853      0.05722
R-HSA-1660661       SET       8      0.10732    0.0054258      0.41153      0.39714
R-HSA-159418        SET       6      0.39126     0.017136      0.47581      0.20549
R-HSA-193368        SET       6      0.48144     0.021085      0.47575      0.15582
R-HSA-3000170       SET       5     0.096193    0.0038465      0.52093      0.42676
R-HSA-446107        SET       2       1.3238     0.033496      0.79619     0.048239
R-HSA-9725554       SET       5      0.50322     0.020122      0.52065      0.16693
R-HSA-418457        SET       8     -0.39624    -0.020032      0.41152      0.83215
R-HSA-8866652       SET       5     -0.17055   -0.0068197      0.49516      0.63473
R-HSA-111957        SET       2     -0.26877   -0.0068006      0.82099       0.6283
R-HSA-445144        SET       5       1.3058     0.052217        0.516    0.0057172
R-HSA-9860927       SET       6       1.1868     0.051977      0.47156    0.0059481
R-HSA-111465        SET       4      0.21062    0.0075341       0.5804      0.35836
R-HSA-168638        SET       2      0.41744     0.010562       0.8236      0.30615
R-HSA-5213460       SET       2    -0.069331   -0.0017542      0.82323      0.53356
R-HSA-5357786       SET       2     -0.62382    -0.015784      0.82338      0.77564
R-HSA-5357905       SET       2     -0.62382    -0.015784      0.82338      0.77564
R-HSA-5675482       SET       3      -0.1461   -0.0045267       0.6711      0.58616
R-HSA-75153         SET       2      0.86988      0.02201      0.81719       0.1436
R-HSA-933543        SET       2     -0.90103    -0.022798      0.82299      0.86316
R-HSA-9013419       SET       2     -0.65936    -0.016683      0.82214       0.7887
R-HSA-9013425       SET       2     -0.65936    -0.016683      0.82214       0.7887
R-HSA-1227986       SET       4      0.55427     0.019827         0.58      0.16966
R-HSA-1236394       SET       7      0.75283     0.035608      0.43872     0.043135
R-HSA-1250196       SET       6     -0.19083   -0.0083579      0.47451      0.65621
R-HSA-1250342       SET       2     -0.21354    -0.005403      0.81691       0.6031
R-HSA-1250347       SET       3     -0.58624    -0.018164      0.66879       0.8096
R-HSA-1963640       SET       4    -0.009458  -0.00033832       0.5802       0.5065
R-HSA-1963642       SET       3      0.43066     0.013343      0.66895      0.25988
R-HSA-6785631       SET       4      0.18019    0.0064458      0.58027      0.37809
R-HSA-8847993       SET       3      0.43066     0.013343      0.66895      0.25988
R-HSA-8863795       SET       3      0.43066     0.013343      0.66895      0.25988
R-HSA-9620244       SET      10      0.19692     0.011127      0.32293      0.27103
R-HSA-9664565       SET       4    -0.009458  -0.00033832       0.5802       0.5065
R-HSA-9665686       SET       4    -0.009458  -0.00033832       0.5802       0.5065
R-HSA-1855204       SET       3       0.4704     0.014575      0.67883       0.2442
R-HSA-3928663       SET       8     -0.67278    -0.034013      0.41162      0.94887
R-HSA-9824272       SET       4      0.20814    0.0074454      0.58087      0.36006
R-HSA-75876         SET       7    -0.040174   -0.0019002      0.44029      0.53635
R-HSA-5576893       SET       5       0.6456     0.025816      0.51506      0.10507
R-HSA-5368286       SET       4      -0.9602    -0.034348      0.57271      0.95314
R-HSA-5389840       SET       4      -0.9602    -0.034348      0.57271      0.95314
R-HSA-5419276       SET       4      -0.9602    -0.034348      0.57271      0.95314
R-HSA-140875        SET       2     -0.68082    -0.017226      0.82307       0.7959
R-HSA-4641258       SET       6      0.69222     0.030317      0.47471     0.072445
R-HSA-5632684       SET       8      0.46711     0.023615      0.41195      0.12846
R-HSA-9706019       SET       2     -0.15778   -0.0039921      0.75058      0.58324
R-HSA-1474244       SET       2     -0.98737    -0.024983      0.82402      0.88454
R-HSA-186797        SET       6     -0.53222    -0.023309      0.47583      0.86828
R-HSA-2214320       SET       4      -0.2019   -0.0072224      0.57367      0.63755
R-HSA-419037        SET      13     -0.11384   -0.0073308      0.31227      0.64227
R-HSA-196819        SET       2      0.89583     0.022667      0.82285      0.13819
R-HSA-1169091       SET       5      0.55525     0.022203      0.52008      0.14289
R-HSA-1236974       SET       4      0.36549     0.013074      0.57935      0.26409
R-HSA-1236978       SET       2      0.61258       0.0155      0.82011      0.22757
R-HSA-174084        SET       2      0.61258       0.0155      0.82011      0.22757
R-HSA-174113        SET       2      0.61258       0.0155      0.82011      0.22757
R-HSA-174154        SET       2      0.61258       0.0155      0.82011      0.22757
R-HSA-174178        SET       3       1.2083     0.037437      0.51629    0.0096669
R-HSA-174184        SET       2      0.61258       0.0155      0.82011      0.22757
R-HSA-180534        SET       2      0.61258       0.0155      0.82011      0.22757
R-HSA-180585        SET       2      0.61258       0.0155      0.82011      0.22757
R-HSA-187577        SET       2      0.61258       0.0155      0.82011      0.22757
R-HSA-195253        SET       7     -0.13789   -0.0065222      0.46404      0.61682
R-HSA-211733        SET       2      0.61258       0.0155      0.82011      0.22757
R-HSA-2871837       SET       6      0.61125     0.026771      0.47468     0.098972
R-HSA-349425        SET       2      0.61258       0.0155      0.82011      0.22757
R-HSA-350562        SET       2      0.61258       0.0155      0.82011      0.22757
R-HSA-382556        SET       9     0.050684    0.0027174      0.35755      0.44364
R-HSA-450408        SET       2      0.61258       0.0155      0.82011      0.22757
R-HSA-4608870       SET       3      0.21912    0.0067891      0.67009      0.37185
R-HSA-4641257       SET       4      0.40298     0.014415      0.57805      0.24289
R-HSA-5362768       SET       2      0.61258       0.0155      0.82011      0.22757
R-HSA-5607761       SET       3      0.41731      0.01293      0.66706      0.26582
R-HSA-5607764       SET       5      0.56758     0.022696      0.52011      0.13762
R-HSA-5610780       SET       3       1.2088     0.037452         0.67     0.035657
R-HSA-5610783       SET       3      0.39859      0.01235      0.66916      0.27573
R-HSA-5610785       SET       3      0.39859      0.01235      0.66916      0.27573
R-HSA-5668541       SET       5     -0.22174   -0.0088667      0.52037      0.66497
R-HSA-5676590       SET       3      0.41731      0.01293      0.66706      0.26582
R-HSA-5678895       SET       2      0.61258       0.0155      0.82011      0.22757
R-HSA-68867         SET       2      0.61258       0.0155      0.82011      0.22757
R-HSA-68949         SET       2      0.61258       0.0155      0.82011      0.22757
R-HSA-69017         SET       2      0.61258       0.0155      0.82011      0.22757
R-HSA-69481         SET       2      0.61258       0.0155      0.82011      0.22757
R-HSA-69601         SET       2      0.61258       0.0155      0.82011      0.22757
R-HSA-75815         SET       3      0.39859      0.01235      0.66916      0.27573
R-HSA-8852276       SET       2      0.61258       0.0155      0.82011      0.22757
R-HSA-8854050       SET       3       0.6163     0.019095      0.67058      0.17907
R-HSA-9020702       SET       4       0.8816     0.031536      0.58112     0.064676
R-HSA-9604323       SET       3      0.20301    0.0062899      0.67015      0.38098
R-HSA-9762114       SET       3      0.39859      0.01235      0.66916      0.27573
R-HSA-9907900       SET       3      0.27279    0.0084522      0.77364       0.3622
R-HSA-114508        SET      11      0.55971     0.033165      0.35127     0.055587
R-HSA-9749641       SET       4      0.11751    0.0042035      0.64631      0.42787
R-HSA-9824585       SET      10      -0.2648    -0.014963      0.36821      0.76395
R-HSA-447041        SET       4      0.56164     0.020091      0.58422      0.16823
R-HSA-6785470       SET       2       0.2658    0.0067253      0.82313      0.37339
R-HSA-1663150       SET       5      -0.2293   -0.0091692      0.52115      0.67001
R-HSA-9840310       SET       7    -0.014175  -0.00067044      0.43255      0.51307
R-HSA-112043        SET       6      0.14854    0.0065056      0.47799        0.378
R-HSA-139853        SET       5      0.37368     0.014942      0.52115      0.23671
R-HSA-1489509       SET       3      0.62279     0.019296      0.67251      0.17724
R-HSA-2029485       SET       5    -0.030057   -0.0012019      0.52083      0.52301
R-HSA-2871809       SET       4      0.71861     0.025706      0.58158      0.10835
R-HSA-422356        SET       6       1.2206      0.05346      0.47517    0.0051255
R-HSA-5218921       SET       6     -0.10848   -0.0047511      0.47619       0.5901
R-HSA-5607763       SET       3       1.0092     0.031268      0.67152     0.066498
R-HSA-9664323       SET       6     -0.20227   -0.0088588      0.47503      0.66486
R-HSA-420499        SET       5       0.2682     0.010725      0.52025      0.30311
R-HSA-445355        SET       8     -0.29631     -0.01498      0.38748      0.77774
R-HSA-3232142       SET       6      -0.6664    -0.029186      0.45866      0.92683
R-HSA-9682706       SET       2      0.82868     0.020967      0.55058     0.066202
R-HSA-9694686       SET       2      0.82868     0.020967      0.55058     0.066202
R-HSA-390650        SET       2     -0.68319    -0.017286      0.82196      0.79703
R-HSA-181429        SET       7      0.17417    0.0082378      0.43965      0.34601
R-HSA-212676        SET       7      0.17417    0.0082378      0.43965      0.34601
R-HSA-159227        SET       6     -0.69074    -0.030252      0.50808      0.91296
R-HSA-159230        SET       6     -0.69074    -0.030252      0.50808      0.91296
R-HSA-165054        SET       5     -0.61901    -0.024752      0.52058      0.88275
R-HSA-168271        SET       6     -0.14423   -0.0063167      0.47543      0.61918
R-HSA-168276        SET       6     -0.14423   -0.0063167      0.47543      0.61918
R-HSA-168333        SET       5     -0.61901    -0.024752      0.52058      0.88275
R-HSA-170822        SET       6     -0.46025    -0.020157      0.38866      0.88179
R-HSA-180746        SET       5     -0.61901    -0.024752      0.52058      0.88275
R-HSA-180910        SET       7     0.029442    0.0013925      0.43962       0.4733
R-HSA-3108214       SET      10    -0.011781  -0.00066567      0.36798      0.51277
R-HSA-3371453       SET      11     -0.17595    -0.010426      0.31298      0.71298
R-HSA-4085377       SET       5     -0.61901    -0.024752      0.52058      0.88275
R-HSA-4551638       SET       8     -0.27551    -0.013929      0.41197      0.74816
R-HSA-4570464       SET       5     -0.61901    -0.024752      0.52058      0.88275
R-HSA-4615885       SET       6     -0.66098    -0.028949      0.47533      0.91777
R-HSA-5619107       SET       6     -0.46025    -0.020157      0.38866      0.88179
R-HSA-416993        SET       8     -0.27492    -0.013899      0.41117      0.74811
R-HSA-168138        SET       2    -0.028155  -0.00071239       0.8235      0.51364
R-HSA-5358493       SET       2     -0.13564    -0.003432      0.82191      0.56553
R-HSA-5362517       SET       4      0.81631     0.029201      0.58181     0.080351
R-HSA-425381        SET       2      0.69001     0.017459      0.77894      0.18789
R-HSA-9646399       SET       4      0.51443     0.018402      0.64481      0.21252
R-HSA-5661270       SET       2       1.6246     0.041107      0.82301     0.024235
R-HSA-110314        SET       4      0.90698     0.032444      0.44512     0.020836
R-HSA-264876        SET       5      0.54917      0.02196      0.51921      0.14514
R-HSA-3214858       SET       5     -0.48096    -0.019232      0.52035       0.8223
R-HSA-8939243       SET       5     -0.41867    -0.016741      0.51224       0.7931
R-HSA-416550        SET       2      -1.5303     -0.03872      0.82106      0.96878
R-HSA-416572        SET       4      -1.4179    -0.050721      0.58134      0.99261
R-HSA-1855167       SET       2    -0.083231   -0.0021059      0.82345      0.54025
R-HSA-9032759       SET       3     0.052392    0.0016233      0.67086      0.46888
R-HSA-111933        SET       2     -0.55586    -0.014064      0.82356      0.75012
R-HSA-450520        SET       2     -0.55586    -0.014064      0.82356      0.75012
R-HSA-5668599       SET       3     -0.52404    -0.016237      0.67255      0.78203
R-HSA-112308        SET       5    -0.095208   -0.0038071      0.51828      0.57287
R-HSA-9843970       SET       6      0.72769      0.03187      0.47436     0.062562
R-HSA-418889        SET       3      0.20207    0.0062609      0.59985      0.36812
R-HSA-426048        SET       2       1.9991     0.050583       0.7547    0.0040585
R-HSA-5083635       SET      15     -0.24923    -0.017234      0.29832      0.79823
R-HSA-5173214       SET      15     -0.24923    -0.017234      0.29832      0.79823
R-HSA-9854907       SET       2      -1.0188    -0.025778      0.82073      0.89271
R-HSA-9854909       SET       2      -1.0848    -0.027447      0.82364      0.90604
R-HSA-428542        SET       5     -0.37269    -0.014903      0.52189       0.7624
R-HSA-9010642       SET       2      -1.0224    -0.025869      0.82328      0.89281
R-HSA-9830674       SET       7     -0.13762    -0.006509      0.43992      0.62278
R-HSA-373752        SET       8      0.31661     0.016006       0.4118      0.22103
R-HSA-8985586       SET       3     -0.25107   -0.0077793      0.67183      0.64568
R-HSA-418990        SET      15     0.050342    0.0034811      0.30098      0.43359
R-HSA-390666        SET       3      0.31174    0.0096591      0.67224      0.32143
R-HSA-9613829       SET       2     -0.36129   -0.0091414       1.0422      0.63556
R-HSA-2022854       SET       4    -0.011909  -0.00042599      0.53469      0.50888
R-HSA-388841        SET       2     -0.39711    -0.010048      0.82159      0.68555
R-HSA-196299        SET       4     -0.57758    -0.020661      0.64213      0.81576
R-HSA-4641262       SET       6     -0.35311    -0.015465      0.50632       0.7572
R-HSA-5339716       SET       4     -0.57758    -0.020661      0.64213      0.81576
R-HSA-5358747       SET       4     -0.57758    -0.020661      0.64213      0.81576
R-HSA-5358749       SET       4     -0.57758    -0.020661      0.64213      0.81576
R-HSA-5358751       SET       4     -0.57758    -0.020661      0.64213      0.81576
R-HSA-5358752       SET       4     -0.57758    -0.020661      0.64213      0.81576
R-HSA-5467337       SET       4     -0.57758    -0.020661      0.64213      0.81576
R-HSA-5467340       SET       4     -0.57758    -0.020661      0.64213      0.81576
R-HSA-5467348       SET       4     -0.57758    -0.020661      0.64213      0.81576
R-HSA-9683610       SET       3     -0.16521   -0.0051188      0.66836      0.59761
R-HSA-9694631       SET       5     -0.13091   -0.0052346       0.5182      0.59971
R-HSA-162592        SET       2       1.6343     0.041351      0.81864     0.022992
R-HSA-197264        SET       4     -0.04457   -0.0015943      0.58093      0.53057
R-HSA-5685938       SET       6      0.44694     0.019575      0.39152      0.12687
R-HSA-5693616       SET       6      0.54091      0.02369      0.39127     0.083468
R-HSA-6804756       SET       9      0.48277     0.025883      0.33839     0.076893
R-HSA-9709570       SET       5      0.53615     0.021439       0.4158      0.09867
R-HSA-879518        SET       3      0.71477     0.022146      0.67137      0.14356
R-HSA-2032785       SET       3     -0.70817    -0.021942      0.66814      0.85536
R-HSA-2173796       SET       4     0.035974    0.0012868      0.58145      0.47534
R-HSA-5578768       SET       3     -0.86058    -0.026664      0.66807       0.9011
R-HSA-8940973       SET       4       1.3816     0.049421      0.45136    0.0011128
R-HSA-9619665       SET       5    -0.044526   -0.0017805       0.5207      0.53407
R-HSA-422085        SET       3     -0.29484   -0.0091354      0.67235      0.66948
R-HSA-6811438       SET      11      0.41495     0.024587      0.36364      0.12696
R-HSA-9830364       SET       5     -0.19707   -0.0078802      0.52088       0.6474
R-HSA-1368082       SET       5     -0.22843   -0.0091344      0.52109      0.66943
R-HSA-2122947       SET       6      0.30781     0.013481        0.473      0.25763
R-HSA-2151201       SET       6       0.2851     0.012486      0.47537      0.27437
R-HSA-2426168       SET       8    -0.097665   -0.0049375       0.4118      0.59373
R-HSA-381340        SET      11      -0.2138    -0.012668      0.35151      0.72846
R-HSA-400206        SET       4    0.0085341   0.00030527      0.58247      0.49416
R-HSA-1296052       SET       3      -1.3126    -0.040671      0.67103      0.97473
R-HSA-2142850       SET       2     0.073245    0.0018533      0.81984      0.46441
R-HSA-9753281       SET       5      0.45171     0.018063      0.52024      0.19266
R-HSA-201688        SET       2     0.015707   0.00039743      0.82248      0.49238
R-HSA-4086400       SET       2     0.015707   0.00039743      0.82248      0.49238
R-HSA-5368598       SET       3      0.70205     0.021752      0.66383      0.14517
R-HSA-9673324       SET       2     0.015707   0.00039743      0.82248      0.49238
R-HSA-110312        SET       3       0.5805     0.017986      0.48193      0.11424
R-HSA-110320        SET       3       0.5805     0.017986      0.48193      0.11424
R-HSA-174411        SET       3     -0.20695   -0.0064121      0.67253      0.62084
R-HSA-176187        SET       3       0.5805     0.017986      0.48193      0.11424
R-HSA-5651801       SET       3       0.5805     0.017986      0.48193      0.11424
R-HSA-5655862       SET       4      0.57762     0.020662      0.44535     0.097362
R-HSA-5656121       SET       4      0.39196     0.014021      0.44542      0.18947
R-HSA-5656169       SET       6      0.42052     0.018417      0.39182      0.14163
R-HSA-5685942       SET       6       0.7457     0.032659      0.39134     0.028405
R-HSA-5696397       SET       4      0.57762     0.020662      0.44535     0.097362
R-HSA-69091         SET       2     -0.44788    -0.011332      0.82367      0.70668
R-HSA-166663        SET       2      -1.1952    -0.030242      0.75463      0.94334
R-HSA-3000480       SET       3     -0.74829    -0.023185      0.67208      0.86718
R-HSA-420029        SET       3    -0.051359   -0.0015913      0.67255      0.53043
R-HSA-388844        SET       7    -0.082533   -0.0039036      0.43804      0.57472
R-HSA-9014843       SET       2      0.31263    0.0079101      0.82387      0.35219
R-HSA-399719        SET       9      0.13393    0.0071804      0.33634      0.34526
R-HSA-438066        SET      10      0.17318    0.0097854       0.3231        0.296
R-HSA-442982        SET       8      0.23451     0.011856      0.35136      0.25227
R-HSA-447038        SET       2      0.43455     0.010995      0.82256      0.29867
R-HSA-8849932       SET      10    -0.048444   -0.0027373      0.36626      0.55261
R-HSA-9609736       SET       7      0.26935      0.01274      0.36859      0.23249
R-HSA-9617324       SET       7      0.26935      0.01274      0.36859      0.23249
R-HSA-2024101       SET       2      0.53677     0.013581      0.81885      0.25609
R-HSA-3899300       SET       2     -0.18586   -0.0047026      0.82168      0.58947
R-HSA-5339700       SET       2     -0.88261    -0.022332      0.82132      0.85869
R-HSA-5635838       SET       7     0.092724    0.0043857      0.44109      0.41676
R-HSA-418885        SET       6     -0.46112    -0.020195      0.47549      0.83388
R-HSA-5620912       SET      15     -0.11602   -0.0080227      0.30126      0.64991
R-HSA-2514853       SET       3     -0.99374     -0.03079      0.67256      0.93018
R-HSA-71336         SET       2      0.44017     0.011137      0.82109      0.29597
R-HSA-109704        SET       5     -0.23897   -0.0095557      0.52045      0.67692
R-HSA-5654712       SET       3      -1.1328    -0.035097      0.67121      0.95421
R-HSA-5654719       SET       2      -1.7774    -0.044973       0.8217       0.9847
R-HSA-5654720       SET       2      -1.0275    -0.025997      0.82153      0.89442
R-HSA-5654733       SET       2      -1.0275    -0.025997      0.82153      0.89442
R-HSA-936440        SET       5     -0.25249    -0.010096      0.52041       0.6862
R-HSA-2468052       SET       3     -0.42526    -0.013176      0.67111      0.73683
R-HSA-2470946       SET       2     -0.24615   -0.0062283      0.82125       0.6178
R-HSA-9667769       SET       3      -0.8791    -0.027238       0.6713      0.90478
R-HSA-977443        SET       6      0.44992     0.019705      0.48351      0.17608
R-HSA-2565942       SET       9     -0.21808    -0.011692      0.38895      0.71247
R-HSA-380259        SET       8     -0.16649   -0.0084169       0.4126       0.6567
R-HSA-380284        SET       8     -0.16649   -0.0084169       0.4126       0.6567
R-HSA-380320        SET       9      0.13835    0.0074173      0.38905      0.36108
R-HSA-8854518       SET       8     -0.16649   -0.0084169       0.4126       0.6567
R-HSA-9031628       SET       4     -0.38618    -0.013814      0.58192      0.74651
R-HSA-389397        SET       2      -0.7518    -0.019022      0.82158      0.81989
R-HSA-429947        SET       2      0.89486     0.022642      0.82239      0.13832
R-HSA-6804115       SET       2      0.89486     0.022642      0.82239      0.13832
R-HSA-9820841       SET       2      0.89486     0.022642      0.82239      0.13832
R-HSA-5210891       SET       2     -0.47603    -0.012045      0.81195      0.72113
R-HSA-5654693       SET       2     -0.59175    -0.014973      0.82286      0.76394
R-HSA-5654695       SET       2     -0.11832   -0.0029938      0.82314      0.55714
R-HSA-5654699       SET       2     -0.86957    -0.022002      0.82359      0.85443
R-HSA-5654700       SET       3     -0.52656    -0.016315      0.67224      0.78324
R-HSA-5654706       SET       2     -0.59175    -0.014973      0.82286      0.76394
R-HSA-5654727       SET       2     -0.11832   -0.0029938      0.82314      0.55714
R-HSA-5655253       SET       2     -0.86957    -0.022002      0.82359      0.85443
R-HSA-5655302       SET       4      0.14126    0.0050532       0.5836      0.40438
R-HSA-5696394       SET       3     -0.14656    -0.004541      0.66855      0.58675
R-HSA-1483226       SET       2      0.18587    0.0047028       0.8235      0.41072
R-HSA-189451        SET       2     0.065795    0.0016648      0.82365      0.46817
R-HSA-189483        SET       3      0.26556    0.0082281      0.67174      0.34631
R-HSA-917937        SET       2     -0.53599    -0.013562      0.82223      0.74274
R-HSA-9818032       SET       2       0.5269     0.013332       0.8219      0.26076
R-HSA-418886        SET       4     -0.47269    -0.016909      0.58135      0.79188
R-HSA-77352         SET       2     0.066292    0.0016773        1.042      0.47464
R-HSA-9733709       SET       5     -0.20191   -0.0080737      0.51897      0.65137
R-HSA-9754189       SET       3      0.23739    0.0073552      0.67188      0.36194
R-HSA-9793380       SET       2       1.0218     0.025853      0.82316       0.1073
R-HSA-9796292       SET       5      0.28831     0.011529      0.52088      0.28998
R-HSA-111932        SET       2      0.28292    0.0071586      0.52207      0.29395
R-HSA-5673000       SET       6    -0.072866   -0.0031913       0.4057      0.57126
R-HSA-6802946       SET      11      0.38805     0.022993      0.31166       0.1066
R-HSA-6802955       SET      11      0.38805     0.022993      0.31166       0.1066
R-HSA-9649948       SET      11      0.38805     0.022993      0.31166       0.1066
R-HSA-9656223       SET      11      0.38805     0.022993      0.31166       0.1066
R-HSA-1655829       SET       2     -0.51675    -0.013075      0.82355       0.7348
R-HSA-983170        SET       3     -0.77117    -0.023894      0.67177      0.87446
R-HSA-5620922       SET       5     -0.12678   -0.0050694      0.51975      0.59634
R-HSA-8939245       SET       3      0.10869    0.0033676      0.65448      0.43406
R-HSA-210744        SET       2      0.61637     0.015596      0.82363      0.22715
R-HSA-166058        SET       3      0.05232    0.0016211      0.66965      0.46886
R-HSA-5602498       SET       2      0.11924    0.0030169      0.81812      0.44207
R-HSA-5603041       SET       2      0.11924    0.0030169      0.81812      0.44207
R-HSA-5686938       SET       2      0.11924    0.0030169      0.81812      0.44207
R-HSA-354192        SET       3       0.3872     0.011997      0.67148      0.28211
R-HSA-354194        SET       2     0.012028   0.00030434      0.82303      0.49417
R-HSA-372708        SET       3     0.097658    0.0030258      0.66462       0.4416
R-HSA-5674135       SET       9      0.44586     0.023904      0.38835      0.12551
R-HSA-6802948       SET       9      0.44586     0.023904      0.38835      0.12551
R-HSA-2453902       SET       2     -0.28515    -0.007215      0.82347      0.63542
R-HSA-399710        SET       3     -0.14519   -0.0044985      0.66998      0.58577
R-HSA-9022699       SET       4      0.33973     0.012153        0.582      0.27972
R-HSA-1592389       SET       2       -1.034    -0.026163      0.82315      0.89542
R-HSA-75105         SET       3     -0.38041    -0.011787      0.67115      0.71456
R-HSA-9861718       SET       3     -0.60185    -0.018648      0.67201      0.81473
R-HSA-112314        SET       3      0.14942    0.0046295      0.64995       0.4091
R-HSA-2046105       SET       3     -0.42005    -0.013015      0.67276      0.73378
R-HSA-2046106       SET       3     -0.42005    -0.013015      0.67276      0.73378
R-HSA-426117        SET       3      -1.4213    -0.044038      0.77587      0.96647
R-HSA-352230        SET       4       1.1122     0.039784      0.58063     0.027763
R-HSA-442660        SET       2      -1.0273    -0.025993      0.76733      0.90963
R-HSA-163615        SET       2      -1.3626    -0.034477       0.8197      0.95172
R-HSA-164378        SET       2      -1.3626    -0.034477       0.8197      0.95172
R-HSA-170660        SET       2      -1.3626    -0.034477       0.8197      0.95172
R-HSA-170670        SET       3    -0.050518   -0.0015652      0.67052      0.53003
R-HSA-156581        SET       2      0.87481     0.022135      0.82139      0.14347
R-HSA-2029482       SET      10      0.30296     0.017119      0.36839      0.20546
R-HSA-9664422       SET      11      0.36004     0.021334      0.35127      0.15273
R-HSA-5662702       SET       2     -0.26739   -0.0067656      0.82033      0.62776
R-HSA-389661        SET       3     0.048565    0.0015047      0.67267      0.47122
R-HSA-8939247       SET       2       0.9194     0.023263      0.78938      0.12211
R-HSA-75892         SET       3      0.28973    0.0089769      0.67116        0.333
R-HSA-76061         SET       3      0.34924     0.010821      0.67042      0.30123
R-HSA-76066         SET       3      0.34924     0.010821      0.67042      0.30123
R-HSA-76071         SET       3    -0.015137  -0.00046901       0.6704      0.50901
R-HSA-975578        SET       3     -0.14437   -0.0044732      0.66969      0.58534
R-HSA-2022870       SET       4     -0.45757    -0.016368      0.56553      0.79074
R-HSA-418890        SET       4     -0.66024    -0.023618      0.57641      0.87394
R-HSA-5689896       SET       6     -0.35226    -0.015428      0.47536      0.77064
R-HSA-2691232       SET       3      0.75754     0.023471      0.67048      0.12931
R-HSA-70171         SET       3     -0.11798   -0.0036555      0.47557      0.59796
R-HSA-195399        SET       2      -1.4991    -0.037931      0.82317      0.96566
R-HSA-379726        SET       2     -0.31616   -0.0079996      0.81414       0.6511
R-HSA-8854214       SET       4     0.015947   0.00057044      0.58159      0.48906
R-HSA-390471        SET       5      0.12394    0.0049561      0.51944      0.40571
R-HSA-6782315       SET       3      0.19962    0.0061849      0.67068        0.383
R-HSA-916853        SET       2     -0.83073    -0.021019      0.82331      0.84348
R-HSA-381753        SET       3     -0.60959    -0.018887      0.67252      0.81761
R-HSA-9609523       SET       2      0.81553     0.020635      0.82317      0.16095
R-HSA-2559582       SET       4     0.027524   0.00098456      0.57987      0.48107
R-HSA-6804760       SET       2      0.52983     0.013406      0.81752      0.25848
R-HSA-174577        SET       2      -1.0453    -0.026448      0.75469      0.91693
R-HSA-6790901       SET       2      0.64925     0.016427      0.82305      0.21514
R-HSA-200425        SET       6     0.044631    0.0019547      0.47494      0.46257
R-HSA-163685        SET       2      -1.3783    -0.034874       1.0329       0.9089
R-HSA-163767        SET       2      -1.3783    -0.034874       1.0329       0.9089
R-HSA-198753        SET       4     -0.82894    -0.029652      0.64391      0.90096
R-HSA-202670        SET       3     -0.48007    -0.014874      0.77309      0.73267
R-HSA-5675221       SET       6     -0.70934    -0.031067      0.50707      0.91903
R-HSA-9634600       SET       2      -1.3783    -0.034874       1.0329       0.9089
R-HSA-9758881       SET       2      0.51874     0.013125      0.82343      0.26438
R-HSA-181430        SET       6     -0.38298    -0.016773      0.47465       0.7901
R-HSA-210500        SET       8     -0.34728    -0.017557      0.41134       0.8007
R-HSA-264642        SET       6     -0.38298    -0.016773      0.47465       0.7901
R-HSA-888590        SET       3     0.090281    0.0027973      0.67259      0.44662
R-HSA-70268         SET       2     -0.71517    -0.018095      0.82329      0.80745
R-HSA-450321        SET       2      0.56237     0.014229      0.81163      0.24421
R-HSA-5357956       SET       3    -0.020829  -0.00064536      0.67243      0.51235
R-HSA-112126        SET       2       -1.496    -0.037851      0.81516      0.96671
R-HSA-451307        SET       2     -0.22073   -0.0055849      0.82287      0.60573
R-HSA-5205685       SET       3      0.46142     0.014297      0.67018      0.24559
R-HSA-2142789       SET       2      0.60147     0.015219      0.82331      0.23255
R-HSA-351202        SET       2    -0.098261   -0.0024862      0.81812       0.5478
R-HSA-2730905       SET       2      -1.0119    -0.025604      0.82265      0.89062
R-HSA-5621480       SET       2      0.54228     0.013721      0.82323      0.25506
R-HSA-5621575       SET       4     -0.17521   -0.0062676       0.5801      0.61868
R-HSA-9032500       SET       3     0.036578    0.0011333      0.67144      0.47828
R-HSA-9615017       SET       6     -0.11204   -0.0049068       0.3888      0.61338
R-HSA-2022923       SET       2      -1.5224     -0.03852       0.6503      0.99035
R-HSA-8931987       SET       3      0.35067     0.010865      0.65376      0.29586
R-HSA-8939256       SET       3      0.35067     0.010865      0.65376      0.29586
R-HSA-3299685       SET       2      0.12183    0.0030826      0.82033      0.44097
R-HSA-8950505       SET       3     -0.49028    -0.015191      0.66328      0.77007
R-HSA-199920        SET       2     -0.47941     -0.01213      0.82333      0.71979
R-HSA-1839117       SET       4     -0.26226   -0.0093813      0.58195      0.67386
R-HSA-72649         SET       4       1.0942     0.039141      0.57113      0.02774
R-HSA-72695         SET       4       1.0942     0.039141      0.57113      0.02774
R-HSA-72702         SET       4       1.0942     0.039141      0.57113      0.02774
R-HSA-373756        SET       2      0.43668     0.011049      0.81691       0.2965
R-HSA-5663213       SET       5     0.052119    0.0020841      0.52082      0.46015
R-HSA-174437        SET       3      0.59659     0.018485       0.4819       0.1079
R-HSA-3371511       SET       2      0.66314     0.016779      0.52937      0.10521
R-HSA-5358565       SET       2      0.66314     0.016779      0.52937      0.10521
R-HSA-5358606       SET       2      0.66314     0.016779      0.52937      0.10521
R-HSA-68962         SET       3      0.36536      0.01132      0.48204      0.22427
R-HSA-69166         SET       3      0.36536      0.01132      0.48204      0.22427
R-HSA-211976        SET       3     0.050006    0.0015494      0.67261      0.47037
R-HSA-8849471       SET       4     -0.14972   -0.0053556      0.57725      0.60231
R-HSA-74713         SET       2     -0.77186     -0.01953      0.82187      0.82614
R-HSA-74749         SET       2     -0.77186     -0.01953      0.82187      0.82614
R-HSA-74751         SET       3     -0.96213     -0.02981      0.67143      0.92401
R-HSA-9648895       SET       4     -0.58508    -0.020929      0.57558      0.84526
R-HSA-1236382       SET       2      0.19805    0.0050111      0.82373      0.40501
R-HSA-2179392       SET       3      -0.1058    -0.003278      0.67257      0.56249
R-HSA-5637810       SET       2      0.19805    0.0050111      0.82373      0.40501
R-HSA-9665348       SET       2      0.19805    0.0050111      0.82373      0.40501
R-HSA-69231         SET       5      0.72923      0.02916      0.43736     0.047777
R-HSA-9661069       SET       2       1.1226     0.028405      0.57698     0.025889
R-HSA-9754706       SET       2      0.27656    0.0069975      0.82374      0.36855
R-HSA-1268020       SET       4       1.2672     0.045328      0.58152     0.014702
R-HSA-8949664       SET       3       1.2735     0.039458      0.66514     0.027816
R-HSA-9768919       SET       4      0.71239     0.025483      0.58172      0.11041
R-HSA-171319        SET       2    -0.074969   -0.0018969      0.82316      0.53628
R-HSA-174414        SET       2       1.1687     0.029571      0.82319     0.077895
R-HSA-174430        SET       2     -0.40051    -0.010134      0.82352      0.68662
R-HSA-5620916       SET       4      0.92384     0.033047      0.58116     0.056008
R-HSA-3214842       SET       8      0.52834     0.026711      0.41104     0.099383
R-HSA-2151209       SET       2       1.0401     0.026317       0.8228      0.10314
R-HSA-9613354       SET       2       1.0401     0.026317       0.8228      0.10314
R-HSA-9619483       SET       3      0.76258     0.023628      0.67199      0.12827
R-HSA-2299718       SET       3      0.91194     0.028255      0.49633     0.033127
R-HSA-400511        SET       3      0.33522     0.010387      0.66804      0.30792
R-HSA-9690406       SET       4     -0.31102    -0.011126      0.57803      0.70472
R-HSA-9823730       SET       6      0.28283     0.012387      0.47154      0.27434
R-HSA-8949215       SET       2       1.0313     0.026094      0.81063       0.1017
R-HSA-5683826       SET       3      0.71988     0.022305      0.67216      0.14213
R-HSA-8963889       SET       4     -0.51172    -0.018305      0.58255      0.81011
R-HSA-69273         SET       4      0.39162     0.014009      0.58118      0.25023
R-HSA-390696        SET       2      0.30146    0.0076276      0.81733      0.35614
R-HSA-391160        SET       2     -0.70975    -0.017958      0.82152      0.80616
R-HSA-6803157       SET       3     -0.54867       -0.017      0.67215       0.7928
R-HSA-113501        SET       3      0.40234     0.012466      0.51658      0.21807
R-HSA-2465910       SET       2      -1.3623    -0.034468      0.81789      0.95205
R-HSA-5626978       SET       2      0.35202    0.0089069      0.80133      0.33024
R-HSA-192105        SET       4      0.14816    0.0052999       0.5826      0.39964
R-HSA-193807        SET       4      0.10782    0.0038568       0.5826       0.4266
R-HSA-5625886       SET       3      0.79734     0.024705      0.63112      0.10328
R-HSA-9603798       SET       2      0.98344     0.024883      0.82343      0.11622
R-HSA-5576886       SET       3       1.4829     0.045945      0.66989     0.013464
R-HSA-9673768       SET       2      0.97088     0.024565      0.81882      0.11791
R-HSA-432720        SET       2    0.0011938   3.0205e-05      0.82332      0.49942
R-HSA-1237112       SET       2      0.23588    0.0059683      0.82363       0.3873
R-HSA-168928        SET       3     -0.48564    -0.015047      0.67233      0.76492
R-HSA-918233        SET       3     -0.48564    -0.015047      0.67233      0.76492
R-HSA-933541        SET       3     -0.48564    -0.015047      0.67233      0.76492
R-HSA-933542        SET       2     -0.90103    -0.022798      0.82299      0.86316
R-HSA-174490        SET       2     -0.65523    -0.016579       0.7937      0.79544
R-HSA-9648002       SET       4     -0.57893    -0.020709       0.5822      0.83994
R-HSA-167060        SET       2     -0.66819    -0.016907      0.82363      0.79136
R-HSA-434316        SET       3     -0.25697    -0.007962      0.67219      0.64886
R-HSA-9026519       SET       2     -0.58041    -0.014686      0.82346      0.75952
R-HSA-9028731       SET       3     -0.33403     -0.01035      0.67216      0.69037
R-HSA-9032845       SET       2      0.27981    0.0070798      0.82352      0.36703
R-HSA-167044        SET       2      -1.1523    -0.029156      0.82295      0.91923
R-HSA-5632681       SET       2      0.71963     0.018208      0.82371      0.19119
R-HSA-2871796       SET       3     -0.49774    -0.015422      0.66557      0.77269
R-HSA-9029558       SET       2     -0.38619   -0.0097714      0.82352      0.68043
R-HSA-446388        SET       3     -0.76645    -0.023748      0.67196      0.87294
R-HSA-196791        SET       3     0.073251    0.0022696      0.67204      0.45661
R-HSA-8964011       SET       2     -0.04647   -0.0011758      0.82331       0.5225
R-HSA-194306        SET       2     -0.44387    -0.011231      0.82287      0.70518
R-HSA-2142691       SET       3    -0.058696   -0.0018186      0.67137      0.53483
R-HSA-9018896       SET       2     -0.17019   -0.0043063      0.82318      0.58189
R-HSA-9023661       SET       2     -0.17019   -0.0043063      0.82318      0.58189
R-HSA-9026286       SET       2     -0.17019   -0.0043063      0.82318      0.58189
R-HSA-392517        SET       3      0.56462     0.017494      0.67025      0.19981
R-HSA-446205        SET       2      -1.6329    -0.041316      0.81662      0.97718
R-HSA-381771        SET       2        0.144    0.0036436      0.82316      0.43057
R-HSA-1855183       SET       2     -0.91917    -0.023257      0.82333      0.86783
R-HSA-9733458       SET       3      0.41985     0.013009       0.6693      0.26526
R-HSA-9831926       SET       2     0.045939    0.0011624      0.81581      0.47755
R-HSA-425393        SET       3     -0.55368    -0.017155      0.67179      0.79505
R-HSA-5627123       SET       3     -0.96917    -0.030029      0.67207      0.92531
R-HSA-9645135       SET       3      0.47248     0.014639      0.67167      0.24092
R-HSA-9702518       SET       5      0.37364     0.014941       0.5204      0.23641
R-HSA-9703648       SET       4      0.01923   0.00068787      0.58199      0.48682
R-HSA-5676594       SET       3     -0.78293    -0.024258      0.67268      0.87772
R-HSA-376172        SET       3     -0.61293    -0.018991      0.67167      0.81922
R-HSA-420597        SET       2    -0.075889   -0.0019202      0.82368       0.5367
R-HSA-1169092       SET       2     -0.10102   -0.0025561       0.8222      0.54889
R-HSA-2428933       SET       2      0.63462     0.016057      0.82342      0.22047
R-HSA-6802953       SET       3     -0.38673    -0.011982      0.58719       0.7449
R-HSA-5625970       SET       3       1.0377     0.032151      0.67203     0.061335
R-HSA-5625740       SET       2      -1.7827    -0.045105      0.82248      0.98486
R-HSA-5625900       SET       4     -0.20759   -0.0074256      0.58225      0.63926
R-HSA-5627117       SET       3      -1.0776    -0.033388       0.6721      0.94552
R-HSA-163765        SET       2      0.32979    0.0083445      0.82095      0.34396
R-HSA-196780        SET       4      0.17436    0.0062371      0.57522      0.38091
R-HSA-936964        SET       2      0.25212    0.0063791      0.82306      0.37969
R-HSA-427975        SET       2       1.0909     0.027603      0.82256     0.092425
R-HSA-901032        SET       2      0.87126     0.022045      0.82149      0.14448
R-HSA-3371599       SET       3    -0.077364    -0.002397       0.6613      0.54656
R-HSA-9705677       SET       2       0.1841    0.0046582      0.82356      0.41156
R-HSA-5693554       SET       2       1.3144     0.033258      0.82014     0.054552
R-HSA-5693579       SET       2       1.3144     0.033258      0.82014     0.054552
R-HSA-9701192       SET       2       1.3144     0.033258      0.82014     0.054552
R-HSA-9704331       SET       2       1.3144     0.033258      0.82014     0.054552
R-HSA-9704646       SET       2       1.3144     0.033258      0.82014     0.054552
R-HSA-9709603       SET       2       1.3144     0.033258      0.82014     0.054552
R-HSA-2660826       SET       2      0.64826     0.016402      0.82223      0.21526
R-HSA-8935964       SET       2      0.56851     0.014385      0.79104      0.23619
R-HSA-9627069       SET       2      0.64875     0.016415      0.82233      0.21511
R-HSA-1181150       SET       4      0.10585    0.0037864      0.64554      0.43488
R-HSA-1502540       SET       2      0.32531     0.008231      0.82268      0.34628
R-HSA-2173788       SET       3      0.26157    0.0081046      0.67214      0.34859
R-HSA-3304356       SET       2      0.32531     0.008231      0.82268      0.34628
R-HSA-3311021       SET       2      0.32531     0.008231      0.82268      0.34628
R-HSA-3315487       SET       2      0.32531     0.008231      0.82268      0.34628
R-HSA-3656532       SET       2      0.32531     0.008231      0.82268      0.34628
R-HSA-8866904       SET       2    -0.083263   -0.0021067      0.82175      0.54035
R-HSA-9022707       SET       2       1.1954     0.030246      0.81519     0.071321
R-HSA-114516        SET       2     -0.58638    -0.014837      0.82343      0.76178
R-HSA-5099900       SET       3      -0.5812    -0.018008      0.67183      0.80647
R-HSA-76005         SET       2     -0.58638    -0.014837      0.82343      0.76178
R-HSA-8939246       SET       2      0.23085    0.0058411      0.79098      0.38521
R-HSA-1660514       SET       2     -0.65184    -0.016493      0.82387      0.78555
R-HSA-1660516       SET       2     -0.55197    -0.013966      0.82317      0.74872
R-HSA-1660517       SET       2     -0.55197    -0.013966      0.82317      0.74872
R-HSA-844455        SET       2     0.072024    0.0018224      0.82119      0.46506
R-HSA-111453        SET       2     -0.00158  -3.9978e-05      0.82257      0.50077
R-HSA-1606341       SET       2     -0.56673    -0.014339      0.82218      0.75465
R-HSA-3134975       SET       2     -0.56673    -0.014339      0.82218      0.75465
R-HSA-3270619       SET       2     -0.56673    -0.014339      0.82218      0.75465
