Welcome to MAGMA v1.10 (linux/s)
Using flags:
	--gene-results MAGMA_gene_analysis/gene_results.genes.raw
	--set-annot GENE_SET_FILE.txt
	--out MAGMA_gene-set_analysis/competitive_gene_set_analysis

Start time is 21:13:52, Sunday 10 Nov 2024

Reading file MAGMA_gene_analysis/gene_results.genes.raw... 
	3123 genes read from file
Loading gene-set annotation...
Reading file GENE_SET_FILE.txt... 
	WARNING: gene set R-HSA-9864848 contains no genes defined in genotype data
	WARNING: gene set R-HSA-140534 contains no genes defined in genotype data
	WARNING: gene set R-HSA-2562578 contains no genes defined in genotype data
	WARNING: gene set R-HSA-3371378 contains no genes defined in genotype data
	WARNING: gene set R-HSA-5218900 contains no genes defined in genotype data
	WARNING: gene set R-HSA-5660668 contains no genes defined in genotype data
	WARNING: gene set R-HSA-69416 contains no genes defined in genotype data
	WARNING: gene set R-HSA-75108 contains no genes defined in genotype data
	WARNING: gene set R-HSA-75157 contains no genes defined in genotype data
	WARNING: gene set R-HSA-9013957 contains no genes defined in genotype data
	WARNING: gene set R-HSA-9686347 contains no genes defined in genotype data
	WARNING: gene set R-HSA-9693928 contains no genes defined in genotype data
	WARNING: gene set R-HSA-9758274 contains no genes defined in genotype data
	WARNING: gene set R-HSA-380108 contains no genes defined in genotype data
	WARNING: gene set R-HSA-1839122 contains no genes defined in genotype data
	WARNING: gene set R-HSA-1839130 contains no genes defined in genotype data
	WARNING: gene set R-HSA-190372 contains no genes defined in genotype data
	WARNING: gene set R-HSA-190373 contains no genes defined in genotype data
	WARNING: gene set R-HSA-5654219 contains no genes defined in genotype data
	WARNING: gene set R-HSA-5654227 contains no genes defined in genotype data
	WARNING: gene set R-HSA-3359475 contains no genes defined in genotype data
	WARNING: gene set R-HSA-3359478 contains no genes defined in genotype data
	WARNING: gene set R-HSA-444821 contains no genes defined in genotype data
	WARNING: gene set R-HSA-9717207 contains no genes defined in genotype data
	WARNING: gene set R-HSA-1483255 contains no genes defined in genotype data
	WARNING: gene set R-HSA-804914 contains no genes defined in genotype data
	WARNING: gene set R-HSA-8963888 contains no genes defined in genotype data
	WARNING: gene set R-HSA-164940 contains no genes defined in genotype data
	WARNING: gene set R-HSA-2172127 contains no genes defined in genotype data
	WARNING: gene set R-HSA-5683329 contains no genes defined in genotype data
	WARNING: gene set R-HSA-196025 contains no genes defined in genotype data
	WARNING: gene set R-HSA-8937144 contains no genes defined in genotype data
	WARNING: gene set R-HSA-9033807 contains no genes defined in genotype data
	WARNING: gene set R-HSA-211999 contains no genes defined in genotype data
	WARNING: gene set R-HSA-2142670 contains no genes defined in genotype data
	WARNING: gene set R-HSA-2142816 contains no genes defined in genotype data
	WARNING: gene set R-HSA-190840 contains no genes defined in genotype data
	WARNING: gene set R-HSA-190861 contains no genes defined in genotype data
	WARNING: gene set R-HSA-5617833 contains no genes defined in genotype data
	WARNING: gene set R-HSA-6804116 contains no genes defined in genotype data
	WARNING: gene set R-HSA-1810476 contains no genes defined in genotype data
	WARNING: gene set R-HSA-4043916 contains no genes defined in genotype data
	WARNING: gene set R-HSA-3065678 contains no genes defined in genotype data
	WARNING: gene set R-HSA-4655427 contains no genes defined in genotype data
	WARNING: gene set R-HSA-4755510 contains no genes defined in genotype data
	WARNING: gene set R-HSA-9793242 contains no genes defined in genotype data
	WARNING: gene set R-HSA-9730628 contains no genes defined in genotype data
	WARNING: gene set R-HSA-444473 contains no genes defined in genotype data
	WARNING: gene set R-HSA-9707587 contains no genes defined in genotype data
	WARNING: gene set R-HSA-9636667 contains no genes defined in genotype data
	1533 gene-set definitions read from file
	found 1483 gene sets containing genes defined in genotype data (containing a total of 1643 unique genes)
Preparing variables for analysis...
	truncating Z-scores 3 points below zero or 6 standard deviations above the mean
	WARNING: discarding gene set 'R-HSA-9027276' from file GENE_SET_FILE.txt, variance is too low (set contains only one gene used in analysis)
	WARNING: discarding gene set 'R-HSA-167590' from file GENE_SET_FILE.txt, variance is too low (set contains only one gene used in analysis)
	WARNING: discarding gene set 'R-HSA-202427' from file GENE_SET_FILE.txt, variance is too low (set contains only one gene used in analysis)
	WARNING: discarding gene set 'R-HSA-8964539' from file GENE_SET_FILE.txt, variance is too low (set contains only one gene used in analysis)
	WARNING: discarding gene set 'R-HSA-1237044' from file GENE_SET_FILE.txt, variance is too low (set contains only one gene used in analysis)
	WARNING: discarding gene set 'R-HSA-8866427' from file GENE_SET_FILE.txt, variance is too low (set contains only one gene used in analysis)
	WARNING: discarding gene set 'R-HSA-8875555' from file GENE_SET_FILE.txt, variance is too low (set contains only one gene used in analysis)
	WARNING: discarding gene set 'R-HSA-205043' from file GENE_SET_FILE.txt, variance is too low (set contains only one gene used in analysis)
	WARNING: discarding gene set 'R-HSA-5609974' from file GENE_SET_FILE.txt, variance is too low (set contains only one gene used in analysis)
	WARNING: discarding gene set 'R-HSA-70221' from file GENE_SET_FILE.txt, variance is too low (set contains only one gene used in analysis)
	WARNING: discarding gene set 'R-HSA-70370' from file GENE_SET_FILE.txt, variance is too low (set contains only one gene used in analysis)
	WARNING: discarding gene set 'R-HSA-5140745' from file GENE_SET_FILE.txt, variance is too low (set contains only one gene used in analysis)
	WARNING: discarding gene set 'R-HSA-8985947' from file GENE_SET_FILE.txt, variance is too low (set contains only one gene used in analysis)
	WARNING: discarding gene set 'R-HSA-9020958' from file GENE_SET_FILE.txt, variance is too low (set contains only one gene used in analysis)
	WARNING: discarding gene set 'R-HSA-9705462' from file GENE_SET_FILE.txt, variance is too low (set contains only one gene used in analysis)
	WARNING: discarding gene set 'R-HSA-9732724' from file GENE_SET_FILE.txt, variance is too low (set contains only one gene used in analysis)
	WARNING: discarding gene set 'R-HSA-5250955' from file GENE_SET_FILE.txt, variance is too low (set contains only one gene used in analysis)
	WARNING: discarding gene set 'R-HSA-5250968' from file GENE_SET_FILE.txt, variance is too low (set contains only one gene used in analysis)
	WARNING: discarding gene set 'R-HSA-5250981' from file GENE_SET_FILE.txt, variance is too low (set contains only one gene used in analysis)
	WARNING: discarding gene set 'R-HSA-5250992' from file GENE_SET_FILE.txt, variance is too low (set contains only one gene used in analysis)
	WARNING: discarding gene set 'R-HSA-1236977' from file GENE_SET_FILE.txt, variance is too low (set contains only one gene used in analysis)
	WARNING: discarding gene set 'R-HSA-629587' from file GENE_SET_FILE.txt, variance is too low (set contains only one gene used in analysis)
	WARNING: discarding gene set 'R-HSA-2980766' from file GENE_SET_FILE.txt, variance is too low (set contains only one gene used in analysis)
	WARNING: discarding gene set 'R-HSA-352238' from file GENE_SET_FILE.txt, variance is too low (set contains only one gene used in analysis)
	WARNING: discarding gene set 'R-HSA-8862803' from file GENE_SET_FILE.txt, variance is too low (set contains only one gene used in analysis)
	WARNING: discarding gene set 'R-HSA-193692' from file GENE_SET_FILE.txt, variance is too low (set contains only one gene used in analysis)
	WARNING: discarding gene set 'R-HSA-9017802' from file GENE_SET_FILE.txt, variance is too low (set contains only one gene used in analysis)
	WARNING: discarding gene set 'R-HSA-446210' from file GENE_SET_FILE.txt, variance is too low (set contains only one gene used in analysis)
	WARNING: discarding gene set 'R-HSA-210991' from file GENE_SET_FILE.txt, variance is too low (set contains only one gene used in analysis)
	WARNING: discarding gene set 'R-HSA-196807' from file GENE_SET_FILE.txt, variance is too low (set contains only one gene used in analysis)
	WARNING: discarding gene set 'R-HSA-111995' from file GENE_SET_FILE.txt, variance is too low (set contains only one gene used in analysis)
	WARNING: discarding gene set 'R-HSA-2142753' from file GENE_SET_FILE.txt, variance is too low (set contains only one gene used in analysis)
	WARNING: discarding gene set 'R-HSA-2022377' from file GENE_SET_FILE.txt, variance is too low (set contains only one gene used in analysis)
	WARNING: discarding gene set 'R-HSA-5658034' from file GENE_SET_FILE.txt, variance is too low (set contains only one gene used in analysis)
	WARNING: discarding gene set 'R-HSA-425410' from file GENE_SET_FILE.txt, variance is too low (set contains only one gene used in analysis)
	WARNING: discarding gene set 'R-HSA-390648' from file GENE_SET_FILE.txt, variance is too low (set contains only one gene used in analysis)
	WARNING: discarding gene set 'R-HSA-198693' from file GENE_SET_FILE.txt, variance is too low (set contains only one gene used in analysis)
	WARNING: discarding gene set 'R-HSA-211163' from file GENE_SET_FILE.txt, variance is too low (set contains only one gene used in analysis)
	WARNING: discarding gene set 'R-HSA-9614399' from file GENE_SET_FILE.txt, variance is too low (set contains only one gene used in analysis)
	WARNING: discarding gene set 'R-HSA-9755779' from file GENE_SET_FILE.txt, variance is too low (set contains only one gene used in analysis)
	WARNING: discarding gene set 'R-HSA-1222556' from file GENE_SET_FILE.txt, variance is too low (set contains only one gene used in analysis)
	WARNING: discarding gene set 'R-HSA-983712' from file GENE_SET_FILE.txt, variance is too low (set contains only one gene used in analysis)
	WARNING: discarding gene set 'R-HSA-77285' from file GENE_SET_FILE.txt, variance is too low (set contains only one gene used in analysis)
	WARNING: discarding gene set 'R-HSA-77305' from file GENE_SET_FILE.txt, variance is too low (set contains only one gene used in analysis)
	WARNING: discarding gene set 'R-HSA-201556' from file GENE_SET_FILE.txt, variance is too low (set contains only one gene used in analysis)
	WARNING: discarding gene set 'R-HSA-9717264' from file GENE_SET_FILE.txt, variance is too low (set contains only one gene used in analysis)
	WARNING: discarding gene set 'R-HSA-9717301' from file GENE_SET_FILE.txt, variance is too low (set contains only one gene used in analysis)
	WARNING: discarding gene set 'R-HSA-9717316' from file GENE_SET_FILE.txt, variance is too low (set contains only one gene used in analysis)
	WARNING: discarding gene set 'R-HSA-9717319' from file GENE_SET_FILE.txt, variance is too low (set contains only one gene used in analysis)
	WARNING: discarding gene set 'R-HSA-9717323' from file GENE_SET_FILE.txt, variance is too low (set contains only one gene used in analysis)
	WARNING: discarding gene set 'R-HSA-9717326' from file GENE_SET_FILE.txt, variance is too low (set contains only one gene used in analysis)
	WARNING: discarding gene set 'R-HSA-9717329' from file GENE_SET_FILE.txt, variance is too low (set contains only one gene used in analysis)
	WARNING: discarding gene set 'R-HSA-74259' from file GENE_SET_FILE.txt, variance is too low (set contains only one gene used in analysis)
	WARNING: discarding gene set 'R-HSA-8851680' from file GENE_SET_FILE.txt, variance is too low (set contains only one gene used in analysis)
	WARNING: discarding gene set 'R-HSA-193048' from file GENE_SET_FILE.txt, variance is too low (set contains only one gene used in analysis)
	WARNING: discarding gene set 'R-HSA-9836573' from file GENE_SET_FILE.txt, variance is too low (set contains only one gene used in analysis)
	WARNING: discarding gene set 'R-HSA-389887' from file GENE_SET_FILE.txt, variance is too low (set contains only one gene used in analysis)
	WARNING: discarding gene set 'R-HSA-5601884' from file GENE_SET_FILE.txt, variance is too low (set contains only one gene used in analysis)
	WARNING: discarding gene set 'R-HSA-2408522' from file GENE_SET_FILE.txt, variance is too low (set contains only one gene used in analysis)
	WARNING: discarding gene set 'R-HSA-9762293' from file GENE_SET_FILE.txt, variance is too low (set contains only one gene used in analysis)
	WARNING: discarding gene set 'R-HSA-5678520' from file GENE_SET_FILE.txt, variance is too low (set contains only one gene used in analysis)
	WARNING: discarding gene set 'R-HSA-9033500' from file GENE_SET_FILE.txt, variance is too low (set contains only one gene used in analysis)
	WARNING: discarding gene set 'R-HSA-1236973' from file GENE_SET_FILE.txt, variance is too low (set contains only one gene used in analysis)
	WARNING: discarding gene set 'R-HSA-264870' from file GENE_SET_FILE.txt, variance is too low (set contains only one gene used in analysis)
	WARNING: discarding gene set 'R-HSA-75158' from file GENE_SET_FILE.txt, variance is too low (set contains only one gene used in analysis)
	WARNING: discarding gene set 'R-HSA-1253288' from file GENE_SET_FILE.txt, variance is too low (set contains only one gene used in analysis)
	WARNING: discarding gene set 'R-HSA-434313' from file GENE_SET_FILE.txt, variance is too low (set contains only one gene used in analysis)
	WARNING: discarding gene set 'R-HSA-5576890' from file GENE_SET_FILE.txt, variance is too low (set contains only one gene used in analysis)
	WARNING: discarding gene set 'R-HSA-140837' from file GENE_SET_FILE.txt, variance is too low (set contains only one gene used in analysis)
	WARNING: discarding gene set 'R-HSA-75205' from file GENE_SET_FILE.txt, variance is too low (set contains only one gene used in analysis)
	WARNING: discarding gene set 'R-HSA-9820865' from file GENE_SET_FILE.txt, variance is too low (set contains only one gene used in analysis)
	WARNING: discarding gene set 'R-HSA-156588' from file GENE_SET_FILE.txt, variance is too low (set contains only one gene used in analysis)
	WARNING: discarding gene set 'R-HSA-1855191' from file GENE_SET_FILE.txt, variance is too low (set contains only one gene used in analysis)
	WARNING: discarding gene set 'R-HSA-3232118' from file GENE_SET_FILE.txt, variance is too low (set contains only one gene used in analysis)
	WARNING: discarding gene set 'R-HSA-9825895' from file GENE_SET_FILE.txt, variance is too low (set contains only one gene used in analysis)
	WARNING: discarding gene set 'R-HSA-9857377' from file GENE_SET_FILE.txt, variance is too low (set contains only one gene used in analysis)
	WARNING: discarding gene set 'R-HSA-5624958' from file GENE_SET_FILE.txt, variance is too low (set contains only one gene used in analysis)
	WARNING: discarding gene set 'R-HSA-390651' from file GENE_SET_FILE.txt, variance is too low (set contains only one gene used in analysis)
	WARNING: discarding gene set 'R-HSA-140342' from file GENE_SET_FILE.txt, variance is too low (set contains only one gene used in analysis)
	WARNING: discarding gene set 'R-HSA-9636249' from file GENE_SET_FILE.txt, variance is too low (set contains only one gene used in analysis)
	WARNING: discarding gene set 'R-HSA-8949613' from file GENE_SET_FILE.txt, variance is too low (set contains only one gene used in analysis)
	WARNING: discarding gene set 'R-HSA-5619095' from file GENE_SET_FILE.txt, variance is too low (set contains only one gene used in analysis)
	WARNING: discarding gene set 'R-HSA-5619052' from file GENE_SET_FILE.txt, variance is too low (set contains only one gene used in analysis)
	WARNING: discarding gene set 'R-HSA-5659898' from file GENE_SET_FILE.txt, variance is too low (set contains only one gene used in analysis)
	WARNING: discarding gene set 'R-HSA-112311' from file GENE_SET_FILE.txt, variance is too low (set contains only one gene used in analysis)
	WARNING: discarding gene set 'R-HSA-9022537' from file GENE_SET_FILE.txt, variance is too low (set contains only one gene used in analysis)
	WARNING: discarding gene set 'R-HSA-166662' from file GENE_SET_FILE.txt, variance is too low (set contains only one gene used in analysis)
	WARNING: discarding gene set 'R-HSA-2855086' from file GENE_SET_FILE.txt, variance is too low (set contains only one gene used in analysis)
	WARNING: discarding gene set 'R-HSA-9014826' from file GENE_SET_FILE.txt, variance is too low (set contains only one gene used in analysis)
	WARNING: discarding gene set 'R-HSA-169911' from file GENE_SET_FILE.txt, variance is too low (set contains only one gene used in analysis)
	WARNING: discarding gene set 'R-HSA-9842663' from file GENE_SET_FILE.txt, variance is too low (set contains only one gene used in analysis)
	WARNING: discarding gene set 'R-HSA-2485179' from file GENE_SET_FILE.txt, variance is too low (set contains only one gene used in analysis)
	WARNING: discarding gene set 'R-HSA-2206302' from file GENE_SET_FILE.txt, variance is too low (set contains only one gene used in analysis)
	WARNING: discarding gene set 'R-HSA-190377' from file GENE_SET_FILE.txt, variance is too low (set contains only one gene used in analysis)
	WARNING: discarding gene set 'R-HSA-168142' from file GENE_SET_FILE.txt, variance is too low (set contains only one gene used in analysis)
	WARNING: discarding gene set 'R-HSA-5603037' from file GENE_SET_FILE.txt, variance is too low (set contains only one gene used in analysis)
	WARNING: discarding gene set 'R-HSA-975871' from file GENE_SET_FILE.txt, variance is too low (set contains only one gene used in analysis)
	WARNING: discarding gene set 'R-HSA-1307965' from file GENE_SET_FILE.txt, variance is too low (set contains only one gene used in analysis)
	WARNING: discarding gene set 'R-HSA-5654228' from file GENE_SET_FILE.txt, variance is too low (set contains only one gene used in analysis)
	WARNING: discarding gene set 'R-HSA-9768777' from file GENE_SET_FILE.txt, variance is too low (set contains only one gene used in analysis)
	WARNING: discarding gene set 'R-HSA-190375' from file GENE_SET_FILE.txt, variance is too low (set contains only one gene used in analysis)
	WARNING: discarding gene set 'R-HSA-2033519' from file GENE_SET_FILE.txt, variance is too low (set contains only one gene used in analysis)
	WARNING: discarding gene set 'R-HSA-5654221' from file GENE_SET_FILE.txt, variance is too low (set contains only one gene used in analysis)
	WARNING: discarding gene set 'R-HSA-5654687' from file GENE_SET_FILE.txt, variance is too low (set contains only one gene used in analysis)
	WARNING: discarding gene set 'R-HSA-5654688' from file GENE_SET_FILE.txt, variance is too low (set contains only one gene used in analysis)
	WARNING: discarding gene set 'R-HSA-5654689' from file GENE_SET_FILE.txt, variance is too low (set contains only one gene used in analysis)
	WARNING: discarding gene set 'R-HSA-5654704' from file GENE_SET_FILE.txt, variance is too low (set contains only one gene used in analysis)
	WARNING: discarding gene set 'R-HSA-5654710' from file GENE_SET_FILE.txt, variance is too low (set contains only one gene used in analysis)
	WARNING: discarding gene set 'R-HSA-5654726' from file GENE_SET_FILE.txt, variance is too low (set contains only one gene used in analysis)
	WARNING: discarding gene set 'R-HSA-5654732' from file GENE_SET_FILE.txt, variance is too low (set contains only one gene used in analysis)
	WARNING: discarding gene set 'R-HSA-5655332' from file GENE_SET_FILE.txt, variance is too low (set contains only one gene used in analysis)
	WARNING: discarding gene set 'R-HSA-5658623' from file GENE_SET_FILE.txt, variance is too low (set contains only one gene used in analysis)
	WARNING: discarding gene set 'R-HSA-2161517' from file GENE_SET_FILE.txt, variance is too low (set contains only one gene used in analysis)
	WARNING: discarding gene set 'R-HSA-9793528' from file GENE_SET_FILE.txt, variance is too low (set contains only one gene used in analysis)
	WARNING: discarding gene set 'R-HSA-2025928' from file GENE_SET_FILE.txt, variance is too low (set contains only one gene used in analysis)
	WARNING: discarding gene set 'R-HSA-5339717' from file GENE_SET_FILE.txt, variance is too low (set contains only one gene used in analysis)
	WARNING: discarding gene set 'R-HSA-419771' from file GENE_SET_FILE.txt, variance is too low (set contains only one gene used in analysis)
	WARNING: discarding gene set 'R-HSA-71032' from file GENE_SET_FILE.txt, variance is too low (set contains only one gene used in analysis)
	WARNING: discarding gene set 'R-HSA-9759218' from file GENE_SET_FILE.txt, variance is too low (set contains only one gene used in analysis)
	WARNING: discarding gene set 'R-HSA-1461957' from file GENE_SET_FILE.txt, variance is too low (set contains only one gene used in analysis)
	WARNING: discarding gene set 'R-HSA-168179' from file GENE_SET_FILE.txt, variance is too low (set contains only one gene used in analysis)
	WARNING: discarding gene set 'R-HSA-168188' from file GENE_SET_FILE.txt, variance is too low (set contains only one gene used in analysis)
	WARNING: discarding gene set 'R-HSA-9637628' from file GENE_SET_FILE.txt, variance is too low (set contains only one gene used in analysis)
	WARNING: discarding gene set 'R-HSA-9918442' from file GENE_SET_FILE.txt, variance is too low (set contains only one gene used in analysis)
	WARNING: discarding gene set 'R-HSA-392154' from file GENE_SET_FILE.txt, variance is too low (set contains only one gene used in analysis)
	WARNING: discarding gene set 'R-HSA-6814848' from file GENE_SET_FILE.txt, variance is too low (set contains only one gene used in analysis)
	WARNING: discarding gene set 'R-HSA-5619079' from file GENE_SET_FILE.txt, variance is too low (set contains only one gene used in analysis)
	WARNING: discarding gene set 'R-HSA-5659729' from file GENE_SET_FILE.txt, variance is too low (set contains only one gene used in analysis)
	WARNING: discarding gene set 'R-HSA-1614635' from file GENE_SET_FILE.txt, variance is too low (set contains only one gene used in analysis)
	WARNING: discarding gene set 'R-HSA-3359467' from file GENE_SET_FILE.txt, variance is too low (set contains only one gene used in analysis)
	WARNING: discarding gene set 'R-HSA-3359469' from file GENE_SET_FILE.txt, variance is too low (set contains only one gene used in analysis)
	WARNING: discarding gene set 'R-HSA-389977' from file GENE_SET_FILE.txt, variance is too low (set contains only one gene used in analysis)
	WARNING: discarding gene set 'R-HSA-2206285' from file GENE_SET_FILE.txt, variance is too low (set contains only one gene used in analysis)
	WARNING: discarding gene set 'R-HSA-6798163' from file GENE_SET_FILE.txt, variance is too low (set contains only one gene used in analysis)
	WARNING: discarding gene set 'R-HSA-9708530' from file GENE_SET_FILE.txt, variance is too low (set contains only one gene used in analysis)
	WARNING: discarding gene set 'R-HSA-71064' from file GENE_SET_FILE.txt, variance is too low (set contains only one gene used in analysis)
	WARNING: discarding gene set 'R-HSA-168316' from file GENE_SET_FILE.txt, variance is too low (set contains only one gene used in analysis)
	WARNING: discarding gene set 'R-HSA-901042' from file GENE_SET_FILE.txt, variance is too low (set contains only one gene used in analysis)
	WARNING: discarding gene set 'R-HSA-9683686' from file GENE_SET_FILE.txt, variance is too low (set contains only one gene used in analysis)
	WARNING: discarding gene set 'R-HSA-390247' from file GENE_SET_FILE.txt, variance is too low (set contains only one gene used in analysis)
	WARNING: discarding gene set 'R-HSA-5578995' from file GENE_SET_FILE.txt, variance is too low (set contains only one gene used in analysis)
	WARNING: discarding gene set 'R-HSA-9821993' from file GENE_SET_FILE.txt, variance is too low (set contains only one gene used in analysis)
	WARNING: discarding gene set 'R-HSA-83936' from file GENE_SET_FILE.txt, variance is too low (set contains only one gene used in analysis)
	WARNING: discarding gene set 'R-HSA-9755088' from file GENE_SET_FILE.txt, variance is too low (set contains only one gene used in analysis)
	WARNING: discarding gene set 'R-HSA-9758890' from file GENE_SET_FILE.txt, variance is too low (set contains only one gene used in analysis)
	WARNING: discarding gene set 'R-HSA-190873' from file GENE_SET_FILE.txt, variance is too low (set contains only one gene used in analysis)
	WARNING: discarding gene set 'R-HSA-9859138' from file GENE_SET_FILE.txt, variance is too low (set contains only one gene used in analysis)
	WARNING: discarding gene set 'R-HSA-9865113' from file GENE_SET_FILE.txt, variance is too low (set contains only one gene used in analysis)
	WARNING: discarding gene set 'R-HSA-9865125' from file GENE_SET_FILE.txt, variance is too low (set contains only one gene used in analysis)
	WARNING: discarding gene set 'R-HSA-9907570' from file GENE_SET_FILE.txt, variance is too low (set contains only one gene used in analysis)
	WARNING: discarding gene set 'R-HSA-9912481' from file GENE_SET_FILE.txt, variance is too low (set contains only one gene used in analysis)
	WARNING: discarding gene set 'R-HSA-9912529' from file GENE_SET_FILE.txt, variance is too low (set contains only one gene used in analysis)
	WARNING: discarding gene set 'R-HSA-9818025' from file GENE_SET_FILE.txt, variance is too low (set contains only one gene used in analysis)
	WARNING: discarding gene set 'R-HSA-445989' from file GENE_SET_FILE.txt, variance is too low (set contains only one gene used in analysis)
	WARNING: discarding gene set 'R-HSA-450302' from file GENE_SET_FILE.txt, variance is too low (set contains only one gene used in analysis)
	WARNING: discarding gene set 'R-HSA-9014325' from file GENE_SET_FILE.txt, variance is too low (set contains only one gene used in analysis)
	WARNING: discarding gene set 'R-HSA-937042' from file GENE_SET_FILE.txt, variance is too low (set contains only one gene used in analysis)
	WARNING: discarding gene set 'R-HSA-937072' from file GENE_SET_FILE.txt, variance is too low (set contains only one gene used in analysis)
	WARNING: discarding gene set 'R-HSA-9645460' from file GENE_SET_FILE.txt, variance is too low (set contains only one gene used in analysis)
	WARNING: discarding gene set 'R-HSA-975163' from file GENE_SET_FILE.txt, variance is too low (set contains only one gene used in analysis)
	WARNING: discarding gene set 'R-HSA-8934903' from file GENE_SET_FILE.txt, variance is too low (set contains only one gene used in analysis)
	WARNING: discarding gene set 'R-HSA-2029481' from file GENE_SET_FILE.txt, variance is too low (set contains only one gene used in analysis)
	WARNING: discarding gene set 'R-HSA-193670' from file GENE_SET_FILE.txt, variance is too low (set contains only one gene used in analysis)
	WARNING: discarding gene set 'R-HSA-9701898' from file GENE_SET_FILE.txt, variance is too low (set contains only one gene used in analysis)
	WARNING: discarding gene set 'R-HSA-196843' from file GENE_SET_FILE.txt, variance is too low (set contains only one gene used in analysis)
	WARNING: discarding gene set 'R-HSA-199220' from file GENE_SET_FILE.txt, variance is too low (set contains only one gene used in analysis)
	WARNING: discarding gene set 'R-HSA-3785653' from file GENE_SET_FILE.txt, variance is too low (set contains only one gene used in analysis)
	WARNING: discarding gene set 'R-HSA-196757' from file GENE_SET_FILE.txt, variance is too low (set contains only one gene used in analysis)
	WARNING: discarding gene set 'R-HSA-8939211' from file GENE_SET_FILE.txt, variance is too low (set contains only one gene used in analysis)
	WARNING: discarding gene set 'R-HSA-9841251' from file GENE_SET_FILE.txt, variance is too low (set contains only one gene used in analysis)
	WARNING: discarding gene set 'R-HSA-5689877' from file GENE_SET_FILE.txt, variance is too low (set contains only one gene used in analysis)
	WARNING: discarding gene set 'R-HSA-442742' from file GENE_SET_FILE.txt, variance is too low (set contains only one gene used in analysis)
	WARNING: discarding gene set 'R-HSA-444257' from file GENE_SET_FILE.txt, variance is too low (set contains only one gene used in analysis)
	WARNING: discarding gene set 'R-HSA-881907' from file GENE_SET_FILE.txt, variance is too low (set contains only one gene used in analysis)
	WARNING: discarding gene set 'R-HSA-389957' from file GENE_SET_FILE.txt, variance is too low (set contains only one gene used in analysis)
	WARNING: discarding gene set 'R-HSA-390450' from file GENE_SET_FILE.txt, variance is too low (set contains only one gene used in analysis)
	WARNING: discarding gene set 'R-HSA-446353' from file GENE_SET_FILE.txt, variance is too low (set contains only one gene used in analysis)
	WARNING: discarding gene set 'R-HSA-5083632' from file GENE_SET_FILE.txt, variance is too low (set contains only one gene used in analysis)
	WARNING: discarding gene set 'R-HSA-211945' from file GENE_SET_FILE.txt, variance is too low (set contains only one gene used in analysis)
	WARNING: discarding gene set 'R-HSA-211981' from file GENE_SET_FILE.txt, variance is too low (set contains only one gene used in analysis)
	WARNING: discarding gene set 'R-HSA-196108' from file GENE_SET_FILE.txt, variance is too low (set contains only one gene used in analysis)
	WARNING: discarding gene set 'R-HSA-9754560' from file GENE_SET_FILE.txt, variance is too low (set contains only one gene used in analysis)
	WARNING: discarding gene set 'R-HSA-210745' from file GENE_SET_FILE.txt, variance is too low (set contains only one gene used in analysis)
	WARNING: discarding gene set 'R-HSA-5619073' from file GENE_SET_FILE.txt, variance is too low (set contains only one gene used in analysis)
	WARNING: discarding gene set 'R-HSA-442729' from file GENE_SET_FILE.txt, variance is too low (set contains only one gene used in analysis)
	WARNING: discarding gene set 'R-HSA-9837092' from file GENE_SET_FILE.txt, variance is too low (set contains only one gene used in analysis)
	WARNING: discarding gene set 'R-HSA-209905' from file GENE_SET_FILE.txt, variance is too low (set contains only one gene used in analysis)
	WARNING: discarding gene set 'R-HSA-209931' from file GENE_SET_FILE.txt, variance is too low (set contains only one gene used in analysis)
	WARNING: discarding gene set 'R-HSA-1251932' from file GENE_SET_FILE.txt, variance is too low (set contains only one gene used in analysis)
	WARNING: discarding gene set 'R-HSA-8857538' from file GENE_SET_FILE.txt, variance is too low (set contains only one gene used in analysis)
	WARNING: discarding gene set 'R-HSA-6806664' from file GENE_SET_FILE.txt, variance is too low (set contains only one gene used in analysis)
	WARNING: discarding gene set 'R-HSA-156584' from file GENE_SET_FILE.txt, variance is too low (set contains only one gene used in analysis)
	WARNING: discarding gene set 'R-HSA-163841' from file GENE_SET_FILE.txt, variance is too low (set contains only one gene used in analysis)
	WARNING: discarding gene set 'R-HSA-9674519' from file GENE_SET_FILE.txt, variance is too low (set contains only one gene used in analysis)
	WARNING: discarding gene set 'R-HSA-6782861' from file GENE_SET_FILE.txt, variance is too low (set contains only one gene used in analysis)
	WARNING: discarding gene set 'R-HSA-211897' from file GENE_SET_FILE.txt, variance is too low (set contains only one gene used in analysis)
	WARNING: discarding gene set 'R-HSA-3000471' from file GENE_SET_FILE.txt, variance is too low (set contains only one gene used in analysis)
	WARNING: discarding gene set 'R-HSA-5678771' from file GENE_SET_FILE.txt, variance is too low (set contains only one gene used in analysis)
	WARNING: discarding gene set 'R-HSA-9630794' from file GENE_SET_FILE.txt, variance is too low (set contains only one gene used in analysis)
	WARNING: discarding gene set 'R-HSA-9632700' from file GENE_SET_FILE.txt, variance is too low (set contains only one gene used in analysis)
	WARNING: discarding gene set 'R-HSA-9754119' from file GENE_SET_FILE.txt, variance is too low (set contains only one gene used in analysis)
	WARNING: discarding gene set 'R-HSA-380994' from file GENE_SET_FILE.txt, variance is too low (set contains only one gene used in analysis)
	WARNING: discarding gene set 'R-HSA-8963693' from file GENE_SET_FILE.txt, variance is too low (set contains only one gene used in analysis)
	WARNING: discarding gene set 'R-HSA-5423646' from file GENE_SET_FILE.txt, variance is too low (set contains only one gene used in analysis)
	WARNING: discarding gene set 'R-HSA-9027307' from file GENE_SET_FILE.txt, variance is too low (set contains only one gene used in analysis)
	WARNING: discarding gene set 'R-HSA-9757110' from file GENE_SET_FILE.txt, variance is too low (set contains only one gene used in analysis)
	WARNING: discarding gene set 'R-HSA-110328' from file GENE_SET_FILE.txt, variance is too low (set contains only one gene used in analysis)
	WARNING: discarding gene set 'R-HSA-110329' from file GENE_SET_FILE.txt, variance is too low (set contains only one gene used in analysis)
	WARNING: discarding gene set 'R-HSA-110330' from file GENE_SET_FILE.txt, variance is too low (set contains only one gene used in analysis)
	WARNING: discarding gene set 'R-HSA-110331' from file GENE_SET_FILE.txt, variance is too low (set contains only one gene used in analysis)
	WARNING: discarding gene set 'R-HSA-171306' from file GENE_SET_FILE.txt, variance is too low (set contains only one gene used in analysis)
	WARNING: discarding gene set 'R-HSA-174417' from file GENE_SET_FILE.txt, variance is too low (set contains only one gene used in analysis)
	WARNING: discarding gene set 'R-HSA-2559586' from file GENE_SET_FILE.txt, variance is too low (set contains only one gene used in analysis)
	WARNING: discarding gene set 'R-HSA-727802' from file GENE_SET_FILE.txt, variance is too low (set contains only one gene used in analysis)
	WARNING: discarding gene set 'R-HSA-433137' from file GENE_SET_FILE.txt, variance is too low (set contains only one gene used in analysis)
	WARNING: discarding gene set 'R-HSA-211979' from file GENE_SET_FILE.txt, variance is too low (set contains only one gene used in analysis)
	WARNING: discarding gene set 'R-HSA-2162123' from file GENE_SET_FILE.txt, variance is too low (set contains only one gene used in analysis)
	WARNING: discarding gene set 'R-HSA-5579032' from file GENE_SET_FILE.txt, variance is too low (set contains only one gene used in analysis)
	WARNING: discarding gene set 'R-HSA-163680' from file GENE_SET_FILE.txt, variance is too low (set contains only one gene used in analysis)
	WARNING: discarding gene set 'R-HSA-5545619' from file GENE_SET_FILE.txt, variance is too low (set contains only one gene used in analysis)
	WARNING: discarding gene set 'R-HSA-9758920' from file GENE_SET_FILE.txt, variance is too low (set contains only one gene used in analysis)
	WARNING: discarding gene set 'R-HSA-156582' from file GENE_SET_FILE.txt, variance is too low (set contains only one gene used in analysis)
	WARNING: discarding gene set 'R-HSA-8963901' from file GENE_SET_FILE.txt, variance is too low (set contains only one gene used in analysis)
	WARNING: discarding gene set 'R-HSA-2408550' from file GENE_SET_FILE.txt, variance is too low (set contains only one gene used in analysis)
	WARNING: discarding gene set 'R-HSA-9818027' from file GENE_SET_FILE.txt, variance is too low (set contains only one gene used in analysis)
	WARNING: discarding gene set 'R-HSA-1306955' from file GENE_SET_FILE.txt, variance is too low (set contains only one gene used in analysis)
	WARNING: discarding gene set 'R-HSA-2534343' from file GENE_SET_FILE.txt, variance is too low (set contains only one gene used in analysis)
	WARNING: discarding gene set 'R-HSA-9629569' from file GENE_SET_FILE.txt, variance is too low (set contains only one gene used in analysis)
	WARNING: discarding gene set 'R-HSA-1299316' from file GENE_SET_FILE.txt, variance is too low (set contains only one gene used in analysis)
	WARNING: discarding gene set 'R-HSA-442380' from file GENE_SET_FILE.txt, variance is too low (set contains only one gene used in analysis)
	WARNING: discarding gene set 'R-HSA-5619088' from file GENE_SET_FILE.txt, variance is too low (set contains only one gene used in analysis)
	WARNING: discarding gene set 'R-HSA-6783984' from file GENE_SET_FILE.txt, variance is too low (set contains only one gene used in analysis)
	WARNING: discarding gene set 'R-HSA-164843' from file GENE_SET_FILE.txt, variance is too low (set contains only one gene used in analysis)
	WARNING: discarding gene set 'R-HSA-175567' from file GENE_SET_FILE.txt, variance is too low (set contains only one gene used in analysis)
	WARNING: discarding gene set 'R-HSA-177539' from file GENE_SET_FILE.txt, variance is too low (set contains only one gene used in analysis)
	WARNING: discarding gene set 'R-HSA-180689' from file GENE_SET_FILE.txt, variance is too low (set contains only one gene used in analysis)
	WARNING: discarding gene set 'R-HSA-8983711' from file GENE_SET_FILE.txt, variance is too low (set contains only one gene used in analysis)
	WARNING: discarding gene set 'R-HSA-1462054' from file GENE_SET_FILE.txt, variance is too low (set contains only one gene used in analysis)
	WARNING: discarding gene set 'R-HSA-187024' from file GENE_SET_FILE.txt, variance is too low (set contains only one gene used in analysis)
	WARNING: discarding gene set 'R-HSA-9024909' from file GENE_SET_FILE.txt, variance is too low (set contains only one gene used in analysis)
	WARNING: discarding gene set 'R-HSA-9025046' from file GENE_SET_FILE.txt, variance is too low (set contains only one gene used in analysis)
	WARNING: discarding gene set 'R-HSA-9026357' from file GENE_SET_FILE.txt, variance is too low (set contains only one gene used in analysis)
	WARNING: discarding gene set 'R-HSA-9026527' from file GENE_SET_FILE.txt, variance is too low (set contains only one gene used in analysis)
	WARNING: discarding gene set 'R-HSA-9028335' from file GENE_SET_FILE.txt, variance is too low (set contains only one gene used in analysis)
	WARNING: discarding gene set 'R-HSA-111367' from file GENE_SET_FILE.txt, variance is too low (set contains only one gene used in analysis)
	WARNING: discarding gene set 'R-HSA-77588' from file GENE_SET_FILE.txt, variance is too low (set contains only one gene used in analysis)
	WARNING: discarding gene set 'R-HSA-977444' from file GENE_SET_FILE.txt, variance is too low (set contains only one gene used in analysis)
	WARNING: discarding gene set 'R-HSA-8964208' from file GENE_SET_FILE.txt, variance is too low (set contains only one gene used in analysis)
	WARNING: discarding gene set 'R-HSA-9845619' from file GENE_SET_FILE.txt, variance is too low (set contains only one gene used in analysis)
	WARNING: discarding gene set 'R-HSA-9845621' from file GENE_SET_FILE.txt, variance is too low (set contains only one gene used in analysis)
	WARNING: discarding gene set 'R-HSA-9031525' from file GENE_SET_FILE.txt, variance is too low (set contains only one gene used in analysis)
	WARNING: discarding gene set 'R-HSA-9031528' from file GENE_SET_FILE.txt, variance is too low (set contains only one gene used in analysis)
	WARNING: discarding gene set 'R-HSA-9623433' from file GENE_SET_FILE.txt, variance is too low (set contains only one gene used in analysis)
	WARNING: discarding gene set 'R-HSA-9632974' from file GENE_SET_FILE.txt, variance is too low (set contains only one gene used in analysis)
	WARNING: discarding gene set 'R-HSA-193775' from file GENE_SET_FILE.txt, variance is too low (set contains only one gene used in analysis)
	WARNING: discarding gene set 'R-HSA-3359462' from file GENE_SET_FILE.txt, variance is too low (set contains only one gene used in analysis)
	WARNING: discarding gene set 'R-HSA-3359463' from file GENE_SET_FILE.txt, variance is too low (set contains only one gene used in analysis)
	WARNING: discarding gene set 'R-HSA-390918' from file GENE_SET_FILE.txt, variance is too low (set contains only one gene used in analysis)
	WARNING: discarding gene set 'R-HSA-5684264' from file GENE_SET_FILE.txt, variance is too low (set contains only one gene used in analysis)
	WARNING: discarding gene set 'R-HSA-2173791' from file GENE_SET_FILE.txt, variance is too low (set contains only one gene used in analysis)
	WARNING: discarding gene set 'R-HSA-2142688' from file GENE_SET_FILE.txt, variance is too low (set contains only one gene used in analysis)
	WARNING: discarding gene set 'R-HSA-2142700' from file GENE_SET_FILE.txt, variance is too low (set contains only one gene used in analysis)
	WARNING: discarding gene set 'R-HSA-9012546' from file GENE_SET_FILE.txt, variance is too low (set contains only one gene used in analysis)
	WARNING: discarding gene set 'R-HSA-9018676' from file GENE_SET_FILE.txt, variance is too low (set contains only one gene used in analysis)
	WARNING: discarding gene set 'R-HSA-9018682' from file GENE_SET_FILE.txt, variance is too low (set contains only one gene used in analysis)
	WARNING: discarding gene set 'R-HSA-9020265' from file GENE_SET_FILE.txt, variance is too low (set contains only one gene used in analysis)
	WARNING: discarding gene set 'R-HSA-9026290' from file GENE_SET_FILE.txt, variance is too low (set contains only one gene used in analysis)
	WARNING: discarding gene set 'R-HSA-9026403' from file GENE_SET_FILE.txt, variance is too low (set contains only one gene used in analysis)
	WARNING: discarding gene set 'R-HSA-9027604' from file GENE_SET_FILE.txt, variance is too low (set contains only one gene used in analysis)
	WARNING: discarding gene set 'R-HSA-110362' from file GENE_SET_FILE.txt, variance is too low (set contains only one gene used in analysis)
	WARNING: discarding gene set 'R-HSA-72200' from file GENE_SET_FILE.txt, variance is too low (set contains only one gene used in analysis)
	WARNING: discarding gene set 'R-HSA-75094' from file GENE_SET_FILE.txt, variance is too low (set contains only one gene used in analysis)
	WARNING: discarding gene set 'R-HSA-9617629' from file GENE_SET_FILE.txt, variance is too low (set contains only one gene used in analysis)
	WARNING: discarding gene set 'R-HSA-5221030' from file GENE_SET_FILE.txt, variance is too low (set contains only one gene used in analysis)
	WARNING: discarding gene set 'R-HSA-5619056' from file GENE_SET_FILE.txt, variance is too low (set contains only one gene used in analysis)
	WARNING: discarding gene set 'R-HSA-3595172' from file GENE_SET_FILE.txt, variance is too low (set contains only one gene used in analysis)
	WARNING: discarding gene set 'R-HSA-192456' from file GENE_SET_FILE.txt, variance is too low (set contains only one gene used in analysis)
	WARNING: discarding gene set 'R-HSA-2023837' from file GENE_SET_FILE.txt, variance is too low (set contains only one gene used in analysis)
	WARNING: discarding gene set 'R-HSA-8853333' from file GENE_SET_FILE.txt, variance is too low (set contains only one gene used in analysis)
	WARNING: discarding gene set 'R-HSA-71737' from file GENE_SET_FILE.txt, variance is too low (set contains only one gene used in analysis)
	WARNING: discarding gene set 'R-HSA-5657655' from file GENE_SET_FILE.txt, variance is too low (set contains only one gene used in analysis)
	WARNING: discarding gene set 'R-HSA-1483101' from file GENE_SET_FILE.txt, variance is too low (set contains only one gene used in analysis)
	WARNING: discarding gene set 'R-HSA-74217' from file GENE_SET_FILE.txt, variance is too low (set contains only one gene used in analysis)
	WARNING: discarding gene set 'R-HSA-446343' from file GENE_SET_FILE.txt, variance is too low (set contains only one gene used in analysis)
	WARNING: discarding gene set 'R-HSA-5619089' from file GENE_SET_FILE.txt, variance is too low (set contains only one gene used in analysis)
	WARNING: discarding gene set 'R-HSA-427601' from file GENE_SET_FILE.txt, variance is too low (set contains only one gene used in analysis)
	WARNING: discarding gene set 'R-HSA-210455' from file GENE_SET_FILE.txt, variance is too low (set contains only one gene used in analysis)
	WARNING: discarding gene set 'R-HSA-418346' from file GENE_SET_FILE.txt, variance is too low (set contains only one gene used in analysis)
	WARNING: discarding gene set 'R-HSA-177128' from file GENE_SET_FILE.txt, variance is too low (set contains only one gene used in analysis)
	WARNING: discarding gene set 'R-HSA-177135' from file GENE_SET_FILE.txt, variance is too low (set contains only one gene used in analysis)
	WARNING: discarding gene set 'R-HSA-9839389' from file GENE_SET_FILE.txt, variance is too low (set contains only one gene used in analysis)
	WARNING: discarding gene set 'R-HSA-168927' from file GENE_SET_FILE.txt, variance is too low (set contains only one gene used in analysis)
	WARNING: discarding gene set 'R-HSA-937041' from file GENE_SET_FILE.txt, variance is too low (set contains only one gene used in analysis)
	WARNING: discarding gene set 'R-HSA-429958' from file GENE_SET_FILE.txt, variance is too low (set contains only one gene used in analysis)
	WARNING: discarding gene set 'R-HSA-2022857' from file GENE_SET_FILE.txt, variance is too low (set contains only one gene used in analysis)
	WARNING: discarding gene set 'R-HSA-430039' from file GENE_SET_FILE.txt, variance is too low (set contains only one gene used in analysis)
	WARNING: discarding gene set 'R-HSA-9819196' from file GENE_SET_FILE.txt, variance is too low (set contains only one gene used in analysis)
	WARNING: discarding gene set 'R-HSA-419408' from file GENE_SET_FILE.txt, variance is too low (set contains only one gene used in analysis)
	WARNING: discarding gene set 'R-HSA-189200' from file GENE_SET_FILE.txt, variance is too low (set contains only one gene used in analysis)
	WARNING: discarding gene set 'R-HSA-196836' from file GENE_SET_FILE.txt, variance is too low (set contains only one gene used in analysis)
	WARNING: discarding gene set 'R-HSA-112409' from file GENE_SET_FILE.txt, variance is too low (set contains only one gene used in analysis)
	WARNING: discarding gene set 'R-HSA-9636569' from file GENE_SET_FILE.txt, variance is too low (set contains only one gene used in analysis)
	WARNING: discarding gene set 'R-HSA-9652817' from file GENE_SET_FILE.txt, variance is too low (set contains only one gene used in analysis)
	WARNING: discarding gene set 'R-HSA-5619058' from file GENE_SET_FILE.txt, variance is too low (set contains only one gene used in analysis)
	WARNING: discarding gene set 'R-HSA-112412' from file GENE_SET_FILE.txt, variance is too low (set contains only one gene used in analysis)
	WARNING: discarding gene set 'R-HSA-171007' from file GENE_SET_FILE.txt, variance is too low (set contains only one gene used in analysis)
	WARNING: discarding gene set 'R-HSA-5655291' from file GENE_SET_FILE.txt, variance is too low (set contains only one gene used in analysis)
	WARNING: discarding gene set 'R-HSA-8851805' from file GENE_SET_FILE.txt, variance is too low (set contains only one gene used in analysis)
	WARNING: discarding gene set 'R-HSA-9027284' from file GENE_SET_FILE.txt, variance is too low (set contains only one gene used in analysis)
	WARNING: discarding gene set 'R-HSA-9034864' from file GENE_SET_FILE.txt, variance is too low (set contains only one gene used in analysis)
	WARNING: discarding gene set 'R-HSA-9634285' from file GENE_SET_FILE.txt, variance is too low (set contains only one gene used in analysis)
	WARNING: discarding gene set 'R-HSA-9634635' from file GENE_SET_FILE.txt, variance is too low (set contains only one gene used in analysis)
	WARNING: discarding gene set 'R-HSA-9673767' from file GENE_SET_FILE.txt, variance is too low (set contains only one gene used in analysis)
	WARNING: discarding gene set 'R-HSA-9673770' from file GENE_SET_FILE.txt, variance is too low (set contains only one gene used in analysis)
	WARNING: discarding gene set 'R-HSA-9753510' from file GENE_SET_FILE.txt, variance is too low (set contains only one gene used in analysis)
	WARNING: discarding gene set 'R-HSA-9753512' from file GENE_SET_FILE.txt, variance is too low (set contains only one gene used in analysis)
	WARNING: discarding gene set 'R-HSA-5083625' from file GENE_SET_FILE.txt, variance is too low (set contains only one gene used in analysis)
	WARNING: discarding gene set 'R-HSA-5083636' from file GENE_SET_FILE.txt, variance is too low (set contains only one gene used in analysis)
	WARNING: discarding gene set 'R-HSA-9818564' from file GENE_SET_FILE.txt, variance is too low (set contains only one gene used in analysis)
	WARNING: discarding gene set 'R-HSA-389960' from file GENE_SET_FILE.txt, variance is too low (set contains only one gene used in analysis)
	WARNING: discarding gene set 'R-HSA-68952' from file GENE_SET_FILE.txt, variance is too low (set contains only one gene used in analysis)
	WARNING: discarding gene set 'R-HSA-69183' from file GENE_SET_FILE.txt, variance is too low (set contains only one gene used in analysis)
	WARNING: discarding gene set 'R-HSA-5365859' from file GENE_SET_FILE.txt, variance is too low (set contains only one gene used in analysis)
	WARNING: discarding gene set 'R-HSA-4641263' from file GENE_SET_FILE.txt, variance is too low (set contains only one gene used in analysis)
	WARNING: discarding gene set 'R-HSA-5250958' from file GENE_SET_FILE.txt, variance is too low (set contains only one gene used in analysis)
	WARNING: discarding gene set 'R-HSA-5250989' from file GENE_SET_FILE.txt, variance is too low (set contains only one gene used in analysis)
	WARNING: discarding gene set 'R-HSA-77111' from file GENE_SET_FILE.txt, variance is too low (set contains only one gene used in analysis)
	WARNING: discarding gene set 'R-HSA-70921' from file GENE_SET_FILE.txt, variance is too low (set contains only one gene used in analysis)
	WARNING: discarding gene set 'R-HSA-1834949' from file GENE_SET_FILE.txt, variance is too low (set contains only one gene used in analysis)
	WARNING: discarding gene set 'R-HSA-73780' from file GENE_SET_FILE.txt, variance is too low (set contains only one gene used in analysis)
	WARNING: discarding gene set 'R-HSA-1170546' from file GENE_SET_FILE.txt, variance is too low (set contains only one gene used in analysis)
	WARNING: discarding gene set 'R-HSA-8865999' from file GENE_SET_FILE.txt, variance is too low (set contains only one gene used in analysis)
	WARNING: discarding gene set 'R-HSA-8963684' from file GENE_SET_FILE.txt, variance is too low (set contains only one gene used in analysis)
	WARNING: discarding gene set 'R-HSA-9842640' from file GENE_SET_FILE.txt, variance is too low (set contains only one gene used in analysis)
	WARNING: discarding gene set 'R-HSA-9860276' from file GENE_SET_FILE.txt, variance is too low (set contains only one gene used in analysis)
	WARNING: discarding gene set 'R-HSA-9702509' from file GENE_SET_FILE.txt, variance is too low (set contains only one gene used in analysis)
	WARNING: discarding gene set 'R-HSA-9702569' from file GENE_SET_FILE.txt, variance is too low (set contains only one gene used in analysis)
	WARNING: discarding gene set 'R-HSA-9702577' from file GENE_SET_FILE.txt, variance is too low (set contains only one gene used in analysis)
	WARNING: discarding gene set 'R-HSA-9702581' from file GENE_SET_FILE.txt, variance is too low (set contains only one gene used in analysis)
	WARNING: discarding gene set 'R-HSA-9702590' from file GENE_SET_FILE.txt, variance is too low (set contains only one gene used in analysis)
	WARNING: discarding gene set 'R-HSA-9702596' from file GENE_SET_FILE.txt, variance is too low (set contains only one gene used in analysis)
	WARNING: discarding gene set 'R-HSA-9702600' from file GENE_SET_FILE.txt, variance is too low (set contains only one gene used in analysis)
	WARNING: discarding gene set 'R-HSA-9702605' from file GENE_SET_FILE.txt, variance is too low (set contains only one gene used in analysis)
	WARNING: discarding gene set 'R-HSA-9702614' from file GENE_SET_FILE.txt, variance is too low (set contains only one gene used in analysis)
	WARNING: discarding gene set 'R-HSA-9702620' from file GENE_SET_FILE.txt, variance is too low (set contains only one gene used in analysis)
	WARNING: discarding gene set 'R-HSA-9702624' from file GENE_SET_FILE.txt, variance is too low (set contains only one gene used in analysis)
	WARNING: discarding gene set 'R-HSA-9702632' from file GENE_SET_FILE.txt, variance is too low (set contains only one gene used in analysis)
	WARNING: discarding gene set 'R-HSA-9702636' from file GENE_SET_FILE.txt, variance is too low (set contains only one gene used in analysis)
	WARNING: discarding gene set 'R-HSA-9702998' from file GENE_SET_FILE.txt, variance is too low (set contains only one gene used in analysis)
	WARNING: discarding gene set 'R-HSA-9703009' from file GENE_SET_FILE.txt, variance is too low (set contains only one gene used in analysis)
	WARNING: discarding gene set 'R-HSA-9706377' from file GENE_SET_FILE.txt, variance is too low (set contains only one gene used in analysis)
	WARNING: discarding gene set 'R-HSA-480985' from file GENE_SET_FILE.txt, variance is too low (set contains only one gene used in analysis)
	WARNING: discarding gene set 'R-HSA-2559584' from file GENE_SET_FILE.txt, variance is too low (set contains only one gene used in analysis)
	WARNING: discarding gene set 'R-HSA-69200' from file GENE_SET_FILE.txt, variance is too low (set contains only one gene used in analysis)
	WARNING: discarding gene set 'R-HSA-9661070' from file GENE_SET_FILE.txt, variance is too low (set contains only one gene used in analysis)
	WARNING: discarding gene set 'R-HSA-9687136' from file GENE_SET_FILE.txt, variance is too low (set contains only one gene used in analysis)
	WARNING: discarding gene set 'R-HSA-5362798' from file GENE_SET_FILE.txt, variance is too low (set contains only one gene used in analysis)
	WARNING: discarding gene set 'R-HSA-192905' from file GENE_SET_FILE.txt, variance is too low (set contains only one gene used in analysis)
	WARNING: discarding gene set 'R-HSA-9619229' from file GENE_SET_FILE.txt, variance is too low (set contains only one gene used in analysis)
	WARNING: discarding gene set 'R-HSA-9692913' from file GENE_SET_FILE.txt, variance is too low (set contains only one gene used in analysis)
	WARNING: discarding gene set 'R-HSA-6787450' from file GENE_SET_FILE.txt, variance is too low (set contains only one gene used in analysis)
	WARNING: discarding gene set 'R-HSA-8868766' from file GENE_SET_FILE.txt, variance is too low (set contains only one gene used in analysis)
	WARNING: discarding gene set 'R-HSA-947581' from file GENE_SET_FILE.txt, variance is too low (set contains only one gene used in analysis)
	WARNING: discarding gene set 'R-HSA-9692912' from file GENE_SET_FILE.txt, variance is too low (set contains only one gene used in analysis)
	WARNING: discarding gene set 'R-HSA-8981607' from file GENE_SET_FILE.txt, variance is too low (set contains only one gene used in analysis)
	WARNING: discarding gene set 'R-HSA-5083629' from file GENE_SET_FILE.txt, variance is too low (set contains only one gene used in analysis)
	WARNING: discarding gene set 'R-HSA-5083633' from file GENE_SET_FILE.txt, variance is too low (set contains only one gene used in analysis)
	WARNING: discarding gene set 'R-HSA-5173105' from file GENE_SET_FILE.txt, variance is too low (set contains only one gene used in analysis)
	WARNING: discarding gene set 'R-HSA-1299503' from file GENE_SET_FILE.txt, variance is too low (set contains only one gene used in analysis)
	WARNING: discarding gene set 'R-HSA-1299287' from file GENE_SET_FILE.txt, variance is too low (set contains only one gene used in analysis)
	WARNING: discarding gene set 'R-HSA-5619055' from file GENE_SET_FILE.txt, variance is too low (set contains only one gene used in analysis)
	WARNING: discarding gene set 'R-HSA-373076' from file GENE_SET_FILE.txt, variance is too low (set contains only one gene used in analysis)
	WARNING: discarding gene set 'R-HSA-191650' from file GENE_SET_FILE.txt, variance is too low (set contains only one gene used in analysis)
	WARNING: discarding gene set 'R-HSA-111458' from file GENE_SET_FILE.txt, variance is too low (set contains only one gene used in analysis)
	WARNING: discarding gene set 'R-HSA-6806942' from file GENE_SET_FILE.txt, variance is too low (set contains only one gene used in analysis)
	WARNING: discarding gene set 'R-HSA-8852405' from file GENE_SET_FILE.txt, variance is too low (set contains only one gene used in analysis)
	WARNING: discarding gene set 'R-HSA-5619036' from file GENE_SET_FILE.txt, variance is too low (set contains only one gene used in analysis)
	WARNING: discarding gene set 'R-HSA-162710' from file GENE_SET_FILE.txt, variance is too low (set contains only one gene used in analysis)
	WARNING: discarding gene set 'R-HSA-9735871' from file GENE_SET_FILE.txt, variance is too low (set contains only one gene used in analysis)
	WARNING: discarding gene set 'R-HSA-196783' from file GENE_SET_FILE.txt, variance is too low (set contains only one gene used in analysis)
	WARNING: discarding gene set 'R-HSA-9828806' from file GENE_SET_FILE.txt, variance is too low (set contains only one gene used in analysis)
	WARNING: discarding gene set 'R-HSA-2404192' from file GENE_SET_FILE.txt, variance is too low (set contains only one gene used in analysis)
	WARNING: discarding gene set 'R-HSA-2428928' from file GENE_SET_FILE.txt, variance is too low (set contains only one gene used in analysis)
	WARNING: discarding gene set 'R-HSA-2564830' from file GENE_SET_FILE.txt, variance is too low (set contains only one gene used in analysis)
	WARNING: discarding gene set 'R-HSA-4043911' from file GENE_SET_FILE.txt, variance is too low (set contains only one gene used in analysis)
	WARNING: discarding gene set 'R-HSA-532668' from file GENE_SET_FILE.txt, variance is too low (set contains only one gene used in analysis)
	WARNING: discarding gene set 'R-HSA-5661231' from file GENE_SET_FILE.txt, variance is too low (set contains only one gene used in analysis)
	WARNING: discarding gene set 'R-HSA-5619087' from file GENE_SET_FILE.txt, variance is too low (set contains only one gene used in analysis)
	WARNING: discarding gene set 'R-HSA-9833576' from file GENE_SET_FILE.txt, variance is too low (set contains only one gene used in analysis)
	WARNING: discarding gene set 'R-HSA-8878166' from file GENE_SET_FILE.txt, variance is too low (set contains only one gene used in analysis)
	WARNING: discarding gene set 'R-HSA-8939242' from file GENE_SET_FILE.txt, variance is too low (set contains only one gene used in analysis)
	WARNING: discarding gene set 'R-HSA-8941284' from file GENE_SET_FILE.txt, variance is too low (set contains only one gene used in analysis)
	WARNING: discarding gene set 'R-HSA-8941326' from file GENE_SET_FILE.txt, variance is too low (set contains only one gene used in analysis)
	WARNING: discarding gene set 'R-HSA-8941333' from file GENE_SET_FILE.txt, variance is too low (set contains only one gene used in analysis)
	WARNING: discarding gene set 'R-HSA-8876493' from file GENE_SET_FILE.txt, variance is too low (set contains only one gene used in analysis)
	WARNING: discarding gene set 'R-HSA-8866907' from file GENE_SET_FILE.txt, variance is too low (set contains only one gene used in analysis)
	WARNING: discarding gene set 'R-HSA-2142712' from file GENE_SET_FILE.txt, variance is too low (set contains only one gene used in analysis)
	WARNING: discarding gene set 'R-HSA-2142770' from file GENE_SET_FILE.txt, variance is too low (set contains only one gene used in analysis)
	WARNING: discarding gene set 'R-HSA-9018677' from file GENE_SET_FILE.txt, variance is too low (set contains only one gene used in analysis)
	WARNING: discarding gene set 'R-HSA-9018681' from file GENE_SET_FILE.txt, variance is too low (set contains only one gene used in analysis)
	WARNING: discarding gene set 'R-HSA-9025106' from file GENE_SET_FILE.txt, variance is too low (set contains only one gene used in analysis)
	WARNING: discarding gene set 'R-HSA-8849473' from file GENE_SET_FILE.txt, variance is too low (set contains only one gene used in analysis)
	WARNING: discarding gene set 'R-HSA-5682910' from file GENE_SET_FILE.txt, variance is too low (set contains only one gene used in analysis)
	WARNING: discarding gene set 'R-HSA-389599' from file GENE_SET_FILE.txt, variance is too low (set contains only one gene used in analysis)
	WARNING: discarding gene set 'R-HSA-1369062' from file GENE_SET_FILE.txt, variance is too low (set contains only one gene used in analysis)
	WARNING: discarding gene set 'R-HSA-8875656' from file GENE_SET_FILE.txt, variance is too low (set contains only one gene used in analysis)
	WARNING: discarding gene set 'R-HSA-187706' from file GENE_SET_FILE.txt, variance is too low (set contains only one gene used in analysis)
	WARNING: discarding gene set 'R-HSA-73728' from file GENE_SET_FILE.txt, variance is too low (set contains only one gene used in analysis)
	WARNING: discarding gene set 'R-HSA-173736' from file GENE_SET_FILE.txt, variance is too low (set contains only one gene used in analysis)
	WARNING: discarding gene set 'R-HSA-74752' from file GENE_SET_FILE.txt, variance is too low (set contains only one gene used in analysis)
	WARNING: discarding gene set 'R-HSA-9762292' from file GENE_SET_FILE.txt, variance is too low (set contains only one gene used in analysis)
	WARNING: discarding gene set 'R-HSA-8964026' from file GENE_SET_FILE.txt, variance is too low (set contains only one gene used in analysis)
	WARNING: discarding gene set 'R-HSA-9020933' from file GENE_SET_FILE.txt, variance is too low (set contains only one gene used in analysis)
	WARNING: discarding gene set 'R-HSA-9735869' from file GENE_SET_FILE.txt, variance is too low (set contains only one gene used in analysis)
	WARNING: discarding gene set 'R-HSA-1483148' from file GENE_SET_FILE.txt, variance is too low (set contains only one gene used in analysis)
	WARNING: discarding gene set 'R-HSA-9614657' from file GENE_SET_FILE.txt, variance is too low (set contains only one gene used in analysis)
	WARNING: discarding gene set 'R-HSA-3134973' from file GENE_SET_FILE.txt, variance is too low (set contains only one gene used in analysis)
	WARNING: discarding gene set 'R-HSA-9013973' from file GENE_SET_FILE.txt, variance is too low (set contains only one gene used in analysis)
	WARNING: discarding gene set 'R-HSA-165158' from file GENE_SET_FILE.txt, variance is too low (set contains only one gene used in analysis)
	WARNING: discarding gene set 'R-HSA-141334' from file GENE_SET_FILE.txt, variance is too low (set contains only one gene used in analysis)
	WARNING: discarding gene set 'R-HSA-351200' from file GENE_SET_FILE.txt, variance is too low (set contains only one gene used in analysis)
	WARNING: discarding gene set 'R-HSA-9818030' from file GENE_SET_FILE.txt, variance is too low (set contains only one gene used in analysis)
	WARNING: discarding gene set 'R-HSA-381042' from file GENE_SET_FILE.txt, variance is too low (set contains only one gene used in analysis)
	WARNING: discarding gene set 'R-HSA-72731' from file GENE_SET_FILE.txt, variance is too low (set contains only one gene used in analysis)
	WARNING: discarding gene set 'R-HSA-9840373' from file GENE_SET_FILE.txt, variance is too low (set contains only one gene used in analysis)
	WARNING: discarding gene set 'R-HSA-8869496' from file GENE_SET_FILE.txt, variance is too low (set contains only one gene used in analysis)
	WARNING: discarding gene set 'R-HSA-70263' from file GENE_SET_FILE.txt, variance is too low (set contains only one gene used in analysis)
	WARNING: discarding gene set 'R-HSA-75102' from file GENE_SET_FILE.txt, variance is too low (set contains only one gene used in analysis)
	WARNING: discarding gene set 'R-HSA-77042' from file GENE_SET_FILE.txt, variance is too low (set contains only one gene used in analysis)
	WARNING: discarding gene set 'R-HSA-111931' from file GENE_SET_FILE.txt, variance is too low (set contains only one gene used in analysis)
	WARNING: discarding gene set 'R-HSA-442720' from file GENE_SET_FILE.txt, variance is too low (set contains only one gene used in analysis)
	WARNING: discarding gene set 'R-HSA-73614' from file GENE_SET_FILE.txt, variance is too low (set contains only one gene used in analysis)
	WARNING: discarding gene set 'R-HSA-204174' from file GENE_SET_FILE.txt, variance is too low (set contains only one gene used in analysis)
	WARNING: discarding gene set 'R-HSA-9007892' from file GENE_SET_FILE.txt, variance is too low (set contains only one gene used in analysis)
	WARNING: discarding gene set 'R-HSA-70635' from file GENE_SET_FILE.txt, variance is too low (set contains only one gene used in analysis)
	WARNING: discarding gene set 'R-HSA-9670613' from file GENE_SET_FILE.txt, variance is too low (set contains only one gene used in analysis)
	WARNING: discarding gene set 'R-HSA-9670615' from file GENE_SET_FILE.txt, variance is too low (set contains only one gene used in analysis)
	WARNING: discarding gene set 'R-HSA-417957' from file GENE_SET_FILE.txt, variance is too low (set contains only one gene used in analysis)
	WARNING: discarding gene set 'R-HSA-9022534' from file GENE_SET_FILE.txt, variance is too low (set contains only one gene used in analysis)
	WARNING: discarding gene set 'R-HSA-9022535' from file GENE_SET_FILE.txt, variance is too low (set contains only one gene used in analysis)
	WARNING: discarding gene set 'R-HSA-9022538' from file GENE_SET_FILE.txt, variance is too low (set contains only one gene used in analysis)
	WARNING: discarding gene set 'R-HSA-9022702' from file GENE_SET_FILE.txt, variance is too low (set contains only one gene used in analysis)
	WARNING: discarding gene set 'R-HSA-9022927' from file GENE_SET_FILE.txt, variance is too low (set contains only one gene used in analysis)
	truncating covariate values more than 5 standard deviations from the mean
	total variables available for analysis: 1040 gene sets

Parsing model specifications...
Inverting gene-gene correlation matrix...
Performing regression analysis...
	testing direction: one-sided, positive (sets), two-sided (covar)
	conditioning on internal variables:
		gene size, log(gene size)
		gene density, log(gene density)
		sample size, log(sample size)
		inverse mac, log(inverse mac)
	analysing individual variables

	analysing single-variable models (number of models: 1040)
	writing results to file MAGMA_gene-set_analysis/competitive_gene_set_analysis.gsa.out

End time is 21:13:53, Sunday 10 Nov 2024 (elapsed: 00:00:01)
