# MEAN_SAMPLE_SIZE = 321
GENE_SET       NGENES           MU            P
R-HSA-6807505      10      0.51078     0.053131
R-HSA-380270       10      0.44887      0.07808
R-HSA-201451        3      0.55711      0.16728
R-HSA-2173795       5      0.19854      0.32854
R-HSA-139915        3      -0.4504      0.78234
R-HSA-6803204       4     -0.39218      0.78359
R-HSA-6803205       2     -0.59566      0.80022
R-HSA-6803207       3     -0.72527      0.89548
R-HSA-6803211       3     -0.41018      0.76129
R-HSA-6804759       3     -0.88356      0.93704
R-HSA-8939236       8      0.57379     0.052304
R-HSA-1296072      10     -0.12387      0.65214
R-HSA-6798695      71      0.10262      0.19407
R-HSA-1475029       2     -0.90112      0.89874
R-HSA-1257604      23       0.4637     0.013241
R-HSA-1660499       5     -0.46275      0.84961
R-HSA-2219530      17      0.71191    0.0016663
R-HSA-512988        2     -0.12335      0.56924
R-HSA-6811558      22      0.55896    0.0043829
R-HSA-8853659      11     -0.34294      0.87232
R-HSA-912526        4      -1.1967      0.99165
R-HSA-912631        2      0.26044      0.35632
R-HSA-9680350       5     -0.55819      0.89401
R-HSA-983695        5      0.54812      0.11017
R-HSA-9856530      17      0.54154     0.012994
R-HSA-141444       17     -0.27399       0.8707
R-HSA-2467813      21     -0.13943      0.73857
R-HSA-2500257      20     -0.27817      0.89325
R-HSA-5663220      24    -0.033087      0.56438
R-HSA-606279        6     0.085411      0.41714
R-HSA-6783310       9      0.68219      0.02035
R-HSA-68877        17     -0.27399       0.8707
R-HSA-9648025      19     -0.10726      0.67994
R-HSA-9833482       7      0.12369      0.37174
R-HSA-1632852       8      0.66876     0.035437
R-HSA-165159        2      0.39579      0.28783
R-HSA-166208        2      0.39579      0.28783
R-HSA-3371571       4      0.42291      0.19883
R-HSA-380972        4      0.93933     0.030146
R-HSA-389357        8      0.25126      0.23865
R-HSA-5218920       6     -0.21295      0.69903
R-HSA-5628897      12      -0.2565      0.81186
R-HSA-5674400       4     -0.28175      0.71345
R-HSA-6804757       4     -0.80915       0.9472
R-HSA-8943724      10      0.11684      0.35589
R-HSA-9639288       7      0.14164      0.35392
R-HSA-1650814      19      0.23563      0.15222
R-HSA-6809371       7     0.056282      0.44108
R-HSA-9013422       7      0.81582     0.015446
R-HSA-983168       42      0.69136   3.7361e-06
R-HSA-2132295      20      0.50118     0.012537
R-HSA-3371497       5       1.4477   0.00060342
R-HSA-6807878      15      0.99868   5.4895e-05
R-HSA-6811436      13      0.40977      0.06978
R-HSA-9013405      13     0.072527      0.39691
R-HSA-9035034      11      0.32568      0.14004
R-HSA-9662360      23      0.42429     0.021014
R-HSA-983231       21      0.10003      0.32338
R-HSA-1799339       5      0.32058      0.23673
R-HSA-446203        2      0.42966      0.27172
R-HSA-879415        2       1.7877    0.0057338
R-HSA-9694548      11      0.20942      0.24367
R-HSA-1169408      10     -0.17393      0.70885
R-HSA-375276        6      0.23115      0.28563
R-HSA-163125       13     -0.18886      0.75161
R-HSA-5689880      27      0.52149    0.0033667
R-HSA-1474228      16      0.47606     0.028448
R-HSA-1971475       6       1.2362    0.0013404
R-HSA-2022928      13      0.65937    0.0093453
R-HSA-2024096       8      0.81373     0.011104
R-HSA-216083       20      0.66571    0.0014602
R-HSA-3000157      11     0.050004      0.43416
R-HSA-3000171      13      0.50175     0.035249
R-HSA-3000178      19      0.36918     0.054392
R-HSA-3560783       5       1.3374    0.0015394
R-HSA-3560801       5       1.3374    0.0015394
R-HSA-3656237       6      0.93944     0.011261
R-HSA-3656253       6      0.93944     0.011261
R-HSA-4420332       5       1.3374    0.0015394
R-HSA-9694614       7       1.0525    0.0028535
R-HSA-975634        9      0.84887    0.0056689
R-HSA-977225        9      0.40371      0.11292
R-HSA-9820960       7       1.6553   6.8862e-06
R-HSA-9833110      11      0.45615     0.066057
R-HSA-2682334       7      0.21594      0.28389
R-HSA-373760        4      0.90029     0.035884
R-HSA-3928662       7      0.71664     0.028977
R-HSA-3928664       5      0.87049     0.025799
R-HSA-3928665      11      0.29418      0.16461
R-HSA-449836        6      0.35794      0.19031
R-HSA-8854691       4     -0.27391      0.70809
R-HSA-159236       10     -0.25655       0.7914
R-HSA-72163        21      0.29835     0.085779
R-HSA-72187         7      0.15519      0.34068
R-HSA-73856         7      0.15519      0.34068
R-HSA-9013418       6       1.3068   0.00068753
R-HSA-4411364       4     0.027294      0.47823
R-HSA-8941855       2      0.28273      0.34464
R-HSA-8941856       2      0.82236      0.12242
R-HSA-8941858       4      0.62107      0.10709
R-HSA-8949275       4     -0.16689      0.63073
R-HSA-8951430       4     0.027294      0.47823
R-HSA-8951671       2     -0.19808      0.61031
R-HSA-8951911       2      0.45023      0.26215
R-HSA-8951936       3    -0.037945       0.5262
R-HSA-8952158       2      0.28273      0.34464
R-HSA-5693565       8       0.9222    0.0045488
R-HSA-1433557      10      0.10341      0.37183
R-HSA-8849468       3       0.3058      0.29817
R-HSA-68616         2       1.4909     0.017495
R-HSA-114604        4        0.634       0.1024
R-HSA-1433559       4       1.0673     0.016393
R-HSA-164944        3       1.3143     0.011408
R-HSA-202424        6      0.81077     0.023519
R-HSA-202430        2      0.22012      0.37779
R-HSA-202433        4       0.7413      0.06909
R-HSA-210990        5      0.79442     0.037835
R-HSA-2424491       4      0.27941      0.28814
R-HSA-389356        3       1.2851     0.013009
R-HSA-389359        3       1.2851     0.013009
R-HSA-389513        7      0.19545      0.30254
R-HSA-389948        2      0.64409      0.18118
R-HSA-9013407       8      0.54354     0.062101
R-HSA-9020558       4     -0.43471      0.80769
R-HSA-9670439       3      0.34715      0.27383
R-HSA-9706374       3       2.2358   5.3845e-05
R-HSA-1362277       2      0.29473      0.33841
R-HSA-1362300       3     0.046855      0.46766
R-HSA-1538133       2      0.29473      0.33841
R-HSA-156711        3     0.046855      0.46766
R-HSA-212300        3     -0.30933      0.70394
R-HSA-2559580      12     -0.28631      0.83912
R-HSA-3214815       5      0.14539      0.37255
R-HSA-3214841      12      0.37865     0.094812
R-HSA-427389        5      0.74543     0.047775
R-HSA-5617472      11      0.18395       0.2711
R-HSA-6804758       3     -0.10719      0.57364
R-HSA-69202         5      0.52427      0.12054
R-HSA-69205         3      0.69663      0.11379
R-HSA-69656         5      0.52427      0.12054
R-HSA-73762         9      0.71597      0.01586
R-HSA-8953750       6      0.21813      0.29656
R-HSA-9609690      11      0.15738      0.30085
R-HSA-9679191      11    -0.031188      0.54119
R-HSA-9710421       4     -0.43882      0.80993
R-HSA-9843940       9      0.56869     0.043998
R-HSA-9844594       7      0.10215      0.39347
R-HSA-9845323       7      0.22096       0.2794
R-HSA-1912408       7     -0.40887      0.86024
R-HSA-203927        4     -0.15298      0.62011
R-HSA-2559585       7    -0.043203      0.54549
R-HSA-4086398      21      0.16991      0.21818
R-HSA-426486        2       -1.174      0.95137
R-HSA-426496        4     -0.83526      0.95249
R-HSA-5578749       9     -0.13008      0.65183
R-HSA-5687128       8     -0.16041      0.67493
R-HSA-8853884       8     -0.20652      0.72037
R-HSA-8934593       7     -0.19456      0.69657
R-HSA-8936459       7     -0.47325      0.89465
R-HSA-8943723       4     -0.83526      0.95249
R-HSA-8948700       4     -0.83526      0.95249
R-HSA-8986944       5     -0.30993      0.75574
R-HSA-9018519      21      0.42935     0.024574
R-HSA-9022692       8     0.074271      0.41683
R-HSA-9029569       6     -0.65682      0.94611
R-HSA-9725371       7     0.054733      0.44245
R-HSA-9759811       4     -0.83526      0.95249
R-HSA-9768778       4     -0.83526      0.95249
R-HSA-9824594       5     -0.94042      0.98221
R-HSA-9839394       8     -0.47013      0.90813
R-HSA-451308        7      0.27799      0.23102
R-HSA-500657        6      0.81112      0.02347
R-HSA-6781823       8      0.66165     0.030643
R-HSA-6781827       8      0.82508    0.0098061
R-HSA-6782135      12      0.77984    0.0034518
R-HSA-6782210      11      0.86816    0.0019925
R-HSA-212436       37      0.10515      0.26402
R-HSA-8939902       7      0.83925     0.013195
R-HSA-1295596       3     -0.68266      0.88148
R-HSA-499943        7      0.71602     0.029085
R-HSA-8955332       7     -0.35866      0.82867
R-HSA-432142        6     -0.20468      0.69194
R-HSA-77289         4      0.31337      0.26542
R-HSA-381426       16      0.24901      0.15962
R-HSA-8957275      16      0.24901      0.15962
R-HSA-8964038       3     -0.84193      0.92762
R-HSA-9845614       5       1.2211    0.0031622
R-HSA-166665        3     -0.78043      0.91177
R-HSA-977606        9     -0.69173      0.98078
R-HSA-8866376       3      0.88416     0.062834
R-HSA-5689901       4      0.93945      0.03013
R-HSA-73980         4       1.1874    0.0087773
R-HSA-749476        7       0.9586    0.0056029
R-HSA-9013148      43      0.28122     0.032726
R-HSA-9013149      54      0.36274    0.0038975
R-HSA-3322077       2     -0.82656      0.87878
R-HSA-1059683       3      -0.5926      0.84765
R-HSA-110056        3      -0.5926      0.84765
R-HSA-112411        3      -0.5926      0.84765
R-HSA-1266695       2    -0.093843      0.55279
R-HSA-5673001      30      0.50572    0.0028032
R-HSA-6783783       2      0.37703      0.29695
R-HSA-6785807       9     -0.14148      0.66429
R-HSA-6788467       3     -0.15238      0.60407
R-HSA-877300        9      0.38452      0.12434
R-HSA-877312        2     -0.32078      0.67496
R-HSA-8983432       3     -0.89931      0.94034
R-HSA-8984722       2      -1.0415      0.92961
R-HSA-9020591       2      -1.0129      0.92399
R-HSA-9020956       2      -1.0415      0.92961
R-HSA-909733        6      0.55131      0.08844
R-HSA-912694        2     -0.32078      0.67496
R-HSA-9674555       4      -1.0894      0.98532
R-HSA-9705671      16     -0.10495      0.66268
R-HSA-9833109       3     -0.26763      0.67851
R-HSA-2586552       2      0.15411      0.41374
R-HSA-180024        6     -0.12742      0.62252
R-HSA-6804114       2     0.021083      0.48811
R-HSA-9617828       3      0.50677      0.19004
R-HSA-1296041       7      0.93479    0.0066952
R-HSA-163359        6       0.3169       0.2188
R-HSA-202040        6      0.70866     0.041348
R-HSA-381676        8      0.83343    0.0092041
R-HSA-392170        5       1.3325    0.0014431
R-HSA-392451        5      0.46825      0.14754
R-HSA-392851        4      0.95015     0.028697
R-HSA-400042        7       1.3107   0.00026234
R-HSA-416476       25      0.34299     0.043767
R-HSA-416482       24      0.25022      0.11049
R-HSA-418217        5      0.73569      0.04998
R-HSA-418555       19      0.20955      0.18081
R-HSA-418592        7      0.59466     0.057877
R-HSA-418594       24      0.55859    0.0031223
R-HSA-418597       13      0.49482     0.037204
R-HSA-420092        6      0.79099     0.026341
R-HSA-428930        7      0.81536     0.015519
R-HSA-432040        6       0.3169       0.2188
R-HSA-456926        9      0.56983     0.043716
R-HSA-6814122       9       1.1029   0.00047013
R-HSA-8964315       4      0.95015     0.028697
R-HSA-8964616       5       0.6062     0.087629
R-HSA-9009391      10       1.5012   1.0304e-06
R-HSA-9634597       7      0.68049     0.035899
R-HSA-9660821       8       0.4116      0.12217
R-HSA-997272        7      0.93479    0.0066952
R-HSA-391908        2       1.2404     0.039704
R-HSA-1483191       9      0.83009    0.0063825
R-HSA-425366        5      0.15176      0.36717
R-HSA-4085001       6      0.33706      0.20469
R-HSA-9683673       3     -0.56581      0.83646
R-HSA-9694719       3     -0.56581      0.83646
R-HSA-977068        3     0.043295      0.47011
R-HSA-9840309       3     -0.02219      0.51533
R-HSA-162791        2    -0.082776      0.54659
R-HSA-3214847       7      0.47266      0.10555
R-HSA-9772755       8     0.044582      0.44983
R-HSA-9010553      15   -0.0097662      0.51507
R-HSA-1483166       8      0.55031     0.059792
R-HSA-3295583       6      0.46444      0.12763
R-HSA-2022090      17      0.26468      0.13761
R-HSA-8874081      10     -0.20263      0.73916
R-HSA-8948216      15      0.14089      0.29268
R-HSA-73621         4      0.56508      0.12921
R-HSA-1442490      14      0.34156      0.10067
R-HSA-432722       13      0.42976     0.060626
R-HSA-1483213       3      0.49149      0.19731
R-HSA-189085        2     -0.19682      0.60962
R-HSA-191859        7     -0.60924      0.94651
R-HSA-9754678       2      0.43966      0.26705
R-HSA-5576894       3       1.2996     0.012193
R-HSA-1221632       5      0.43023      0.16802
R-HSA-8980692      36      0.59317   0.00019001
R-HSA-9013026      21       0.5815    0.0038638
R-HSA-9013106      23      0.72099    0.0002742
R-HSA-9013404      18      0.33645     0.076727
R-HSA-9013406      15      0.39887     0.061194
R-HSA-9013408      17      0.50552     0.018566
R-HSA-9013409      13      0.26801      0.16694
R-HSA-9013420      15      0.56268     0.014656
R-HSA-9013423      19      0.21004      0.17995
R-HSA-9013424      10      0.41407     0.095196
R-HSA-9696264       8      0.75275     0.016623
R-HSA-9696270       7      0.96648    0.0052946
R-HSA-9696273       6      0.19464      0.31676
R-HSA-549127        2        0.669      0.17205
R-HSA-977347        2     -0.11386      0.56396
R-HSA-1912399       2     -0.86953       0.8906
R-HSA-1912420       5      0.49545      0.13396
R-HSA-2197563       2      0.40266      0.28453
R-HSA-2979096       6      0.40181       0.1625
R-HSA-350054        5      0.39647      0.18767
R-HSA-5083630       2     -0.86953       0.8906
R-HSA-9013695       5      0.20344      0.32459
R-HSA-5696395       8      0.52037     0.070533
R-HSA-5696400       8      0.32081       0.1821
R-HSA-1679131       3      0.28575      0.31033
R-HSA-383280       13      0.25225      0.18239
R-HSA-9616222       5     -0.27966      0.73413
R-HSA-629594        3      0.16934      0.38464
R-HSA-629597        2     0.080862      0.45448
R-HSA-8941237       3      0.23712      0.34064
R-HSA-193648       16      0.28119      0.13034
R-HSA-2995383       2     0.093601      0.44735
R-HSA-381038        5      0.28161      0.26444
R-HSA-4419969       5    -0.053057      0.54722
R-HSA-6802952      18       0.8108   0.00029092
R-HSA-70895         3     -0.11465      0.57871
R-HSA-5626467       6      0.25262      0.26803
R-HSA-373753        9      0.66212     0.023744
R-HSA-375165        7     0.076227      0.42008
R-HSA-445095        8    -0.012104      0.51366
R-HSA-1251985       6      0.17056      0.33805
R-HSA-2122948       8       0.9522    0.0035382
R-HSA-2644606       7      0.93929    0.0064754
R-HSA-2894862       7      0.93929    0.0064754
R-HSA-9013507       5      0.95888     0.016012
R-HSA-9013700       3      0.18128      0.37676
R-HSA-9839383       2     -0.60486      0.80383
R-HSA-611105        5      0.77638     0.041279
R-HSA-71403         4     -0.73899      0.93029
R-HSA-9854311       2     -0.17238       0.5963
R-HSA-191273        2     -0.27443      0.65103
R-HSA-452723        3      0.51836      0.18464
R-HSA-9013508       3    -0.046483      0.53208
R-HSA-8951664      22       1.0834   1.8711e-07
R-HSA-5578775      14      0.73976    0.0028207
R-HSA-936837       18      0.55655    0.0091506
R-HSA-198933       11     -0.48061      0.94453
R-HSA-202733       12     -0.10499      0.64196
R-HSA-5693568       4      0.25631      0.30411
R-HSA-912446        5      0.75637     0.045389
R-HSA-1445148       9       0.6502     0.025553
R-HSA-5620924       5       1.1981    0.0036926
R-HSA-6811434      11      0.36113      0.11551
R-HSA-983189        9      0.11481      0.36526
R-HSA-6811440      12      0.66129     0.010988
R-HSA-8856825      21      0.32503     0.068182
R-HSA-8856828      24      0.36897     0.035412
R-HSA-166016        2      0.84229      0.11679
R-HSA-177504        2      0.48577      0.24605
R-HSA-437239        6      0.61349     0.066454
R-HSA-5669034       2      -1.6358      0.98965
R-HSA-2672351      15      0.84336   0.00054594
R-HSA-204005       13     0.078931      0.38798
R-HSA-5658442       7      0.24723      0.25652
R-HSA-428890        4     0.099967      0.42077
R-HSA-9706369       2       2.0364    0.0019888
R-HSA-114608       13    -0.087895      0.62434
R-HSA-975957        7     -0.22345       0.7228
R-HSA-6784531       8     -0.18396      0.69848
R-HSA-1482788       5      0.93826     0.017952
R-HSA-1482798       3     -0.63037      0.86193
R-HSA-1482801       6      0.93602      0.01093
R-HSA-1482839       5      0.93826     0.017952
R-HSA-1482922       3      0.90005     0.059506
R-HSA-1482925       5      0.86576      0.02644
R-HSA-1483115       2       1.1471     0.052383
R-HSA-8876198      25     -0.39119      0.97474
R-HSA-2980767       2       1.3099     0.031975
R-HSA-3301854       7      0.11654      0.37891
R-HSA-210747        2    -0.097384      0.55477
R-HSA-4090294       8      0.18755      0.29789
R-HSA-351906        3        0.799     0.083193
R-HSA-6805567       3      0.19539      0.36889
R-HSA-418359        4       1.1986    0.0082601
R-HSA-447043        3       0.8403     0.072773
R-HSA-428543        5       0.2027      0.32518
R-HSA-8877330       3     0.029109      0.47989
R-HSA-399954        5      0.35531      0.21346
R-HSA-399955        7      0.60727     0.054063
R-HSA-399956        7      0.68807     0.034344
R-HSA-416700        5     -0.10627      0.59392
R-HSA-5358346       3      0.81301      0.07954
R-HSA-9008059       4       1.0301     0.019686
R-HSA-5694530       7     -0.05722      0.56017
R-HSA-376176        7      0.64835     0.043429
R-HSA-201681        9    -0.085966      0.60176
R-HSA-3238698       2     -0.13662      0.57661
R-HSA-373080        7      0.12787       0.3678
R-HSA-3772470       4     -0.36955      0.77008
R-HSA-913709       12     -0.18605      0.73938
R-HSA-75896         3      0.61989      0.14148
R-HSA-9033241       7     -0.11764      0.62219
R-HSA-1234176       6      0.58632     0.075475
R-HSA-399997        5     -0.36035      0.78981
R-HSA-9837999       6     -0.59638      0.92797
R-HSA-111447        2     -0.38061       0.7048
R-HSA-1358803       2     -0.82547      0.87847
R-HSA-198323        2     -0.54442      0.77933
R-HSA-199418        3     -0.92417      0.94528
R-HSA-8941332       3      0.78616      0.08665
R-HSA-8948751       5      0.34726      0.21873
R-HSA-9607240       6     -0.26061      0.73838
R-HSA-9634638       3      0.69053      0.11584
R-HSA-9755511       6      -0.1512      0.64444
R-HSA-9856649       9      0.46105      0.08331
R-HSA-9615933       4      -1.5272      0.99887
R-HSA-844456        2      0.65596      0.17679
R-HSA-9660826       3      0.44717      0.21931
R-HSA-9692916       3      0.42987      0.22827
R-HSA-9707564       6      0.47794      0.12086
R-HSA-9752946       9      0.76725     0.010928
R-HSA-2243919       4      0.24239      0.31404
R-HSA-8866654       2      0.49923      0.24009
R-HSA-427359        2     0.016305       0.4908
R-HSA-427413        6      0.84244      0.01953
R-HSA-5250924       4      0.68355     0.085798
R-HSA-73772         4      0.67916     0.087182
R-HSA-73863         4      0.67916     0.087182
R-HSA-77387         3      0.52176      0.18307
R-HSA-917977        2       0.7535       0.1433
R-HSA-75109         4      0.55054      0.13543
R-HSA-9841922      14      0.06447      0.40482
R-HSA-5689603       6       0.4429      0.13899
R-HSA-8873719      13     -0.06346      0.59048
R-HSA-77288         2     -0.28638      0.65726
R-HSA-77310         2     -0.28878      0.65851
R-HSA-77346         2     -0.28878      0.65851
R-HSA-77348         2     -0.28878      0.65851
R-HSA-77350         2     -0.28878      0.65851
R-HSA-5693571       4      0.80993      0.05263
R-HSA-5693607      11      0.85213    0.0023553
R-HSA-69473         8       1.1965    0.0003569
R-HSA-9700645       2      0.88532      0.10528
R-HSA-9725370       7      0.28137       0.2283
R-HSA-9851151       2       1.9293    0.0031814
R-HSA-9748787       6       1.0573    0.0048005
R-HSA-2129379      10      0.47397     0.066958
R-HSA-2173789       7      0.95089    0.0059379
R-HSA-9673766       3       1.3851    0.0082184
R-HSA-6799198       6      0.53082     0.096761
R-HSA-425561        4      0.79854     0.055124
R-HSA-2514859       5     0.099988      0.41154
R-HSA-8876725       2       1.8347    0.0047345
R-HSA-9821002       2      0.82076      0.12288
R-HSA-6794361      21       0.3819     0.040218
R-HSA-9662361      16      0.45741     0.033806
R-HSA-9703465       6      0.17629      0.33294
R-HSA-177929        5       1.1646    0.0046061
R-HSA-179812        3      0.83888     0.073113
R-HSA-180292        3       1.3117     0.011547
R-HSA-180336        3      0.83888     0.073113
R-HSA-182971        9      0.76971     0.010469
R-HSA-212718        2       1.7655    0.0062668
R-HSA-5638303       2       1.7655    0.0062668
R-HSA-8866910       3       1.3825    0.0083204
R-HSA-5223345       5      0.20358      0.32447
R-HSA-2028269       6     -0.78279      0.97241
R-HSA-525793        7      0.45862      0.11249
R-HSA-201722        9      0.26312      0.21495
R-HSA-3769402      11      0.20509      0.24819
R-HSA-4641265       7     -0.07116      0.57467
R-HSA-9825892       4     -0.17004       0.6331
R-HSA-9834899       2     -0.47113      0.74738
R-HSA-162588        4      0.30673      0.28884
R-HSA-5620971       3       0.5361      0.20835
R-HSA-917729        5      0.16965      0.36258
R-HSA-9610379       9    -0.095649      0.60853
R-HSA-9615710       5      0.35398      0.23159
R-HSA-9668328       2        1.291     0.070895
R-HSA-9679504       2        1.291     0.070895
R-HSA-9694676       2        1.291     0.070895
R-HSA-72706         7      0.65572     0.042568
R-HSA-1368108       8      0.33131      0.17436
R-HSA-1989781      19     -0.10644      0.67846
R-HSA-400253        9      0.33371      0.15838
R-HSA-9707616       7      0.21858      0.28153
R-HSA-156827        6      0.47313      0.12324
R-HSA-156902        3      0.32731      0.28539
R-HSA-192823        3      0.32731      0.28539
R-HSA-2408557       5      0.36652      0.20623
R-HSA-6791226       8      0.46084     0.096212
R-HSA-72689         5      0.43297      0.16649
R-HSA-72764         3      0.32731      0.28539
R-HSA-9633012       6      0.09652      0.40655
R-HSA-975956        4     0.045328      0.46388
R-HSA-425986        2       1.4118     0.022936
R-HSA-186763        4    -0.047617      0.53794
R-HSA-428540        5     0.033579      0.47007
R-HSA-4420097      13      0.42064      0.06468
R-HSA-8985801       4      0.18674      0.35485
R-HSA-159231        8     -0.49469      0.91912
R-HSA-72203         7      0.27931      0.23018
R-HSA-77595         4   -0.0033933      0.50271
R-HSA-112382        8      0.74751     0.017246
R-HSA-113418        5      0.64193     0.075586
R-HSA-167152        6      0.83192     0.020785
R-HSA-167158        5      0.64193     0.075586
R-HSA-167160        4       1.0026     0.022475
R-HSA-167161        5       0.8562     0.027776
R-HSA-167162        5       0.8562     0.027776
R-HSA-167172        5       0.8562     0.027776
R-HSA-167200        6      0.83192     0.020785
R-HSA-167238        2        1.874    0.0040225
R-HSA-167242        2      0.58271      0.20495
R-HSA-167243        2        1.874    0.0040225
R-HSA-167246        5       1.1584    0.0047942
R-HSA-167287        2        1.874    0.0040225
R-HSA-167290        2        1.874    0.0040225
R-HSA-168325        6      0.02699      0.47364
R-HSA-674695        9      0.69454     0.018598
R-HSA-6796648       7      0.68137     0.035715
R-HSA-6803529       3     0.058775      0.45946
R-HSA-72086         5      0.64193     0.075586
R-HSA-72165         2      0.58271      0.20495
R-HSA-73776         5       0.8562     0.027776
R-HSA-73779         5       0.8562     0.027776
R-HSA-75953         5       0.8562     0.027776
R-HSA-75955         7      0.96867    0.0051907
R-HSA-76042         5       0.8562     0.027776
R-HSA-77075         4       1.0026     0.022475
R-HSA-8851708       3      0.32451      0.28703
R-HSA-9670095       3      0.70936       0.1096
R-HSA-975577        6    -0.098729      0.59555
R-HSA-379716        2      0.26681      0.35297
R-HSA-71240         3       1.1728     0.021108
R-HSA-9823739       2      0.43558      0.26894
R-HSA-9832991       2      0.43558      0.26894
R-HSA-390522        4      0.23258      0.32091
R-HSA-6807004       4      0.45346      0.18222
R-HSA-8875360       3      0.27609      0.31626
R-HSA-1566948       5      0.49016      0.13653
R-HSA-210993        5     -0.89993      0.97791
R-HSA-5610787       8        0.384      0.13915
R-HSA-5576892      10       0.5197     0.051216
R-HSA-9037629       5       1.2666    0.0023106
R-HSA-1660661       8      0.42343      0.11553
R-HSA-159418        6      0.64963     0.055775
R-HSA-193368        6      0.74411     0.034175
R-HSA-3000170       5      0.40156      0.18462
R-HSA-446107        2       1.6029     0.011698
R-HSA-9725554       5       0.9192      0.01992
R-HSA-418457        8    -0.053424      0.56001
R-HSA-8866652       5      0.22548      0.30707
R-HSA-111957        2      0.22915      0.37294
R-HSA-445144        5       1.6524   0.00011003
R-HSA-9860927       6       1.4052   0.00028861
R-HSA-111465        4      0.67477     0.088583
R-HSA-168638        2      0.69157      0.16403
R-HSA-5213460       2      0.18787      0.39524
R-HSA-5357786       2     -0.39261      0.71063
R-HSA-5357905       2     -0.39261      0.71063
R-HSA-5675482       3      0.31634      0.29188
R-HSA-75153         2       1.3329      0.02971
R-HSA-933543        2     -0.63965      0.81716
R-HSA-9013419       2     -0.41439      0.72107
R-HSA-9013425       2     -0.41439      0.72107
R-HSA-1227986       4      0.91922     0.032999
R-HSA-1236394       7        1.116    0.0015756
R-HSA-1250196       6       0.2125      0.30135
R-HSA-1250342       2      0.28224      0.34489
R-HSA-1250347       3     -0.14994      0.60245
R-HSA-1963640       4      0.37274      0.22799
R-HSA-1963642       3      0.83508     0.074032
R-HSA-6785631       4      0.55979      0.13145
R-HSA-8847993       3      0.83508     0.074032
R-HSA-8863795       3      0.83508     0.074032
R-HSA-9620244      10      0.54412     0.042656
R-HSA-9664565       4      0.37274      0.22799
R-HSA-9665686       4      0.37274      0.22799
R-HSA-1855204       3      0.82673     0.078103
R-HSA-3928663       8      -0.3522      0.84042
R-HSA-9824272       4       0.3963        0.214
R-HSA-75876         7      0.19247      0.30529
R-HSA-5576893       5      0.75763     0.047177
R-HSA-5368286       4     -0.73588      0.92946
R-HSA-5389840       4     -0.73588      0.92946
R-HSA-5419276       4     -0.73588      0.92946
R-HSA-140875        2     -0.37119      0.70019
R-HSA-4641258       6      0.94999    0.0099831
R-HSA-5632684       8      0.66297     0.030722
R-HSA-9706019       2      0.39312      0.28912
R-HSA-1474244       2     -0.65082      0.82097
R-HSA-186797        6     -0.24073       0.7222
R-HSA-2214320       4       0.1008      0.42017
R-HSA-419037       13      0.23706       0.1964
R-HSA-196819        2       1.3409     0.028959
R-HSA-1169091       5      0.83531     0.030894
R-HSA-1236974       4      0.48096      0.16808
R-HSA-1236978       2      0.79191      0.13137
R-HSA-174084        2      0.79191      0.13137
R-HSA-174113        2      0.79191      0.13137
R-HSA-174154        2      0.79191      0.13137
R-HSA-174178        3      0.90145      0.05922
R-HSA-174184        2      0.79191      0.13137
R-HSA-180534        2      0.79191      0.13137
R-HSA-180585        2      0.79191      0.13137
R-HSA-187577        2      0.79191      0.13137
R-HSA-195253        7     0.099638      0.39604
R-HSA-211733        2      0.79191      0.13137
R-HSA-2871837       6      0.93533     0.010979
R-HSA-349425        2      0.79191      0.13137
R-HSA-350562        2      0.79191      0.13137
R-HSA-382556        9      0.40708        0.111
R-HSA-450408        2      0.79191      0.13137
R-HSA-4608870       3      0.44716      0.21932
R-HSA-4641257       4      0.56735      0.12825
R-HSA-5362768       2      0.79191      0.13137
R-HSA-5607761       3      0.61152      0.14476
R-HSA-5607764       5      0.83074     0.031614
R-HSA-5610780       3        1.431    0.0065972
R-HSA-5610783       3      0.65145      0.12959
R-HSA-5610785       3      0.65145      0.12959
R-HSA-5668541       5     0.010799      0.49037
R-HSA-5676590       3      0.61152      0.14476
R-HSA-5678895       2      0.79191      0.13137
R-HSA-68867         2      0.79191      0.13137
R-HSA-68949         2      0.79191      0.13137
R-HSA-69017         2      0.79191      0.13137
R-HSA-69481         2      0.79191      0.13137
R-HSA-69601         2      0.79191      0.13137
R-HSA-75815         3      0.65145      0.12959
R-HSA-8852276       2      0.79191      0.13137
R-HSA-8854050       3      0.87406     0.065023
R-HSA-9020702       4       1.1017     0.013785
R-HSA-9604323       3      0.41845      0.23429
R-HSA-9762114       3      0.65145      0.12959
R-HSA-9907900       3      0.18414      0.37488
R-HSA-114508       11      0.91636    0.0011859
R-HSA-9749641       4       0.3673      0.23129
R-HSA-9824585      10     0.049088      0.43832
R-HSA-447041        4      0.89352     0.037475
R-HSA-6785470       2      0.51109      0.23491
R-HSA-1663150       5     0.018393       0.4836
R-HSA-9840310       7      0.16254      0.33358
R-HSA-112043        6      0.48562      0.11826
R-HSA-139853        5      0.70726     0.056884
R-HSA-1489509       3       0.9443     0.050965
R-HSA-2029485       5      0.30256      0.24935
R-HSA-2871809       4        1.033     0.019416
R-HSA-422356        6       1.5675   6.1604e-05
R-HSA-5218921       6      0.27086      0.25371
R-HSA-5607763       3       1.3519    0.0096015
R-HSA-9664323       6      0.12451      0.38018
R-HSA-420499        5      0.81873      0.03357
R-HSA-445355        8      -0.1215      0.63445
R-HSA-3232142       6     -0.36103      0.81097
R-HSA-9682706       2      0.41025       0.2809
R-HSA-9694686       2      0.41025       0.2809
R-HSA-390650        2     -0.44902      0.73729
R-HSA-181429        7       0.4902     0.097555
R-HSA-212676        7       0.4902     0.097555
R-HSA-159227        6     -0.43411      0.85619
R-HSA-159230        6     -0.43411      0.85619
R-HSA-165054        5     -0.36082      0.79011
R-HSA-168271        6      0.14041      0.36545
R-HSA-168276        6      0.14041      0.36545
R-HSA-168333        5     -0.36082      0.79011
R-HSA-170822        6     -0.38282       0.8258
R-HSA-180746        5     -0.36082      0.79011
R-HSA-180910        7      0.28299      0.22701
R-HSA-3108214      10      0.29685      0.17394
R-HSA-3371453      11    -0.020269       0.5268
R-HSA-4085377       5     -0.36082      0.79011
R-HSA-4551638       8   -0.0040159      0.50453
R-HSA-4570464       5     -0.36082      0.79011
R-HSA-4615885       6     -0.39618      0.83408
R-HSA-5619107       6     -0.38282       0.8258
R-HSA-416993        8     0.075552      0.41539
R-HSA-168138        2      0.22243      0.37655
R-HSA-5358493       2      0.33187      0.31941
R-HSA-5362517       4       1.1072       0.0134
R-HSA-425381        2      0.94681     0.090286
R-HSA-9646399       4      0.90136     0.035716
R-HSA-5661270       2       2.0023    0.0023154
R-HSA-110314        4       1.7536   0.00022642
R-HSA-264876        5      0.91406     0.020482
R-HSA-3214858       5    -0.087714      0.57775
R-HSA-8939243       5    -0.062212      0.55532
R-HSA-416550        2       -1.303      0.96731
R-HSA-416572        4      -1.1409      0.98875
R-HSA-1855167       2       0.1801      0.39948
R-HSA-9032759       3      0.27824      0.31493
R-HSA-111933        2     -0.10797      0.56068
R-HSA-450520        2     -0.10797      0.56068
R-HSA-5668599       3     -0.10179      0.56998
R-HSA-112308        5      0.36485       0.2073
R-HSA-9843970       6      0.98965    0.0076723
R-HSA-418889        3      0.51363      0.18683
R-HSA-426048        2        1.917     0.003353
R-HSA-5083635      15      0.12177      0.31875
R-HSA-5173214      15      0.12177      0.31875
R-HSA-9854907       2      -1.0002      0.92138
R-HSA-9854909       2     -0.81331      0.87497
R-HSA-428542        5     0.066149      0.44136
R-HSA-9010642       2     -0.35524       0.6923
R-HSA-9830674       7      0.21554      0.28425
R-HSA-373752        8      0.69935     0.023962
R-HSA-8985586       3      0.09075      0.43755
R-HSA-418990       15      0.51226     0.024323
R-HSA-390666        3      0.64088      0.13349
R-HSA-9613829       2      0.06273      0.46465
R-HSA-2022854       4      0.31679      0.26318
R-HSA-388841        2     -0.13483      0.57561
R-HSA-196299        4     -0.22242      0.67178
R-HSA-4641262       6    -0.048985      0.54775
R-HSA-5339716       4     -0.22242      0.67178
R-HSA-5358747       4     -0.22242      0.67178
R-HSA-5358749       4     -0.22242      0.67178
R-HSA-5358751       4     -0.22242      0.67178
R-HSA-5358752       4     -0.22242      0.67178
R-HSA-5467337       4     -0.22242      0.67178
R-HSA-5467340       4     -0.22242      0.67178
R-HSA-5467348       4     -0.22242      0.67178
R-HSA-9683610       3      0.14473      0.40104
R-HSA-9694631       5      0.19252      0.33343
R-HSA-162592        2       1.8925    0.0037207
R-HSA-197264        4      0.22283      0.32792
R-HSA-5685938       6      0.87901     0.015654
R-HSA-5693616       6       1.0642      0.00457
R-HSA-6804756       9      0.91793    0.0029453
R-HSA-9709570       5       1.0931    0.0072564
R-HSA-879518        3       1.0393      0.03592
R-HSA-2032785       3     -0.35534      0.73088
R-HSA-2173796       4      0.29345      0.27864
R-HSA-5578768       3     -0.55925      0.83364
R-HSA-8940973       4       1.3095    0.0044082
R-HSA-9619665       5      0.18727       0.3377
R-HSA-422085        3    0.0090933      0.49372
R-HSA-6811438      11      0.80577    0.0037665
R-HSA-9830364       5     0.040176      0.46421
R-HSA-1368082       5     0.048052      0.45722
R-HSA-2122947       6      0.67695     0.048641
R-HSA-2151201       6      0.61253     0.066757
R-HSA-2426168       8      0.22151      0.26549
R-HSA-381340       11     0.062092      0.41858
R-HSA-400206        4      0.29928      0.27473
R-HSA-1296052       3     -0.99304      0.95728
R-HSA-2142850       2      0.45747      0.25883
R-HSA-9753281       5      0.81799     0.033694
R-HSA-201688        2      0.29788      0.33678
R-HSA-4086400       2      0.29788      0.33678
R-HSA-5368598       3       0.9144     0.056621
R-HSA-9673324       2      0.29788      0.33678
R-HSA-110312        3       1.2806     0.013276
R-HSA-110320        3       1.2806     0.013276
R-HSA-174411        3      0.10744      0.42618
R-HSA-176187        3       1.2806     0.013276
R-HSA-5651801       3       1.2806     0.013276
R-HSA-5655862       4       1.1827    0.0090035
R-HSA-5656121       4      0.85124     0.044333
R-HSA-5656169       6      0.83502     0.020409
R-HSA-5685942       6       1.3459   0.00048889
R-HSA-5696397       4       1.1827    0.0090035
R-HSA-69091         2     -0.18297      0.60209
R-HSA-166663        2     -0.43053      0.72869
R-HSA-3000480       3     -0.53168      0.82145
R-HSA-420029        3      0.30345      0.29958
R-HSA-388844        7      0.33938      0.18461
R-HSA-9014843       2      0.53902      0.22294
R-HSA-399719        9      0.35145      0.14586
R-HSA-438066       10      0.45931     0.073185
R-HSA-442982        8      0.53547     0.064945
R-HSA-447038        2      0.81912      0.12335
R-HSA-8849932      10      0.38792      0.10996
R-HSA-9609736       7      0.61066     0.053086
R-HSA-9617324       7      0.61066     0.053086
R-HSA-2024101       2      0.60719      0.19525
R-HSA-3899300       2    -0.081375      0.54581
R-HSA-5339700       2     -0.76106      0.85911
R-HSA-5635838       7      0.30269       0.2123
R-HSA-418885        6     -0.14788      0.64141
R-HSA-5620912      15      0.13666      0.29842
R-HSA-2514853       3     -0.74102      0.90034
R-HSA-71336         2      0.61688       0.1915
R-HSA-109704        5     0.043705      0.46107
R-HSA-5654712       3     -0.85134      0.92983
R-HSA-5654719       2       -1.479      0.98177
R-HSA-5654720       2     -0.76986      0.86187
R-HSA-5654733       2     -0.76986      0.86187
R-HSA-936440        5    -0.074246      0.56593
R-HSA-2468052       3     -0.12002      0.58234
R-HSA-2470946       2     0.073013      0.45888
R-HSA-9667769       3     -0.57026      0.83836
R-HSA-977443        6      0.73137     0.039249
R-HSA-2565942       9     0.054119      0.43558
R-HSA-380259        8     0.095238      0.39394
R-HSA-380284        8     0.095238      0.39394
R-HSA-380320        9      0.40577      0.11199
R-HSA-8854518       8     0.095238      0.39394
R-HSA-9031628       4     -0.15859      0.62445
R-HSA-389397        2     -0.51359      0.76618
R-HSA-429947        2        1.168     0.049281
R-HSA-6804115       2        1.168     0.049281
R-HSA-9820841       2        1.168     0.049281
R-HSA-5210891       2     -0.45023      0.73785
R-HSA-5654693       2     -0.30511      0.66694
R-HSA-5654695       2       0.1061      0.44036
R-HSA-5654699       2     -0.60308      0.80314
R-HSA-5654700       3     -0.26736      0.67835
R-HSA-5654706       2     -0.30511      0.66694
R-HSA-5654727       2       0.1061      0.44036
R-HSA-5655253       2     -0.60308      0.80314
R-HSA-5655302       4      0.35875      0.23714
R-HSA-5696394       3      0.14419      0.40139
R-HSA-1483226       2      0.47859      0.24926
R-HSA-189451        2      0.20548      0.38568
R-HSA-189483        3       0.5458      0.17224
R-HSA-917937        2     -0.16065      0.58986
R-HSA-9818032       2      0.85217      0.11407
R-HSA-418886        4     -0.11596       0.5917
R-HSA-77352         2      0.61596      0.19185
R-HSA-9733709       5     0.094462      0.41636
R-HSA-9754189       3      0.44176      0.22209
R-HSA-9793380       2       1.2167      0.04265
R-HSA-9796292       5      0.53625      0.11525
R-HSA-111932        2      0.45002      0.26225
R-HSA-5673000       6    -0.041161      0.54015
R-HSA-6802946      11      0.63739     0.017258
R-HSA-6802955      11      0.63739     0.017258
R-HSA-9649948      11      0.63739     0.017258
R-HSA-9656223      11      0.63739     0.017258
R-HSA-1655829       2     -0.31216      0.67056
R-HSA-983170        3     -0.55388      0.83131
R-HSA-5620922       5      0.16981      0.35208
R-HSA-8939245       3       0.4108      0.23838
R-HSA-210744        2      0.81699      0.12396
R-HSA-166058        3      0.17048      0.38391
R-HSA-5602498       2      0.16983      0.40513
R-HSA-5603041       2      0.16983      0.40513
R-HSA-5686938       2      0.16983      0.40513
R-HSA-354192        3      0.66204      0.12576
R-HSA-354194        2      0.17731        0.401
R-HSA-372708        3      0.27604      0.31628
R-HSA-5674135       9      0.67903      0.02082
R-HSA-6802948       9      0.67903      0.02082
R-HSA-2453902       2     -0.07996      0.54502
R-HSA-399710        3      0.10618      0.42704
R-HSA-9022699       4      0.70219     0.080101
R-HSA-1592389       2     -0.66988      0.82827
R-HSA-75105         3     0.017171      0.48814
R-HSA-9861718       3      -0.3549      0.73062
R-HSA-112314        3      0.47804      0.20384
R-HSA-2046105       3     -0.20144      0.63642
R-HSA-2046106       3     -0.20144      0.63642
R-HSA-426117        3        -1.01      0.95988
R-HSA-352230        4       1.3415    0.0036477
R-HSA-442660        2      -0.5084      0.76392
R-HSA-163615        2     -0.94959      0.91035
R-HSA-164378        2     -0.94959      0.91035
R-HSA-170660        2     -0.94959      0.91035
R-HSA-170670        3      0.32095      0.28914
R-HSA-156581        2       1.0431     0.070076
R-HSA-2029482      10      0.60628     0.027605
R-HSA-9664422      11      0.65767     0.014582
R-HSA-5662702       2    -0.039181      0.52209
R-HSA-389661        3      0.30426       0.2991
R-HSA-8939247       2       1.3931     0.024411
R-HSA-75892         3      0.48324       0.2013
R-HSA-76061         3      0.66514      0.12465
R-HSA-76066         3      0.66514      0.12465
R-HSA-76071         3      0.29306      0.30587
R-HSA-975578        3       0.2938      0.30542
R-HSA-2022870       4     -0.09789      0.57761
R-HSA-418890        4     -0.20648      0.66018
R-HSA-5689896       6    -0.059379      0.55782
R-HSA-2691232       3       1.0845     0.030163
R-HSA-70171         3    -0.018387       0.5127
R-HSA-195399        2      -1.1165      0.94283
R-HSA-379726        2      0.14928       0.4164
R-HSA-8854214       4      0.29032      0.28074
R-HSA-390471        5        0.395      0.18855
R-HSA-6782315       3      0.78379     0.087301
R-HSA-916853        2     -0.55197      0.78248
R-HSA-381753        3      -0.2992      0.69785
R-HSA-9609523       2       1.1927     0.045822
R-HSA-2559582       4      0.32384      0.25859
R-HSA-6804760       2       0.7358      0.14904
R-HSA-174577        2     -0.28651      0.65733
R-HSA-6790901       2      0.89647      0.10243
R-HSA-200425        6      0.41297      0.15587
R-HSA-163685        2     -0.71601      0.84437
R-HSA-163767        2     -0.71601      0.84437
R-HSA-198753        4     -0.46045      0.82145
R-HSA-202670        3     -0.17838      0.62132
R-HSA-5675221       6      -0.3669       0.8156
R-HSA-9634600       2     -0.71601      0.84437
R-HSA-9758881       2      0.90762     0.099646
R-HSA-181430        6    -0.091706      0.58876
R-HSA-210500        8    -0.034922      0.53931
R-HSA-264642        6    -0.091706      0.58876
R-HSA-888590        3      0.30922      0.29612
R-HSA-70268         2     -0.45264      0.73896
R-HSA-450321        2      0.63499      0.18459
R-HSA-5357956       3      0.23003      0.34516
R-HSA-112126        2      -1.1472      0.94764
R-HSA-451307        2    0.0035465        0.498
R-HSA-5205685       3      0.86419     0.067221
R-HSA-2142789       2      0.82688      0.12112
R-HSA-351202        2     0.061635      0.46527
R-HSA-2730905       2       -0.765      0.86034
R-HSA-5621480       2      0.75099       0.1441
R-HSA-5621575       4     0.068691      0.44536
R-HSA-9032500       3      0.33179      0.28276
R-HSA-9615017       6      0.16335      0.34453
R-HSA-2022923       2     -0.97486        0.916
R-HSA-8931987       3      0.75335     0.095974
R-HSA-8939256       3      0.75335     0.095974
R-HSA-3299685       2      0.42228      0.27519
R-HSA-8950505       3    -0.057821      0.53989
R-HSA-199920        2     -0.20489        0.614
R-HSA-1839117       4    -0.064918      0.55165
R-HSA-72649         4        1.099     0.013972
R-HSA-72695         4        1.099     0.013972
R-HSA-72702         4        1.099     0.013972
R-HSA-373756        2       1.1026      0.05946
R-HSA-5663213       5      0.34802      0.21822
R-HSA-174437        3       1.3562    0.0094105
R-HSA-3371511       2       1.6902     0.008417
R-HSA-5358565       2       1.6902     0.008417
R-HSA-5358606       2       1.6902     0.008417
R-HSA-68962         3      0.85105     0.070234
R-HSA-69166         3      0.85105     0.070234
R-HSA-211976        3      0.27134      0.31918
R-HSA-8849471       4      0.15333      0.37955
R-HSA-74713         2     -0.45682      0.74087
R-HSA-74749         2     -0.45682      0.74087
R-HSA-74751         3     -0.64264      0.86716
R-HSA-9648895       4     -0.46176      0.82213
R-HSA-1236382       2      0.46324       0.2562
R-HSA-2179392       3      0.27429      0.31736
R-HSA-5637810       2      0.46324       0.2562
R-HSA-9665348       2      0.46324       0.2562
R-HSA-69231         5      0.43973      0.16369
R-HSA-9661069       2      0.61038      0.19401
R-HSA-9754706       2      0.46782      0.25412
R-HSA-1268020       4       1.5096    0.0012675
R-HSA-8949664       3       1.3942    0.0078697
R-HSA-9768919       4       1.0421     0.018571
R-HSA-171319        2      0.33347      0.31861
R-HSA-174414        2       1.5567     0.013853
R-HSA-174430        2    -0.069501      0.53915
R-HSA-5620916       4        1.255    0.0060354
R-HSA-3214842       8       0.8752    0.0066535
R-HSA-2151209       2       1.4829     0.017993
R-HSA-9613354       2       1.4829     0.017993
R-HSA-9619483       3       1.1859     0.019986
R-HSA-2299718       3      0.52195      0.18299
R-HSA-400511        3      0.71326      0.10834
R-HSA-9690406       4    0.0099545      0.49206
R-HSA-9823730       6      0.60838     0.068082
R-HSA-8949215       2       1.0885      0.06185
R-HSA-5683826       3      0.95995     0.048189
R-HSA-8963889       4     -0.29026      0.71922
R-HSA-69273         4      0.54586      0.13865
R-HSA-390696        2       0.5102      0.23529
R-HSA-391160        2     -0.39217      0.71042
R-HSA-6803157       3      -0.2854      0.68947
R-HSA-113501        3     -0.48195      0.79807
R-HSA-2465910       2      -1.3745      0.97404
R-HSA-5626978       2       0.8301      0.12021
R-HSA-192105        4      0.36884      0.23035
R-HSA-193807        4      0.32849       0.2556
R-HSA-5625886       3       0.9376     0.052191
R-HSA-9603798       2       1.2767     0.035499
R-HSA-5576886       3       1.7157    0.0014912
R-HSA-9673768       2       1.2764     0.035531
R-HSA-432720        2      0.17242      0.40368
R-HSA-1237112       2       0.4218      0.27542
R-HSA-168928        3     -0.25931      0.67334
R-HSA-918233        3     -0.25931      0.67334
R-HSA-933541        3     -0.25931      0.67334
R-HSA-933542        2     -0.63965      0.81716
R-HSA-174490        2     -0.33061      0.67995
R-HSA-9648002       4     -0.24286      0.68642
R-HSA-167060        2     -0.44948       0.7375
R-HSA-434316        3      0.10744      0.42619
R-HSA-9026519       2     -0.31985      0.67448
R-HSA-9028731       3     -0.07854       0.5541
R-HSA-9032845       2      0.57521      0.20797
R-HSA-167044        2     -0.77575       0.8637
R-HSA-5632681       2      0.92744     0.094827
R-HSA-2871796       3     -0.38115      0.74543
R-HSA-9029558       2     -0.13859      0.57769
R-HSA-446388        3     -0.52925      0.82035
R-HSA-196791        3      0.34688      0.27398
R-HSA-8964011       2      0.23475      0.36995
R-HSA-194306        2     -0.19326      0.60769
R-HSA-2142691       3      0.26182       0.3251
R-HSA-9018896       2     0.080902      0.45446
R-HSA-9023661       2     0.080902      0.45446
R-HSA-9026286       2     0.080902      0.45446
R-HSA-392517        3       0.9402     0.051712
R-HSA-446205        2      -1.5085      0.98355
R-HSA-381771        2      0.42746      0.27275
R-HSA-1855183       2      -0.6499      0.82098
R-HSA-9733458       3      0.63864      0.13433
R-HSA-9831926       2      0.40378      0.28399
R-HSA-425393        3     -0.22462      0.65138
R-HSA-5627123       3     -0.69973      0.88724
R-HSA-9645135       3      0.78473     0.087042
R-HSA-9702518       5      0.69791     0.059312
R-HSA-9703648       4      0.33498      0.25144
R-HSA-5676594       3     -0.50994      0.81145
R-HSA-376172        3     -0.18448      0.62534
R-HSA-420597        2      0.15862      0.41125
R-HSA-1169092       2       0.3086      0.33126
R-HSA-2428933       2      0.95636     0.088109
R-HSA-6802953       3      0.22271      0.34984
R-HSA-5625970       3       1.3791    0.0084544
R-HSA-5625740       2      -1.4972      0.98289
R-HSA-5625900       4      0.10432      0.41736
R-HSA-5627117       3     -0.74392      0.90122
R-HSA-163765        2      0.76793      0.13874
R-HSA-196780        4       0.5394      0.14034
R-HSA-936964        2      0.45271      0.26101
R-HSA-427975        2       1.3992     0.023918
R-HSA-901032        2       1.1014     0.059669
R-HSA-3371599       3      0.31626      0.29192
R-HSA-9705677       2      0.44237      0.26578
R-HSA-5693554       2       1.6723    0.0090147
R-HSA-5693579       2       1.6723    0.0090147
R-HSA-9701192       2       1.6723    0.0090147
R-HSA-9704331       2       1.6723    0.0090147
R-HSA-9704646       2       1.6723    0.0090147
R-HSA-9709603       2       1.6723    0.0090147
R-HSA-2660826       2      0.99036     0.080669
R-HSA-8935964       2      0.98208     0.082435
R-HSA-9627069       2      0.95043     0.089455
R-HSA-1181150       4      0.31961      0.26134
R-HSA-1502540       2      0.55386      0.21673
R-HSA-2173788       3      0.53224       0.1783
R-HSA-3304356       2      0.55386      0.21673
R-HSA-3311021       2      0.55386      0.21673
R-HSA-3315487       2      0.55386      0.21673
R-HSA-3656532       2      0.55386      0.21673
R-HSA-8866904       2      0.63886      0.18313
R-HSA-9022707       2       1.8082    0.0052756
R-HSA-114516        2    -0.096523      0.55429
R-HSA-5099900       3     -0.14513      0.59924
R-HSA-76005         2    -0.096523      0.55429
R-HSA-8939246       2      0.69111      0.16419
R-HSA-1660514       2      -0.3725      0.70083
R-HSA-1660516       2     -0.31727      0.67317
R-HSA-1660517       2     -0.31727      0.67317
R-HSA-844455        2      0.43738       0.2681
R-HSA-111453        2      0.26979       0.3514
R-HSA-1606341       2     -0.32816      0.67871
R-HSA-3134975       2     -0.32816      0.67871
R-HSA-3270619       2     -0.32816      0.67871
